28497 17471 308
61260 3193 340
57048 11857 340
78213 2265 351
2166 89046 351
91688 54381 351
58330 36320 340
11510 75104 340
6825 58267 340
18831 95072 351
22243 7140 279
53158 74050 335
70852 29262 340
47164 24420 324
5303 17628 276
10721 36908 324
56567 89933 351
87188 67558 351
89763 34727 351
43065 73853 340
38965 60513 340
84452 33316 351
97571 89860 333
27797 70708 340
87853 61408 351
54085 10122 340
22388 85931 351
92604 34376 351
27105 82847 351
92272 16369 351
9427 49130 324
75133 98149 351
39584 22974 324
75524 36579 340
21575 16655 279
28823 91196 351
16061 39416 324
76813 62342 330
64503 45749 340
75224 82345 351
37987 2186 324
33559 92087 351
64956 54356 335
55934 37643 340
5254 42744 324
6748 40664 324
24990 50104 324
48795 22346 324
24381 51285 324
21190 8496 279
71699 69042 325
13782 68748 340
38143 17459 324
78276 73233 351
33050 51338 324
88130 34031 351
88250 7726 351
4141 56889 340
5852 5489 236
65054 50974 340
28689 25164 308
79307 39226 351
26586 28155 308
60485 99410 351
85693 70510 351
93584 24360 351
63415 4732 340
38637 62494 340
37743 55340 340
3551 39766 324
10865 16506 276
10185 67077 340
11743 38173 324
88063 55927 351
35972 97537 351
80092 41747 351
20580 41278 324
11055 85586 351
40129 43119 288
44322 8755 324
74828 71851 325
19406 70581 340
3778 46869 324
13073 66376 340
29877 27419 272
25338 36222 324
84319 28747 351
56378 61613 335
80997 37273 351
44414 46468 314
47902 50418 296
60736 31867 340
77473 67112 351
61020 49477 340
88141 23865 351
32013 6022 308
77023 51845 340
44994 64563 340
10171 21423 279
85693 75390 351
23515 48706 324
53072 52984 278
39317 63010 340
33914 63009 340
1219 12794 268
63166 18183 340
74780 30312 340
51312 12951 324
37348 30468 324
82992 22805 351
21479 24245 282
32204 352 308
73918 29569 340
78944 6823 351
96715 14574 351
96317 10982 351
83514 43471 351
33202 71109 340
70040 90076 351
99182 39215 351
14798 2874 276
87309 22960 351
35508 94636 351
78523 78659 201
71180 31185 340
85689 17349 351
55672 79834 351
76059 32493 340
81171 7370 351
31294 59711 340
11093 29479 308
74083 81251 351
94266 59902 351
4716 7726 262
46523 26458 324
44901 73093 340
83229 62152 351
58880 75357 335
57484 91968 351
71490 70027 325
66858 81535 351
451 88807 351
71366 77789 351
20229 10728 279
20642 5743 279
73861 85166 351
87663 27648 351
91679 74543 351
97368 725 351
30560 81338 351
73388 14090 340
9954 63833 340
40808 90155 351
13652 2539 276
90492 51978 351
93303 17053 351
42009 60100 340
48827 34932 324
21171 60193 340
55877 3492 340
4307 13454 276
68951 65907 312
11459 60974 340
16802 36003 324
65780 59399 335
29917 19638 308
77912 15684 351
36093 88538 351
3486 34216 308
20509 21827 256
6387 36564 324
11106 25135 282
18367 42602 324
52169 86496 351
91897 5477 351
37835 99985 351
22125 61808 340
33561 35837 324
30050 6974 308
80607 27313 351
76402 15708 340
72113 63894 325
48351 67853 340
97546 25462 351
40010 97317 351
89909 22458 351
7814 15433 276
62331 82147 351
12657 6251 268
96207 50621 351
36332 843 324
69477 38098 340
13614 77935 351
53699 62089 335
67661 43203 340
12545 64028 340
36895 75992 340
86635 55848 351

