50302 52582 340
889911 891511 339
126723 119317 336
82946 13622 351
905 45336 324
40 68277 340
886 98393 351
360 97529 351
611 21632 279
338 46769 324
745 102173 351 
192 12186 268
525 21154 279
653 3280 217
328 77785 351
398 105550 351
590 35720 324
903 55626 340
22 3828 238
445 9579 262
937 35237 311
40 106602 354
140 35978 324
13 32596 308
75 46961 324
819 85186 351
386 69455 340
286 75848 340
708 94722 351
3 3350 217
1 64045 340
8 23646 282
4 47417 324
4 79927 351
3 62450 340
1 34577 311
4 112094 354
9 80527 351
3 95908 351
9 17647 279
5 94795 351
8 30334 308
7 85809 351
7 85907 351
8 21151 279
7 19968 279
201987 203370 342
253617 255052 363
331284 339156 366
858861 859045 370
812164 813090 362
536201 536657 333
164284 164837 334
95974 99873 328
840205 840426 282
198416 199978 329
832078 833476 388
422125 424858 418
301343 301637 265
154264 158745 383
442647 446711 356
886081 886156 326
253606 254869 301
356372 357400 317
494754 497243 351
969250 970118 321
896868 900346 370
568996 571521 377
379588 381515 379
420541 420834 312
72424 72784 263
677082 678924 380
216024 220778 386
357104 358331 379
7333 72293 340
550417 551422 346
562162 564012 359
221986 224097 337
129972 131707 344
428266 429653 294
1 10 20
100 200 125
201 210 89
900 1000 174
1 1000 179
5 15 20
63 1 113
378850 382669 379
175797 184487 365
1245 12 182
12567 101247 351
981930 983038 383
91132 50689 351
44345 68607 340
69991 66288 312
15458 9832 276
47132 4488 324
61767 44644 340
49102 54207 340
85136 95594 333
37105 46062 314
80714 96859 333
859718 859136 295
1 1 1
56175 56175 198
816819 816820 207
723946 725386 362
43704 62795 340
553472 559784 421
559784 553472 421
12728 1735 268
100 200 125
200 300 128
300 400 144
400 500 142
100 500 144
500 499 111
24059 20384 282
23509 1230 279
1 2 2
103778 1 351
28603 33579 285
62000 7406 340
29460 107043 354
28551 30913 272
29847 28340 272
27144 20508 308
22811 74683 340
42821 75539 340
112852 17064 354
81473 31886 351
56318 28535 340
63944 105312 351
91866 18473 351
98631 87158 333
1 999 179
999 1000 112
99999 1 351
1 99999 351
103304 62804 351
74320 23296 340
102690 88650 341
39648 67508 340
2 2 2
49599 42106 314
105299 36715 351
10694 72958 340
65529 37444 340
91975 16569 351
107568 47750 354
484608 485886 320
32018 47537 324
51061 17518 324
94928 45576 351
66681 31058 340
65238 64217 299
85467 45684 351
1 20 21
1000 2000 182
2000 3000 217
2000 5000 238
2222 1111 182
62568 65250 330
103856 86403 341
81461 78566 338
58203 46770 340
62690 90060 351
37281 22801 324
81566 58588 351
35474 42368 324
87385 95258 333
101837 68366 351
81600 103000 341
73596 39491 340
26059 84855 351
37444 8055 324
76829 5703 340
47989 75984 340
71035 11153 340
2471 26049 282
52202 40447 314
70307 64861 312
44904 9937 324
54023 77341 351
23135 38339 324
20973 57111 340
72899 70814 325
20788 62069 340
66078 79525 351
92604 15167 351
56401 92018 351
32571 97813 351
88598 43225 351
34953 28601 311
57289 81238 351
78059 3549 351
57149 98662 351
98443 35815 351
17311 52209 324
