50 50 25
2 5 8
16 4 20
4 16 20
8 7 17
12 18 21
18 22 21
22 24 16
24 2 21
24 32 112
32 70 113
70 50 113
58 1 113
34 40 35
40 10 112
10 100 119
70 65 28
72 5 113
100 500 144
500 3 144
333 623 142
462 492 142
140 159 117
196 700 145
5103 234 238
44 88 116
88 123 119
900 10111 262
349 22 144
44 888 179
694 223 145
584 111 144
20001 10002 279
3585 2832 217
94 8000 262
493 784 171
28 4000 238
7000 6 262
4839 234 238
89 452 144
87 7584 262
4312 489 238
11 11121 268
4858 8839 262
3 7935 262
849 32 171
8060 8354 234
7462 7512 177
581 1 144
904 706 179
883 714 179
99 1384 182
2 888 179
90 12 116
543 2 144
48 100 119
700 341 145
858 2394 183
99 99 26
98 99 26
47 48 105
900 876 148
472 4892 238
8592 4723 262
4261 2134 238
4311 2228 238
859 111 171
2218 6384 262
1236 7192 262
83 5555 238
551 5512 238
3841 777 238
184 2384 183
8853 312 262
2385 121 183
186 891 179
823 242 171
447 774 171
882 228 179
553 335 142
996 669 179
887 778 179
3344 4433 238
770 9765 262
443 12 144
482 2 144
38 673 145
446 484 129
363 636 142
5858 2144 238
3858 2919 238
58 987 179
8493 244 262
859 124 171
423 235 144
29 17 112
5 9 20
9 13 20
23 5 21
12 1011 179
1101 12 179
8294 184 262
