1 10 20
1 1 1
10 1 20
22182 42782 324
4020 68682 340
90826 40197 351
6367 48898 324
92346 26094 351
60094 16593 340
78828 43826 351
81415 40452 351
66853 16343 340
50823 1837 324
91336 15809 351
77247 56908 351
70936 32906 340
2413 21943 279
6378 84488 351
14079 13551 258
72230 60075 335
77549 1357 351
29932 22626 308
13713 59722 340
85314 47088 351
48845 37208 314
37336 1408 324
36466 97751 351
16493 49026 324
4824 25871 282
91065 79277 333
14883 29765 308
27333 52740 340
23178 20753 269
25907 82223 351
31501 95291 351
20470 56917 340
71101 96673 351
17534 57177 340
12929 87508 351
76206 461 340
17431 21224 279
75502 5151 340
37498 61073 340
93409 58296 351
66383 58522 335
26678 25751 308
78773 69388 351
13231 48759 324
47644 55723 340
80126 29723 351
32163 94211 351
29156 21705 308
22576 87697 351
56695 69100 335
838316 839677 388
45912 145 324
30612 58883 340
7531 11300 268
65073 70836 312
85410 32659 351
83799 60307 351
92133 12236 351
33908 24537 308
4898 28117 308
96107 23483 351
58296 19276 340
31714 82052 351
10016 99544 351
48859 6017 324
22436 12052 279
38440 33690 324
81904 83369 320
93849 15168 351
80809 2596 351
32692 27990 285
33458 4245 308
19463 98607 351
28581 12523 308
68147 64620 312
32772 68596 340
73103 44436 340
58422 18265 340
70442 30639 340
85080 12221 351
68788 38461 340
98728 52886 351
91695 84036 333
36565 66325 340
59756 33609 340
28917 73784 340
34540 77120 351
95927 61880 351
3 12627 268
87951 68581 351
65061 69455 312
66365 56659 335
34051 68690 340
67688 89464 351
93643 71538 351
45192 39491 314
36590 14123 324
89342 53509 351
36073 23166 324
93451 82779 333
34752 19199 311
79658 17452 351
90340 91173 284
91906 90049 333
91567 91230 333
91123 91169 240
90427 91092 271
90368 90936 271
91631 90227 333
91699 90173 333
90155 91730 333
90267 91381 315
91353 91056 315
91506 90631 333
90293 91490 333
51914 50886 309
51407 51329 309
50628 50918 278
50658 51157 278
51973 51631 247
51024 50203 278
50401 51813 309
51477 50936 309
50695 50926 278
51869 51058 309
51892 50362 309
40469 41989 288
40449 40232 244
40995 40288 288
41046 40866 288
40289 41242 288
40081 40029 213
40068 41336 288
41613 40146 288
41628 41296 226
40819 40857 182
41553 40154 288
41862 41586 257
40919 40190 257
31925 30122 285
30538 30903 254
30313 30829 254
31207 30636 254
31761 30675 285
30095 30581 241
31439 30634 285
31284 31526 285
30649 30010 272
31697 31044 285
30208 31050 254
20252 21542 256
20110 21040 256
21599 20662 256
20195 20258 212
21561 20428 256
21627 20025 256
21374 21544 238
21834 20962 256
20497 20022 243
21148 20758 256
21924 20040 256
21181 21925 256
21910 20559 256
21404 20900 256
20782 20305 243
20921 21624 256
71768 71476 250
70739 71465 325
71254 71681 325
71196 71793 325
71873 71528 250
71681 71318 250
70828 70041 312
70724 70299 312
70096 71164 312
70959 70659 281
71360 70835 325
60850 61031 335
60008 61036 335
61175 60287 335
61146 60238 335
61564 61630 211
60249 61316 335
60757 60607 273
60362 61182 335
61566 61489 255
10650 10664 149
11382 10638 268
10132 10960 255
11074 11885 237
11250 11782 237
10669 10924 206
11560 10194 268
11963 10419 268
11227 11946 250
11857 10394 268
