1 10 20
100 200 125
201 210 89
900 1000 174
346457 355780 379
149425 149448 189
15205 59758 340
846306 847795 419
133084 134289 313
916101 916214 264
965830 966271 365
542728 542878 240
807557 808880 331
808512 808736 313
94141 94432 284
177180 182451 365
681806 682509 323
81475 111283 354
200767 201203 298
281840 283670 358
331134 334412 353
170803 180294 347
265712 265827 270
901283 902567 401
929607 929793 308
445448 445673 294
701012 701894 411
909657 909790 308
299397 300182 371
837077 837724 313
804398 805962 375
685641 686707 336
902196 902210 158
853864 854063 357
426956 429386 374
193963 196464 360
518158 522256 439
73201 84994 351
826773 827176 282
694550 694952 323
663361 664769 367
119342 122000 336
900279 900711 383
855957 856604 375
924098 924358 370
24732 29567 308
89134 113049 354
656668 662103 429
423202 423559 281
670800 678013 385
749512 750743 362
180822 184264 334
902454 902612 383
567781 568172 315
623081 623231 248
528187 529095 377
596907 599763 372
902385 905350 383
721901 723225 411
886327 886379 264
320113 322491 371
767636 768683 468
391231 391463 330
728532 728604 287
618093 620426 341
392716 392931 286
52526 96139 351
538959 539135 315
780262 780352 300
852347 852379 220
775429 775606 300
813627 813752 269
720891 722342 411
881753 881911 326
140414 141170 326
545333 550876 452
675412 679584 385
128952 131936 344
218176 222482 355
832261 832707 344
808180 808365 331
191096 191137 254
461783 466181 369
296348 299905 371
831977 832614 282
291908 294366 358
73961 83755 351
550557 550771 346
94938 98689 328
143879 148125 357
802050 803491 388
32524 90815 351
628450 629017 235
711327 711735 323
32237 105329 351
20004 75572 340
816998 817037 313
84152 86552 302
320289 322626 371
337625 339912 366
403566 404596 343
399663 401333 387
112561 112841 292
920774 921455 339
845445 847407 419
300093 300650 340
445908 453181 387
806811 806866 300
703370 704065 305
990081 990713 321
888341 889264 326
549930 550931 346
81215 102805 341
996279 996519 321
3457 94400 351
950655 951174 414
593196 597246 372
210586 211129 355
251845 254397 332
578848 579018 359
7794 85136 351
169333 169810 290
408802 410707 449
184334 184417 254
864165 864970 326
231673 236383 381
344767 355723 441
531970 533286 377
422188 424648 418
354685 358045 379
142779 144398 326
552128 552264 253
134925 135196 344
394762 399202 374
51071 82048 351
436783 436898 294
160270 161246 370
481525 482163 382
87794 112788 354
703562 703945 305
66740 75273 325
127724 130929 344
999320 999880 290
326301 331060 353
710218 711532 380
815499 815697 238
680745 683257 336
110528 110631 292
356157 358003 317
482490 483427 276
425995 426079 250
971638 971757 290
138252 138339 251
975964 976152 246
503715 503951 320
620753 620856 204
199586 199753 236
449875 451821 387
187854 188422 316
7233 41236 324
470456 476328 382
340771 349469 441
685380 686452 305
874492 874582 388
357938 358245 379
849897 850060 357
766424 768909 468
56559 73665 335
538078 538190 346
697383 698421 367
684468 686028 354
588718 588762 222
587629 588402 328
576085 577161 390
540703 540928 289
131360 132023 287
126731 129235 331
449341 453184 387
999573 999700 290
465513 465819 307
775151 775229 207
628318 629196 235
270779 272306 345
928827 929864 339
986144 991229 396
716645 716661 243
997606 997765 321
166103 168388 334
764796 764928 300
165557 165643 228
492986 492995 196
865921 868489 344
787969 788202 269
764787 764894 300
248024 254505 350
151303 151678 295
581099 581242 204
686700 687749 398
501235 502277 426
668071 668811 323
281750 284029 358
807432 809072 331
94682 104878 341
884965 886063 370
