1 10 20
100 200 125
201 210 89
900 1000 174
983222 983738 321
1378 61135 340
326427 335954 353
989870 989973 215
986444 987321 396
4528 50032 324
53782 68253 335
61409 106141 351
995416 996850 365
79741 93014 333
49583 97839 351
987618 990384 352
15604 72448 340
880053 880877 326
53950 75670 335
891229 899950 370
997993 998396 277
24044 91975 351
969311 971363 458
81431 92109 333
26317 100885 351
16874 86194 351
985122 990554 427
24869 100433 351
992962 995035 365
845201 845282 401
790901 793096 437
469882 471327 307
999626 999872 290
964564 966791 365
193502 199995 360
923133 923824 308
49533 63707 340
55269 112228 354
22849 51201 324
4993 5218 179
2425 49554 324
993417 995762 365
874726 881610 432
70986 92267 351
834369 834631 313
984725 986808 427
998469 998594 246
195567 195733 298
934191 934459 414
5394 60472 340
994903 996944 365
1373 108918 354
999037 999155 277
972273 972918 290
658419 662884 354
34100 81374 351
27854 56606 340
60915 91536 351
2564 25099 282
991310 991616 321
144783 145093 251
165121 167739 352
987817 987935 290
591436 600231 403
990293 991551 321
60987 88449 351
88130 110541 354
17721 26909 308
999358 999704 290
43943 86568 351
73080 79238 351
440386 443670 356
991396 991401 171
821124 821933 375
58609 89291 351
998305 998372 246
994386 996304 365
822581 823408 331
185261 185895 303
43715 85760 351
29641 97944 351
894357 900705 383
986169 987191 396
30696 62505 340
592313 595659 328
670140 678005 385
845672 846189 282
889985 898627 370
349036 349266 291
56590 97281 351
341539 353698 441
89900 97450 333
251336 253628 332
999695 999788 259
856423 856623 375
29176 89790 351
6148 37889 324
874870 882354 432
976611 977334 334
953860 954790 308
13064 89394 351
173741 183859 365
994032 995181 365
993970 996285 365
33653 75277 340
340172 348976 441
998019 998081 228
976763 977510 334
676462 680140 380
983474 983899 383
33259 95870 351
890387 899530 370
595703 595974 297
59562 100775 351
392167 392255 255
173062 177812 347
5601 19212 279
692721 694938 367
538630 539288 333
776926 776986 300
82098 110683 354
547504 547537 196
987292 987423 290
993381 996298 365
964364 965514 352
24754 110175 354
64318 90594 351
993324 996069 365
952066 952969 414
49614 64947 340
999755 999792 259
976353 976706 246
911802 912152 383
999288 999929 396
940645 943473 339
987236 989543 352
977647 978538 383
992115 995446 365
743436 747288 349
890509 897040 370
92780 101676 341
173615 178938 347
562416 562896 359
943872 944037 352
1142 62073 340
18447 22179 274
37772 107318 354
116155 133593 344
58404 71224 335
33030 38010 324
994767 996954 365
