1 10 20
100 200 125
201 210 89
900 1000 174
999998 999999 259
1 100 119
100 1000 179
1 1 1
1000 10000 262
15 25 24
60 70 108
2 1 2
999999 999998 259
100 300 128
200 300 128
13576 80047 351
44570 14792 324
16324 1608 276
54291 79237 351
20470 68821 340
84825 40212 351
28431 43312 324
29054 50773 324
53743 12768 340
5789 12147 268
21947 67238 340
86864 54932 351
83199 3299 351
10113 95472 351
37088 1495 324
23101 59020 340
48145 19720 324
25986 47409 324
71894 37701 340
26708 95908 351
77627 74840 351
33440 76234 340
70589 78993 351
3215 88569 351
73610 6856 340
79879 92257 333
94508 27082 351
96409 12328 351
22101 80278 351
81980 65213 351
2524 9082 262
84670 42788 351
56684 10222 340
23953 33963 308
82009 94888 333
13331 55711 340
12731 51585 324
56653 66022 335
5241 28204 308
31546 44434 324
76304 14922 340
14202 79596 351
44429 2701 324
40760 3278 324
25887 44470 324
67612 512 340
12370 47964 324
5412 33727 308
27457 88108 351
83386 38836 351
33342 76392 340
49788 76523 340
78789 48039 351
48309 728 324
87794 76542 351
70775 40961 340
82289 89340 333
23990 2552 282
37469 88528 351
43152 71901 340
36503 34604 324
62231 89662 351
31877 19542 308
98355 66914 351
77332 76436 351
74499 27761 340
25113 53011 340
1527 27240 308
27075 20434 308
57155 29544 340
30236 51478 324
28188 37757 324
11465 67636 340
78439 76193 351
32300 46900 324
12586 78276 351
39435 70373 340
93873 31580 351
40456 32573 324
17679 78000 351
75570 28845 340
68821 41471 340
55523 89951 351
92339 79810 333
25807 74344 340
65911 22709 340
31419 60504 340
10302 27906 308
69815 38111 340
1732 72746 340
99126 31376 351
1202 9309 262
37776 63737 340
15129 27823 308
44960 40952 288
31502 74716 340
42653 72568 340
45114 83076 351
76948 30406 340
12601 63202 340
45590 19742 324
12040 98556 351
14078 12965 276
98932 41811 351
7996 1258 262
94184 44742 351
83381 35832 351
26355 9315 282
29709 16821 308
85447 20749 351
22103 71464 340
81398 81373 183
5508 17721 279
55435 71700 335
31260 71364 340
10868 91397 351
94060 29441 351
12395 23493 279
17533 37447 324
90034 80649 333
56760 7122 340
35053 18159 311
35362 45496 324
31077 75553 340
65328 71890 325
86341 87515 333
44566 69070 340
18106 85632 351
19326 89836 351
87272 43883 351
92228 34580 351
40290 52748 340
58827 67198 335
41957 24539 324
8358 51148 324
30750 39252 324
31572 47700 324
14727 55754 340
30436 76906 340
59693 78592 351
88408 40425 351
86447 71905 351
46232 50570 314
59019 71464 335
62519 62699 255
92495 38811 351
24249 59429 340
24565 56171 340
18361 38346 324
28940 4 308
