7005 7047 195
1172 1179 120
1487 1780 180
7535 8484 252
5153 6167 236
2928 3328 199
1757 2887 209
541 618 137
643 702 145
7406 7578 239
6087 6902 262
2676 3201 217
9583 9879 211
3591 4924 238
4882 5023 210
5102 5381 192
2726 3185 217
4468 5533 210
6173 7704 257
9569 9570 79
3325 4406 238
1271 1391 177
6043 7370 262
4836 5092 210
8854 9576 260
920 1072 174
3020 4403 238
1455 2796 209
4768 5840 236
9818 10296 242
5120 6300 262
6808 7205 257
4432 5731 236
3861 4452 215
5494 6047 236
2630 3414 217
8276 8970 247
7278 7513 239
6646 6863 182
5103 5846 236
66 748 171
774 1878 182
851 2749 209
4420 4503 184
512 1054 179
575 901 179
5682 6025 218
558 1512 182
3703 4059 238
521 581 137
72487 74498 294
75538 76194 307
19841 22907 274
44575 47832 314
82030 83192 320
65260 68865 312
59769 64664 335
5370 6770 262
33748 35457 311
66927 69135 312
87589 88860 333
53328 53336 185
3990 4259 202
44033 49250 314
6158 7154 262
54006 55379 260
23407 28568 308
49941 52871 340
14719 19387 279
54235 59035 322
17718 17771 186
12444 14091 276
77262 79877 338
51619 54722 340
46663 48838 314
36661 37828 306
58626 60000 304
90174 94650 333
76825 77357 351
26209 26689 308
88997 90689 315
70518 72708 325
12569 13517 276
34754 35036 218
18356 18515 261
5467 6406 262
89245 92398 333
83545 88211 333
48085 48588 252
66327 68916 312
7146 7394 208
74904 75030 307
39910 42679 306
69390 71099 312
86400 89653 333
45607 46008 239
47339 49015 296
49037 51615 309
58140 58543 273
76734 78641 351
442803 443744 325
411985 413362 343
342848 343136 273
25803 26074 233
62425 62862 286
285705 286875 314
993565 995891 365
496922 496989 245
511222 511280 214
342930 343200 273
260902 262558 332
578252 578466 341
228702 230660 443
434110 435873 356
315968 317614 353
964834 966555 365
659043 661399 354
520807 522939 364
307595 308757 371
398327 401884 387
313705 317079 353
143041 144190 282
674291 678380 385
879876 881168 344
897616 900632 383
548693 549930 333
287362 288035 296
83844 86066 320
262445 264280 407
323813 326716 384
146402 146993 357
942997 944324 352
680759 682601 336
565446 566348 284
798571 799084 375
409121 414187 449
595972 604007 403
145754 148613 357
10653 17205 276
10905 13391 276
513164 513857 333
341277 345251 353
73837 77295 351
169463 169997 290
8001 8640 234
457804 458075 263
263718 263791 270
510990 514223 470
136405 137372 331
593970 597312 372
395292 399282 374
33149 35916 324
47027 48657 314
293761 296505 358
175775 178834 347
362561 362693 273
141360 142868 375
166126 169478 334
66581 81550 351
213950 226743 386
596163 597211 372
226805 234605 443
682546 684276 380
94234 96748 328
17776 23186 274
986585 987828 396
470411 474897 382
690116 690870 336
421517 424329 418
534899 535114 302
56089 57062 322
395576 398009 330
62697 69614 330
701974 703555 380
682669 685252 380
61111 65440 330
139837 146011 375
19908 25871 282
20938 20994 163
434346 434619 325
59681 68601 335
264460 265847 332
63602 66993 299
96873 98430 297
568435 572478 377
142459 144330 375
799383 800637 375
172360 181878 365
443307 446298 338
254 4996 238
371730 375554 361
50138 54142 340
43148 43692 226
7757 20026 279
77676 77897 245
802590 802927 282
907517 907595 233
185259 185580 303
333952 336043 322
164196 169377 352
