1 1 1
1 2 2
1 3 8
1 4 8
1 5 8
1 6 9
1 7 17
1 8 17
1 9 20
1 10 20
1 11 20
1 12 20
1 13 20
1 14 20
1 15 20
1 16 20
1 17 20
1 18 21
1 19 21
1 20 21
1 21 21
1 22 21
1 23 21
1 24 21
1 25 24
1 26 24
1 27 112
1 28 112
1 29 112
1 30 112
1 31 112
1 32 112
1 33 112
1 34 112
1 35 112
1 36 112
1 37 112
1 38 112
1 39 112
1 40 112
1 41 112
1 42 112
1 43 112
1 44 112
1 45 112
1 46 112
1 47 112
1 48 112
1 49 112
1 50 112
1 51 112
1 52 112
1 53 112
1 54 113
1 55 113
1 56 113
1 57 113
1 58 113
1 59 113
1 60 113
1 61 113
1 62 113
1 63 113
1 64 113
1 65 113
1 66 113
1 67 113
1 68 113
1 69 113
1 70 113
1 71 113
1 72 113
1 73 116
1 74 116
1 75 116
1 76 116
1 77 116
1 78 116
1 79 116
1 80 116
1 81 116
1 82 116
1 83 116
1 84 116
1 85 116
1 86 116
1 87 116
1 88 116
1 89 116
1 90 116
1 91 116
1 92 116
1 93 116
1 94 116
1 95 116
1 96 116
1 97 119
1 98 119
1 99 119
1 100 119
1 101 119
1 102 119
1 103 119
1 104 119
1 105 119
1 106 119
1 107 119
1 108 119
1 109 119
1 110 119
1 111 119
1 112 119
1 113 119
1 114 119
1 115 119
1 116 119
1 117 119
1 118 119
1 119 119
1 120 119
1 121 119
1 122 119
1 123 119
1 124 119
1 125 119
1 126 119
1 127 119
1 128 119
1 129 122
1 130 122
1 131 122
1 132 122
1 133 122
1 134 122
1 135 122
1 136 122
1 137 122
1 138 122
1 139 122
1 140 122
1 141 122
1 142 122
1 143 122
1 144 122
1 145 122
1 146 122
1 147 122
1 148 122
1 149 122
1 150 122
1 151 122
1 152 122
1 153 122
1 154 122
1 155 122
1 156 122
1 157 122
1 158 122
1 159 122
1 160 122
1 161 122
1 162 122
1 163 122
1 164 122
1 165 122
1 166 122
1 167 122
1 168 122
1 169 122
1 170 122
1 171 125
1 172 125
1 173 125
1 174 125
1 175 125
1 176 125
1 177 125
1 178 125
1 179 125
1 180 125
1 181 125
1 182 125
1 183 125
1 184 125
1 185 125
1 186 125
1 187 125
1 188 125
1 189 125
1 190 125
1 191 125
1 192 125
1 193 125
1 194 125
1 195 125
1 196 125
1 197 125
1 198 125
1 199 125
1 200 125
