1 10 20
100 200 125
201 210 89
900 1000 174
1 1 1
97761 25021 351
54043 20805 340
71698 63429 325
42716 30161 324
47853 19026 324
68277 65259 312
88611 74852 351
36947 64646 340
83438 84702 320
82692 69037 351
34315 14369 311
94235 93500 284
62847 65610 330
990 82868 351
10076 89812 351
65616 20124 340
21941 28036 308
43817 38869 306
76898 82988 351
7980 43645 324
13596 37258 324
13781 18473 279
32853 7299 308
41142 17536 324
2706 61357 340
97032 26566 351
48325 64878 340
98777 26248 351
94475 78467 338
8681 97438 351
14557 65245 340
53600 37569 340
86536 82583 320
1260 54581 340
83403 14923 351
33936 33681 267
63495 85664 351
77609 33473 351
82269 80217 320
79927 67292 351
47088 69539 340
57364 25499 340
14213 71705 340
58234 96438 351
50857 16573 324
29568 33266 285
72597 65751 325
75523 36965 340
62179 93385 351
20624 63085 340
78244 92029 338
19293 57247 340
88313 86749 333
49583 34847 324
90436 35670 351
17750 9808 279
59753 25525 340
10303 60649 340
62974 48085 340
18106 55152 340
54576 57346 322
85192 32473 351
22549 73640 340
88330 87984 333
35322 21220 311
75358 24157 340
75044 66029 325
71464 93708 351
2451 40561 324
33189 22808 308
94448 45041 351
61050 81989 351
47344 34024 324
27251 22390 308
83345 90363 333
57873 97906 351
46055 56239 340
4920 67999 340
9499 64314 340
67225 14495 340
81755 34813 351
13913 84554 351
44952 34679 324
81245 94263 333
82443 3341 351
87177 69912 351
34300 17477 311
59213 56001 322
62699 33937 340
25129 35860 324
32688 57817 340
48541 16207 324
1376 14998 276
97172 48904 351
18489 45731 324
80630 66938 351
8607 49643 324
92719 29621 351
61350 69870 330
17400 34743 311
54167 15492 340
46782 31904 324
15832 97273 351
94550 25299 351
72680 72646 219
18717 59371 340
3474 47755 324
38147 79718 351
34973 52347 324
80978 81854 320
79441 96563 333
13130 35038 311
95340 41987 351
67569 43169 340
31880 6342 308
94268 94696 315
12472 97028 351
35492 23822 311
83927 60524 351
21317 45064 324
10745 99766 351
16697 56948 340
72465 93855 351
13145 16687 276
35443 55934 340
81810 4766 351
12036 30951 308
99731 73969 351
75356 55494 335
4701 47801 324
84571 50310 351
37934 21313 324
73785 41668 340
94025 16510 351
37129 50186 314
8243 82417 351
21137 97180 351
671 68569 340
77284 45726 351
71067 67356 312
69828 3443 340
10007 9339 242
41706 79759 351
48364 67140 340
4176 35664 324
27025 61358 340
68066 27304 340
21763 30493 308
70738 34788 340
64317 91070 351
