1234 5678 238
3421 1234 217
1500 2500 209
86445 23842 351
1 1 1
10 9000 262
72 4234 238
99 55 119
2000 3000 217
2500 1500 209
15000 13000 276
23 4243 238
12 43 112
123 7632 262
120 32452 308
634 23 144
763 35732 324
53235 63425 335
23452 56323 340
2342 6346 262
5346 3223 238
234 645 144
234 535 144
100 200 125
200 2000 182
7 9 20
5 9 20
234 753 171
654 234 145
6321 5342 262
325 7453 262
562 634 132
333 555 142
300 400 144
3 4 8
30 40 107
54 85 116
47 45 105
145 241 128
2241 5548 238
551 669 145
666 1337 182
420 6969 262
245 845 171
545 545 44
555 666 145
666 666 114
222 222 71
444 568 142
4885 645 238
622 987 179
632 333 142
335 555 142
222 444 144
888 777 179
111 9999 262
666 6969 262
874 556 179
221 221 115
223 224 71
818 181 171
154 1 122
1 11 20
55 55 113
44 44 17
77 77 23
5555 5555 130
666 666 114
777 889 179
784 5698 238
5141 5448 192
474 5454 238
410 341 126
8888 9999 260
4474 5112 210
548 7748 262
6652 4458 262
5478 6621 262
8587 5145 262
5214 6541 262
2225 1111 183
5444 5555 205
2244 5988 238
5544 6644 262
5587 6647 262
2654 8874 262
5568 7741 262
11 12 15
574 5224 238
2144 6840 262
10 440 144
450 8712 262
5870 142 238
2541 4551 238
1775 8987 262
5548 6645 262
1578 6974 262
547 8565 262
547 877 179
568 547 137
547 8774 262
