62742 67164 330
98352 67113 351
68233 74709 325
80382 91514 333
34342 27680 311
13897 15186 271
24563 15365 282
99999 99999 227
33488 23934 308
58919 10513 340
87463 41215 351
1498 98302 351
55571 56767 322
27883 6608 308
88481 1503 351
42381 95036 351
7075 72332 340
23983 30531 308
87432 21329 351
89191 17212 351
76567 8229 340
95386 92784 328
38248 55588 340
38026 34783 324
49183 39292 314
13820 47456 324
7909 20926 279
3077 1669 217
10 10 7
73189 85972 351
94066 50141 351
54528 5906 340
51344 27059 324
91374 35685 351
47390 97171 351
38898 82440 351
10669 3565 262
90136 37941 351
85136 64850 351
24045 56472 340
3494 75835 340
39835 27647 324
99970 96362 328
95328 23406 351
32051 46344 324
52746 35536 340
95541 47213 351
62865 6151 340
35443 50141 324
91153 49060 351
73334 72240 294
83554 29682 351
78703 41418 351
19029 16333 279
93757 63721 351
55918 70864 335
52220 84030 351
76793 9644 340
62410 83762 351
87530 32372 351
53879 82985 351
4373 68693 340
49480 25188 324
2278 66340 340
9032 75712 340
81727 77807 338
12652 39708 324
17548 67221 340
62529 86169 351
41251 52721 340
79509 90010 333
14045 81 276
85246 37194 351
96940 4646 351
13163 80476 351
75577 13172 340
77317 94894 338
55003 51881 340
85793 70407 351
74357 6603 340
89573 3423 351
91212 67913 351
96212 83358 333
56515 12307 340
41720 64348 340
57942 2886 340
13451 67688 340
7728 98175 351
44034 12356 324
128 128 8
40201 33489 324
42583 42125 288
83103 82642 320
62129 37209 340
84687 36207 351
14898 53625 340
62896 90624 351
23069 57726 340
52621 24183 340
8993 80376 351
33725 13105 308
77159 93017 338
49281 61935 340
14868 84056 351
70489 81758 351
64219 96657 351
77155 9426 351
16963 78697 351
66225 95890 351
99791 51824 351
30309 49996 324
93616 67135 351
48332 22153 324
74244 75873 325
67925 55067 335
61192 82350 351
3045 3045 36
77133 25427 351
11458 13074 263
34104 24688 308
55716 30541 340
40301 61233 340
99613 67763 351
35886 84876 351
69602 78643 351
39363 62903 340
94728 94728 191
94548 74677 351
43794 80707 351
10862 53757 340
43613 50184 314
12590 83500 351
5785 20315 279
43837 1573 324
97734 86429 333
7933 2221 262
25999 88109 351
90382 2508 351
44736 75518 340
27452 85616 351
47871 39203 314
61769 94736 351
7177 16678 276
68403 37006 340
37834 31448 324
53217 16694 340
95223 48546 351
65039 54339 335
60300 45275 340
5076 15553 276
71293 63570 312
82540 36429 351
7579 70315 340
16103 54616 340
25958 33703 308
1 1 1
2 2 2
3 3 8
4 4 3
5 5 6
6 6 9
