1 10 20
100 200 125
201 210 89
900 1000 174
1 1 1
20 20 8
8293 2783 262
122 123 47
456 1298 182
1234 5678 238
39847 12987 324
1 250 128
4092 8923 262
13987 3789 276
12987 34500 311
777 444 171
1247 9183 262
12389 12938 263
1 12 20
21 1 21
12 1 20
90 100 119
3489 1039 217
2938 4358 238
40 50 110
23 23 16
20 19 21
2309 2308 33
102 239 128
239 4793 238
1094 2039 182
5609 5894 218
120 390 144
230 2309 183
18 120 119
20 88 116
283 209 128
375 376 108
820 2348 183
183 102 125
2380 2384 77
129 389 144
324 472 144
3294 2948 199
19 190 125
28 380 144
2374 239 183
23 2938 217
3 299 128
320 398 144
3 10 20
3458 2304 217
20 200 125
234 2098 182
489 1000 179
28 2873 209
475 579 142
20 46 112
4 7 17
47 48 105
48 47 105
500 1000 179
300 1000 179
200 1000 179
209 2093 182
357 2904 209
4289 1200 238
80 81 23
81 8 116
1892 21894 279
108 1298 182
2049 4098 238
182 10 125
2 4 8
4 8 17
8 16 20
16 32 112
20 2039 182
2348 20 183
238 3849 238
20 202 125
357 398 121
238 209 128
8095 2380 262
3459 3048 199
27 20 112
50 380 144
304 3045 217
28 302 128
374 570 142
3458 3805 238
109 1290 182
124 1793 182
3250 1093 217
345 1029 179
358 2093 182
23 23 16
250 389 144
357 1093 179
21 402 144
3480 8752 262
298 2352 183
