25150 25716 264
19674 15205 279
83113 81976 320
26334 51668 324
34885 3708 311
70125 15938 340
53921 48032 340
89320 93607 333
63615 5966 340
37881 41806 306
82888 19286 351
39267 17419 324
16829 39397 324
48225 14286 324
87402 86437 333
71952 33397 340
79208 62791 351
86742 56992 351
14018 58895 340
11508 93707 351
48645 58402 340
82874 95731 333
2400 79257 351
99279 25074 351
65603 99168 351
23515 59725 340
25154 74145 340
99541 32533 351
24649 32740 308
83784 79459 320
74182 98673 351
16673 17885 279
34814 38221 324
7689 50354 324
71172 69870 312
72147 71687 250
19893 23335 269
32177 65773 340
43158 49578 314
1394 99119 351
91447 50359 351
6456 8589 257
53367 52341 340
15131 48135 324
29597 95768 351
5878 84548 351
22244 59225 340
67606 57384 335
93487 85828 333
93308 40026 351
97742 74388 351
65307 57399 335
930 54282 340
36111 53461 340
98015 49538 351
38668 69570 340
60323 36503 340
67122 15329 340
53464 80724 351
96801 90426 333
82588 33060 351
46975 58152 340
33607 36680 324
69920 2762 340
61013 18983 340
84445 34400 351
28647 88769 351
47163 15935 324
2166 38797 324
45111 6006 324
67404 93422 351
11691 46624 324
3978 81856 351
83341 42915 351
13842 87826 351
63036 37657 340
22484 48143 324
48622 84578 351
15662 97063 351
11287 62601 340
66483 39817 340
54108 28695 340
73216 86392 351
91328 19230 351
82233 63105 351
82606 82235 307
1056 89688 351
47892 94294 351
12457 16517 276
57687 69269 335
32139 13990 308
4135 10843 262
99715 14613 351
81850 18983 351
83179 62301 351
23075 9377 279
75577 79296 351
62675 30305 340
43550 10318 324
82441 68221 351
17092 58562 340
44726 94605 351
8959 44330 324
61466 77707 351
24214 4123 282
74289 69537 325
39467 31642 324
65583 8615 340
48224 38816 314
68702 94105 351
84772 52450 351
89246 93364 333
25903 96772 351
61277 3410 340
15831 59070 340
29400 20299 308
5151 21128 279
8003 67509 340
29088 52421 324
88284 18198 351
9889 68211 340
36144 67709 340
96499 49863 351
22552 42397 324
53927 2988 340
71380 70864 325
72847 64743 325
47788 54596 340
97777 68290 351
95452 3711 351
79423 70716 351
82179 27380 351
67278 22567 340
54459 18066 340
697 97078 351
23732 88888 351
97617 3243 351
22442 27322 308
68617 29127 340
90238 33297 351
68355 84295 351
64192 84698 351
7094 78976 351
66880 15040 340
58488 88960 351
16784 73850 340
1835 88115 351
40118 59519 340
38873 11533 324
46281 69426 340
