177992 183589 365
941752 943825 339
93343 99480 328
20865 54679 340
798098 799579 375
245639 245971 288
771038 772966 393
150029 150610 339
1232 110338 354
853673 854177 357
593738 599189 372
22861 102633 351
53504 94619 351
996241 996436 290
373398 373855 348
913387 916393 370
50241 95803 351
897136 897955 339
277389 279024 389
41950 43868 288
459946 461800 444
275096 275210 314
618972 620456 341
240277 241047 368
33483 33877 267
455761 457925 356
489782 489938 276
447157 447274 263
745846 746974 287
909715 909806 308
771132 773580 393
266486 268557 345
778452 779702 331
7238 24070 282
734892 736132 424
260665 268281 407
215855 218905 386
790752 791983 344
65482 103620 351
419136 419542 281
557422 558618 315
388702 388706 149
420090 420129 281
388575 388693 299
805554 806110 375
553091 553355 284
463774 464803 338
46348 101978 351
712094 712925 411
38672 81797 351
677115 678011 336
297832 297907 296
188277 190204 360
664258 664460 292
419038 419802 281
313165 316254 340
262916 266909 407
517451 518486 333
90805 108434 354
765796 769324 468
95796 105453 341
599424 602493 403
225924 226340 293
629413 629505 279
391749 392810 330
157182 159058 339
547133 550244 377
300430 301030 340
14781 62532 340
281467 281842 327
547103 549034 377
666320 666845 292
70975 104652 351
20196 95112 351
199456 199911 298
183310 183932 241
457390 458613 338
820277 820729 313
653683 654085 385
190983 191096 223
487729 487956 338
813099 813134 282
595415 596560 372
806119 806155 269
744855 744983 243
110417 111915 323
358883 360082 348
945608 945765 277
372671 374508 348
887432 889444 401
506972 508151 382
533881 534870 346
508310 509548 377
57171 65369 335
99873 109808 354
957502 957614 264
116089 133263 344
173653 183650 365
578251 579194 359
439967 446527 356
796033 796286 468
937964 938478 445
324073 331867 384
172933 178237 347
363447 363452 211
827462 827573 419
675886 680015 385
850891 851024 357
746407 746926 287
299657 301716 371
89544 96212 333
399038 401754 387
597690 600025 372
651662 653161 354
255653 258037 345
106940 108608 323
869495 869868 357
506984 507616 333
155156 159478 383
859394 859526 220
877605 878942 357
370188 372701 348
489570 491562 320
350040 356666 379
241242 241352 275
532565 534677 377
324674 335658 353
94410 104163 341
37824 82757 351
811075 811366 287
678168 679608 380
516368 516375 183
57596 105309 351
448763 453430 387
72257 92781 351
581298 581352 284
722037 723939 411
712645 713111 411
86631 91025 333
389392 392461 361
189140 190318 360
947935 951065 414
256424 257816 345
626319 626328 204
669181 669869 292
892737 896572 370
217443 223991 355
785858 785867 300
466955 466964 126
804532 805795 375
429082 429971 281
716047 716455 380
326604 333744 353
896525 900854 401
147679 149655 326
288155 288266 252
504833 509288 382
352864 354127 335
377926 377993 255
263974 267878 345
698660 698681 199
996296 996886 352
475743 476558 307
120035 130927 344
803184 803304 238
429498 430237 312
783589 784607 331
215624 223551 386
726989 728351 318
997980 998123 228
172634 177725 347
737841 737902 318
941051 942674 339
303518 305786 340
286399 286782 314
227830 231232 443
792636 793754 437
150158 151118 339
111901 112708 323
233360 236244 381
666370 667048 323
647363 647455 292
944560 944609 238
438637 448283 400
22235 60099 340
801714 802465 406
603358 603652 266
708358 708816 349
350151 355855 379
605788 606338 328
590928 600234 403
168330 169797 334
644133 644904 279
43872 74570 340
232592 234879 381
351208 354794 379
68009 76196 325
685274 685780 349
304182 305817 309
630993 631160 279
