48686 49235 296
22034 80317 351
99155 3038 351
591863 601066 403
88026 71676 351
68979 91186 351
448799 438733 369
20341 195 279
296934 293366 358
182727 182194 316
129295 133208 344
590394 598880 403
9266 96303 351
462781 464089 325
50774 58330 340
2747 49242 324
43791 60707 340
42887 19994 324
41429 6616 324
297159 301391 371
912843 916473 370
81611 70280 351
175306 179256 347
27240 25749 308
8398 99730 351
101190 47312 351
116826 126255 336
444377 441792 356
95910 112250 354
76071 57629 335
10628 112456 354
40790 55180 340
199743 195576 329
91116 5553 351
47933 102773 351
3069 21621 279
300805 291776 371
232962 231779 337
514586 511571 470
29205 7060 308
782711 782583 331
33417 71280 340
978421 978423 202
111843 4725 354
63139 55156 335
423714 423465 418
105371 37382 351
8504 104180 351
6986 20334 279
99865 11321 351
54615 24899 340
935436 936066 414
104597 60598 351
28241 57418 340
36458 60217 340
89838 39077 351
1502 58146 340
16401 58692 340
67691 81895 351
96587 44887 351
67404 87970 351
93095 110550 354
349861 343370 441
338718 332477 366
69872 93534 351
23592 10169 282
918069 917377 339
557220 555629 359
33982 34446 311
551041 546363 452
45645 13755 324
48132 20864 324
253054 249181 332
26551 96467 351
31037 102668 351
87069 76136 351
64826 6216 340
115502 116546 349
215065 217331 386
125719 113833 349
296357 301507 371
1985 72416 340
371208 370071 392
63318 10040 340
35090 75358 340
7145 4801 262
130431 130248 225
102408 44503 351
192130 195471 360
63649 50425 340
109392 25137 354
42381 9118 324
856611 855898 375
48425 17569 324
83280 18911 351
6403 65110 340
53041 54056 322
78952 96976 333
470777 473266 338
109898 50567 354
634928 632242 354
91337 15805 351
112726 34108 354
89423 86184 333
703466 704290 305
68745 7933 340
588158 585079 359
102600 23020 351
763341 760314 380
47014 32294 324
17517 60296 340
7301 95649 351
109809 50954 354
469687 469493 338
50662 27400 324
260583 262183 332
92198 93816 315
53977 7945 340
234088 236907 381
183177 175579 365
894046 896833 370
103416 69146 351
300480 297330 371
97822 78655 338
15464 15581 222
3791 87409 351
86289 7231 351
657569 661325 398
57931 17606 340
68531 73356 325
13926 84637 351
55316 15913 340
18982 106406 354
439944 444373 356
664847 656960 398
38624 1147 324
936588 936675 233
458097 456190 356
54324 93453 351
70233 89807 351
106791 6092 354
87645 36374 351
101308 12628 351
76231 79425 351
111410 81436 354
55813 50730 340
90017 13018 351
103282 70322 351
19306 19059 212
41867 19747 324
178315 177071 347
80194 103433 341
20683 46050 324
67404 16068 340
61672 9689 340
20286 101267 351
23339 77330 351
318232 314046 353
60455 42635 340
34122 18546 308
105856 58667 351
105762 59170 351
144840 141561 375
77373 10197 351
49245 40502 314
64033 59351 335
4999 50954 324
62499 591 340
108739 69889 354
112225 72315 354
15162 43264 324
405668 406189 361
94682 77596 338
36917 27664 324
765351 766112 331
101858 99986 341
110129 109039 310
50900 15688 324
101376 18604 351
81693 103120 341
7404 50785 324
107267 83714 354
39908 108340 354
760749 760380 380
61084 84099 351
117032 133941 344
327013 328901 322
969532 971742 458
54229 101000 351
111497 103115 354
599304 591709 403
90389 48998 351
41792 91719 351
39154 76341 340
899779 900188 370
138449 148329 375
164719 164657 197
110593 83016 354
22228 62115 340
26494 20132 282
