886208 886554 357
565248 566718 359
318976 319654 322
612048 612966 310
669922 680299 385
430762 431898 325
814440 815870 357
480482 483590 382
553472 559784 421
955592 956923 352
161440 161534 215
803872 806275 375
170076 184488 365
931458 931998 277
226768 239230 443
276736 280574 389
968640 969211 352
426208 430504 374
566720 567064 359
538272 539418 333
946944 951432 414
358346 358846 348
955592 956923 352
656416 665066 429
687872 688552 261
769642 774621 393
524288 525158 364
485888 487038 382
540544 542958 364
934944 937598 414
882816 884158 370
927212 930042 383
466992 477792 413
796776 803870 406
161440 161534 215
387312 388718 330
485888 487038 382
612968 620970 447
360362 363238 366
849410 850078 357
479484 480480 351
655360 655960 385
868992 870170 388
983040 983939 383
803872 806275 375
437308 453531 400
545184 552294 452
276736 280574 389
566720 567064 359
287004 288614 389
565248 566718 359
978944 980382 334
852415 854190 357
859136 859718 295
957212 957630 352
646143 647848 323
736394 736446 287
487040 488166 382
807408 809128 331
242160 242302 213
932000 932064 277
775788 777434 393
639312 640640 354
538272 539418 333
358848 360360 348
726058 726477 318
580968 581501 328
239232 242158 368
997024 997373 352
606848 608110 341
287004 288614 389
654572 654618 248
704624 713574 411
623296 626330 385
906176 907063 370
666112 667374 323
630528 631294 310
907072 907610 326
655360 655960 385
850599 851226 357
667376 669920 336
919452 919517 264
803872 806275 375
574008 574346 315
829088 830203 375
583080 588542 434
699050 700486 367
937600 939496 445
363240 363454 211
388720 392958 436
748032 748200 318
340152 358344 441
968640 969211 352
504058 510225 382
780736 781950 362
971776 974077 383
415104 419838 387
695068 698592 367
502442 504056 333
850599 851226 357
665216 666110 398
796776 803870 406
647850 649384 385
748032 748200 318
322880 323069 216
403140 405406 343
861012 861520 313
840704 841725 344
631296 637056 416
287004 288614 389
302356 306022 340
796776 803870 406
523946 524286 271
932000 932064 277
654192 654570 292
647850 649384 385
713576 716688 380
640642 645755 416
931458 931998 277
516416 516890 289
290752 302353 371
968640 969211 352
403140 405406 343
437308 453531 400
997824 999166 396
810816 814438 375
604714 606846 341
669922 680299 385
723946 725386 362
565248 566718 359
161536 170074 352
927004 927210 308
934944 937598 414
874616 874618 158
919452 919517 264
951434 955584 414
387312 388718 330
687872 688552 261
138368 151176 375
258208 268757 407
479484 480480 351
932000 932064 277
646143 647848 323
387312 388718 330
850080 850595 357
983943 983946 153
827962 828442 282
654192 654570 292
725388 726056 305
405408 408029 361
884160 886206 370
655360 655960 385
889834 901118 401
728832 730558 380
647850 649384 385
932066 933981 370
927212 930042 383
239232 242158 368
567066 568273 359
453536 459034 356
376832 378042 361
971776 974077 383
646143 647848 323
991936 997022 365
649386 650888 341
927212 930042 383
666112 667374 323
437308 453531 400
213104 226765 386
833776 837798 344
849410 850078 357
459036 459758 307
872256 872760 326
287004 288614 389
978944 980382 334
239232 242158 368
969215 971773 458
622656 623294 310
757700 763674 380
687872 688552 261
626332 629758 341
967184 968635 321
544544 544858 315
750832 753661 424
944640 945434 352
415104 419838 387
405408 408029 361
780736 781950 362
967184 968635 321
579328 580966 328
827962 828442 282
538272 539418 333
861012 861520 313
748032 748200 318
931458 931998 277
872256 872760 326
466992 477792 413
134380 138366 344
713576 716688 380
