1 10 20
100 200 125
201 210 89
900 1000 174
94761 54410 351
62661 27177 340
75253 95487 351
15227 93156 351
17462 94517 351
49766 21130 324
28972 84616 351
16655 14255 271
52885 26490 340
78239 11069 351
87942 18869 351
99924 38666 351
50546 29219 324
50082 40237 314
84837 67406 351
26236 40479 324
60042 95182 351
72563 92666 351
11821 64437 340
70105 42105 340
96071 29184 351
82803 29679 351
82443 28683 351
61891 44812 340
86054 92946 333
78387 95041 338
93600 75502 351
56822 93167 351
25630 88866 351
88161 41094 351
181 20864 279
67894 55815 335
63602 83535 351
21860 33591 308
43536 72221 340
78253 81078 338
44731 91156 351
16769 12031 276
73726 43394 340
54501 95357 351
38198 64829 340
10180 90184 351
8535 83453 351
8420 90429 351
68067 1569 340
15069 88784 351
68262 5980 340
25166 83339 351
24605 81864 351
42716 97462 351
87245 98867 333
61593 53109 335
19032 40758 324
41669 48782 314
52977 78131 351
54197 31861 340
72575 69040 325
55918 91741 351
75390 48762 340
35820 48292 314
33003 83229 351
27731 64003 340
55993 19756 340
44348 37006 306
13871 19979 279
875 83265 351
2577 43741 324
74588 21005 340
30782 38030 324
11348 28985 308
10424 60403 340
70409 11401 340
4383 67670 340
64442 4791 340
35442 7647 311
50858 55161 340
65924 24800 340
61754 44170 340
13642 93712 351
58177 526 340
79137 11370 351
95616 60945 351
11345 43624 324
8231 23394 279
2384 24866 282
61131 79846 351
87600 43638 351
67766 17652 340
60363 47155 340
59524 77434 351
98864 6024 351
15867 48598 324
54141 42544 340
17540 4294 276
38872 1332 324
66867 63565 299
98268 4350 351
83608 41805 351
82876 22960 351
16737 28110 308
38192 48934 314
95539 17923 351
51979 55796 340
81240 67526 351
96534 19648 351
29831 29632 272
10622 75849 340
54843 29907 340
42442 57888 340
45805 68488 340
48181 17767 324
42 31270 308
34769 18155 311
44965 56260 340
29540 34522 311
94819 63796 351
21649 72851 340
66697 32027 340
72752 96348 351
33683 70493 340
62899 18174 340
36124 20314 324
81493 19305 351
81197 54197 351
21797 67976 340
98501 43678 351
57646 37092 340
63859 13118 340
83649 27229 351
66126 12931 340
1244 87264 351
51332 27378 324
85369 9224 351
9211 74231 340
30030 7637 308
67783 64202 312
81235 71504 351
1174 50453 324
26334 86038 351
3318 24538 282
53745 66919 335
60774 5803 340
82137 3139 351
49464 67329 340
22862 89754 351
35446 98035 351
76099 14173 340
90503 97708 333
48668 9658 324
24731 39830 324
99727 89235 333
18883 85748 351
52459 28034 324
98322 93442 328
72342 65246 325
37788 73084 340
20380 15692 279
31660 83371 351
20001 41109 324
37252 59142 340
1264 76382 340
19519 39528 324
1849 36337 324
48275 43760 314
31342 2522 308
80055 43568 351
32272 45791 324
7794 20000 279
4611 47668 324
24646 70329 340
56125 57176 304
21614 91487 351
13535 23590 282
41255 33277 324
16525 41101 324
87887 22882 351
61347 42406 340
95047 82688 333
28125 60225 340
14564 41246 324
22913 68503 340
67323 49929 340
94526 18148 351
17803 69373 340
94076 77219 338
5951 60403 340
13207 14340 276
42987 83056 351
95096 21105 351
28264 52090 324
41248 68941 340
48321 32837 324
15427 7717 276
467 922 179
12548 12348 263
6523 23867 282
