1 10 20
100 200 125
201 210 89
900 1000 174
768435 769640 393
188135 191334 360
189198 191334 360
668309 669920 323
629425 629758 266
764288 765339 362
163351 170074 352
138342 138366 313
397578 403137 387
350186 358344 379
617138 620970 372
738529 747290 424
630970 631294 310
299319 302353 371
14779 34311 311
298966 302353 371
360582 363238 366
202368 204014 342
333582 340149 366
355321 358344 379
281767 284136 358
126357 134378 344
741716 747290 349
719597 720721 349
345214 357612 441
515368 516413 302
440469 453531 387
710424 712460 380
424505 425297 356
420537 420862 312
618942 620970 372
7181 39723 324
365816 368977 348
358129 358344 304
750574 750830 300
121623 134378 344
571471 574005 372
679193 680299 367
651440 654190 385
8696 40370 324
651502 654190 385
338991 340149 366
700168 700486 367
609929 612045 354
492050 498686 426
330155 335192 353
119993 134378 344
425771 426205 312
119492 134378 344
778230 780390 437
274522 276733 345
450991 453531 369
322739 322877 278
319454 319654 322
574241 574346 222
89902 113382 354
236159 239230 350
626950 629758 341
456524 459034 356
149613 151176 370
216532 226765 368
531037 531182 271
461096 466990 444
578304 579326 359
12862 45793 324
597422 604707 403
648538 649384 385
572275 574005 372
752341 753661 424
645650 645755 217
309092 311326 371
278485 280574 345
161873 170074 352
635709 637056 310
522504 523944 333
625671 626330 341
548272 552294 377
713158 713574 305
526741 527717 377
39489 73607 340
592928 604707 403
227459 238110 443
159383 159486 246
234708 239230 350
573109 574005 359
231505 239230 381
521819 523944 333
503856 504056 333
96450 104397 341
644715 645755 310
309489 311326 371
776607 777434 393
328800 340149 366
416072 419838 387
711153 713574 411
534388 537515 377
411321 415101 374
349778 358344 379
166470 166900 334
517321 523944 439
665516 666110 398
43128 63378 340
307907 311326 371
244213 245984 319
715586 716688 380
738728 747290 424
601934 604707 372
111211 113382 323
430542 430760 219
118889 122660 336
237655 239230 350
431366 431898 312
597080 597170 266
560692 561149 315
687883 688552 261
747527 748030 318
145997 151176 370
776070 777434 393
481204 483590 382
592147 604707 403
370696 376830 423
680989 687870 398
374091 376830 423
583931 588542 372
375373 376830 423
391271 392958 330
187314 191334 360
146153 151176 370
285133 287002 376
488370 491969 351
323057 323069 216
505912 509229 382
759762 763674 380
434259 436126 356
565888 566718 359
320248 322877 371
193657 201568 360
496887 498686 351
190688 191334 254
598778 604707 403
311958 318973 384
623752 626330 385
78437 92361 338
92532 105804 341
271885 274048 358
12985 29888 308
439685 453531 387
188187 191334 360
213262 226765 386
780700 780734 194
424682 425297 356
31038 70525 340
420960 425297 418
346415 358344 379
295610 298679 327
602744 604707 372
530993 531182 271
416239 419838 387
155359 159486 383
494686 498686 351
71087 101959 351
561075 561149 253
446077 453531 387
755209 755624 362
683143 687870 398
383437 387310 348
486309 487038 382
605732 606846 328
201413 201568 249
162350 170074 352
485139 485886 320
757225 757697 331
682555 687870 398
247010 255112 363
726507 726909 349
743033 747290 349
199455 201568 342
453135 453531 369
171151 184488 365
93244 113382 354
617261 620970 372
677664 680299 380
508833 510225 377
283375 284136 327
525189 531182 408
71357 82012 351
470745 477792 382
2477 10648 262
579138 579326 328
299311 302353 371
619384 620970 372
717391 717693 349
310557 311326 371
721990 723944 411
538071 538270 346
