999168 999999 396
1 113382 354
160000 161430 370
177775 180000 347
200000 201560 342
984624 991000 427
1 1 1
100 100 26
33 33 27
9544 9544 105
999999 999999 259
18823 1298 279
2039 23 182
155 300 128
293 1022 179
39 99 119
1902 2323 183
10202 39201 324
9192 3 262
32023 99999 351
930 80 179
27 29392 308
10292 392 262
399 988 179
700 100 145
4092 2910 238
888 999 174
333 222 144
111 1 119
202 808 171
8000 8 262
98 89 119
10101 11111 268
111111 9 354
292 999 179
2 6 9
6565 8787 257
1 27 112
8989 1313 262
123 456 144
678 987 179
234 5463 238
2019 3343 217
9843 1234 262
9873 1234 262
23 78 116
200 300 128
300 400 144
400 500 142
500 600 137
600 700 145
700 800 171
800 900 179
900 1000 174
1000 1100 169
1100 1200 182
1200 1300 177
1300 1400 177
1400 1500 172
1500 1600 167
1600 1700 180
1700 1800 180
1800 1900 175
1900 2000 175
2000 2100 157
2100 2200 170
2200 2300 183
2300 2400 183
2400 2500 209
2500 2600 178
2600 2700 191
2700 2800 173
2800 2900 173
2900 3000 217
3000 3100 186
3100 3200 199
3200 3300 168
3300 3400 181
3400 3500 181
3500 3600 194
3600 3700 207
3700 3800 238
3800 3900 176
3900 4000 189
4000 4100 189
4100 4200 189
4200 4300 202
4300 4400 215
4400 4500 184
4500 4600 184
4600 4700 184
4700 4800 197
4800 4900 179
4900 5000 210
5000 5100 179
5100 5200 179
5200 5300 192
5300 5400 192
5400 5500 192
5500 5600 236
5600 5700 205
5700 5800 205
5800 5900 218
5900 6000 187
