1 10 20
100 200 125
201 210 89
900 1000 174
20917 54247 340
14732 63712 340
29202 52918 340
14749 40843 324
297 58538 340
23088 64041 340
3719 37370 324
7710 31128 308
11055 36843 324
21596 33575 308
53452 66392 335
16621 75046 340
10902 13390 276
14370 24355 282
30044 47756 324
11733 47552 324
3758 9642 262
14288 41824 324
26049 36499 324
29669 41193 324
2745 48120 324
42265 42371 226
42152 52438 314
32611 37915 324
9045 41377 324
51585 71756 340
26092 34355 311
9146 57394 340
36980 47387 314
11424 34590 311
58110 60882 317
36137 75946 340
22013 27846 308
68000 68584 312
29625 69808 340
12421 41718 324
43092 53392 340
19931 26362 282
22564 76142 340
18067 57669 340
4159 49066 324
59971 70838 335
3788 4721 215
37401 61337 340
1741 13209 268
14752 16399 271
514 58025 340
20100 71749 340
9963 52153 324
48155 78085 351
8188 40351 324
20978 49613 324
4891 15379 276
14011 67869 340
33133 62367 340
58057 74913 335
18747 51612 324
20756 41779 324
34854 37822 324
38077 38694 231
866 58333 340
5708 58474 340
20687 44758 324
56928 69468 335
28638 31745 285
2428 8462 262
26723 62637 340
8998 23921 282
36904 66322 340
7244 75124 340
14376 34037 308
11715 24301 282
16154 46601 324
2298 46600 324
34455 74500 340
2418 39850 324
8459 9728 260
47512 58071 340
12091 66515 340
30172 63792 340
32373 50998 324
21961 30725 308
29176 58194 340
28682 60056 340
11822 51075 324
60463 66763 335
66526 75912 325
506 1148 179
42635 71761 340
13768 18813 279
28184 42057 324
52357 59089 340
43749 47870 314
69260 73693 325
52295 59232 340
43998 79860 351
44595 46844 314
825 48866 324
30534 33179 285
