109579 49972 354
850 103289 351
106497 66015 354
76144 9518 340
86906 26850 351
3494 89433 351
39241 70669 340
69823 16844 340
20760 12973 279
1658 55189 340
109403 7321 354
61350 52825 335
68196 10083 340
65649 30567 340
63090 73090 330
54541 40278 340
28250 105844 351
51407 60111 340
2189 57610 340
656 16301 276
53611 42785 340
6143 66616 340
18596 63192 340
16355 106274 354
87416 108499 354
16013 34627 311
4489 31383 308
91445 20108 351
17526 108248 354
17524 94549 351
4656 43787 324
39638 38744 275
92573 53963 351
88766 53385 351
92673 99954 328
49843 88559 351
92377 33525 351
14046 21047 279
49442 13546 324
60070 94042 351
55014 92717 351
74423 72683 294
39157 79669 351
91833 17821 351
102950 30538 351
17557 95296 351
81650 89976 333
50645 8025 324
44814 5413 324
32443 4308 308
57453 9940 340
105766 79298 341
35941 107152 354
7510 29188 308
8277 48336 324
22892 44973 324
79919 100610 341
56750 92807 351
40960 97360 351
58396 79642 351
19807 66274 340
34217 92163 351
60585 56645 317
87682 62251 351
37843 14846 324
70808 104918 351
95507 7909 351
36882 194 324
76499 72370 325
85934 16812 351
24608 49069 324
83532 23484 351
93295 43222 351
99129 108850 354
60942 104433 351
47852 77698 351
96025 95102 284
10530 29516 308
46516 97262 351
31378 12896 308
42558 24251 324
81209 66614 351
5953 99485 351
49952 88086 351
18745 34913 311
8314 44785 324
48631 77417 351
54377 45411 340
54193 31890 340
41898 68086 340
23365 58830 340
105409 51863 351
75775 74815 307
90859 82265 333
74913 11759 340
41570 90033 351
7392 15876 276
102652 66671 351
111134 85443 354
112892 33859 354
77787 37483 351
107256 33310 354
22061 92326 351
31638 60550 340
68280 38509 340
37897 36403 306
30331 86134 351
66809 62162 330
93443 29157 351
15543 3218 276
4236 112325 354
110414 75581 354
112324 58466 354
49271 58424 340
7824 86123 351
34600 79150 351
103122 24899 351
57188 74055 335
91949 77412 338
37540 63968 340
18429 56625 340
106585 107734 323
15867 60355 340
70282 16501 340
107599 27585 354
18624 57421 340
57259 87696 351
96735 37020 351
80301 63690 351
60669 67939 335
50607 42145 314
105414 86500 341
76632 100492 351
68488 8040 340
25843 91049 351
39252 106536 354
78127 43061 351
55874 5947 340
50804 9091 324
33240 105365 351
16769 76751 340
73788 78582 351
90079 97992 333
40434 42112 288
19735 72500 340
24068 22274 282
112259 70345 354
82843 56902 351
15024 103199 351
73840 5614 340
103630 53069 351
67776 42155 340
44974 88258 351
26551 992 282
35461 111724 354
13660 68019 340
98085 60545 351
67300 60909 335
36536 41142 306
105061 80745 341
72869 51801 340
103288 99418 341
109658 61630 354
46330 21738 324
31000 98382 351
19757 107255 354
66483 96042 351
60107 85577 351
66579 93889 351
58317 82113 351
91104 42295 351
11632 76534 340
96407 94567 328
14405 88939 351
55343 61947 335
14949 87265 351
27096 79198 351
38018 108463 354
80672 40249 351
62139 21356 340
53622 105574 351
105335 36231 351
50068 59511 340
61133 112202 354
9737 22389 279
68903 38085 340
42831 78791 351
22631 3332 279
110075 35833 354
11310 6315 268
77060 48074 351
38545 111079 354
105400 81043 341
102332 18852 351
110256 1004 354
67644 104479 351
103164 79801 341
104994 69093 351
17698 104398 351
22030 51357 324
