1 10 20
100 200 125
201 210 89
900 1000 174
123 82919 351
12345 54321 340
92 12 116
78 9000 262
1882 1882 131
1882 1881 131
1881 1881 38
90 37 116
1 100000 351
100001 110000 354
999168 999999 396
400000 401000 374
516416 516890 289
22760 55950 340
53333 87773 351
278233 278860 345
34659 82198 351
341624 342625 353
634008 636822 416
122150 130589 344
5476 15967 276
13654 84999 351
59368 104756 351
36050 55161 340
68989 86074 351
35892 77011 340
81230 110693 354
91298 110125 354
323274 329706 384
25177 31264 308
38114 48838 314
38779 60807 340
9396 73768 340
40110 103387 351
312927 315457 340
16154 69078 340
564290 564640 284
68263 110426 354
41829 83317 351
9165 105719 351
55995 90400 351
438 47278 324
5556 74630 340
341047 357155 441
178023 178914 347
19095 86192 351
332897 337334 366
690296 694825 442
396087 398714 374
99744 110080 354
16789 81846 351
526162 528602 408
81564 92500 333
17189 90996 351
67043 102143 351
47879 82464 351
15362 33318 308
290955 292200 327
479661 479829 276
65244 99527 351
7142 77611 351
420925 424176 418
339590 340149 366
1310 16286 276
24055 43468 324
691345 693260 442
379716 382060 379
119345 120951 318
14177 24057 282
36308 61955 340
15774 94487 351
25627 105654 351
13012 69682 340
868 83736 351
887819 888808 401
179218 180924 365
7932 68374 340
63627 85726 351
4757 23231 279
323759 326423 384
21087 68369 340
114916 118738 349
95757 111225 354
71016 110600 354
704816 706034 380
597550 597924 372
216092 219158 386
38796 57122 340
499939 499970 258
6729 90838 351
57918 92698 351
56565 64867 335
85114 97280 333
152965 155281 352
128908 134372 344
54527 64675 335
510291 512782 470
437882 448423 400
25789 84476 351
20501 37051 324
895994 900064 370
41762 95343 351
172159 178819 347
7421 62722 340
72037 111134 354
67621 70069 312
394778 403096 387
32113 65742 340
505411 509615 382
57090 102511 351
36719 100013 351
7030 13431 276
144295 146234 295
14918 102928 351
41647 95816 351
28556 66183 340
65817 70848 312
12543 14302 276
59301 67134 335
14867 106059 351
73120 75075 325
351108 355573 379
80179 92240 333
5162 106653 354
22473 41829 324
3508 45777 324
144266 145919 326
79635 108302 354
14825 93072 351
657871 664306 398
224809 226138 368
6300 61591 340
34778 68290 340
86413 98834 333
48052 86334 351
22789 58508 340
36646 59221 340
92146 104442 341
590438 593368 403
64847 89781 351
952006 954330 414
39180 102768 351
10515 110147 354
56386 65772 335
462308 465960 369
683922 684478 380
50569 66735 340
19343 87464 351
1141 52844 340
332289 336862 366
2573 72433 340
72421 104390 351
56050 60022 322
83581 110946 354
86197 95590 333
994039 996937 365
824581 826785 344
9936 81134 351
15071 38540 324
44366 89997 351
29931 55691 340
15723 70568 340
25440 86503 351
