1 10 20
100 200 125
201 210 89
900 1000 174
911595 911878 220
66934 91393 351
495968 497372 320
648323 649055 385
827334 827351 176
99426 103533 341
151965 154290 352
220628 226042 368
741148 743558 349
568296 571517 377
49314 50358 296
932510 933926 370
779582 779763 362
135258 135445 313
111773 112293 323
67341 88936 351
200577 200714 236
720823 723348 411
52740 111203 354
981951 982709 383
926387 926662 370
48761 53414 340
776316 777111 300
15514 52151 324
867145 868351 344
643978 645343 310
367674 368231 286
859538 859634 282
948413 950094 352
143837 145868 326
893744 895267 370
445071 450328 369
76855 91422 351
381966 382051 193
724748 725034 243
332066 338315 366
214537 217592 386
488477 488760 320
887286 888458 401
230390 238536 443
522909 523260 258
813020 813540 375
372158 372453 286
503247 503507 258
613195 620507 447
320970 322003 353
324054 324633 384
403370 404122 343
318264 318322 216
370040 373923 392
132445 132655 207
261365 263280 407
814002 814370 269
320819 322787 371
510590 516128 470
674846 678134 385
769688 773763 393
754895 755140 256
879051 879404 326
891852 895143 370
442460 452529 387
252349 252644 319
629034 629123 235
631045 631209 310
790782 793420 437
300367 302008 340
731475 731728 336
753075 753589 424
597430 603717 403
292828 298647 358
813950 814037 251
617473 619978 372
465839 465862 276
859078 859133 238
336698 338586 366
970761 970926 215
901918 904886 401
106052 106276 354
465875 466149 307
252231 252672 319
449783 451530 387
348861 352458 379
634199 636469 416
727864 728218 212
63158 74883 330
367651 368675 317
602785 604580 372
718160 718467 336
509879 510133 289
836871 837411 313
875945 882327 401
345109 349211 441
446011 451087 387
996219 996429 290
498666 498667 77
604940 605629 341
617850 619889 341
60788 104880 351
616222 619100 372
456303 458131 356
131024 134063 331
91518 110595 354
518303 523263 439
785397 785401 132
557372 558191 315
400352 401703 387
294840 299049 371
569925 573172 377
428509 429360 281
982733 982769 171
448377 452352 387
829936 830174 313
672265 679506 385
311933 316919 384
47659 95044 351
284321 285011 358
623821 625791 385
783528 784155 331
535673 536343 333
162987 165823 334
820927 821744 375
52064 100873 351
994731 996151 365
38273 78852 351
723135 723412 349
630101 630378 341
181734 183164 334
667353 667368 168
422938 422999 206
580544 580708 253
503827 504055 333
438353 451382 400
501277 501748 320
565828 566313 284
619113 619882 341
411789 414629 374
755830 756009 362
230138 239032 443
158820 159337 277
562947 564159 328
172480 179755 347
943631 944134 352
991947 992639 321
109000 111876 323
48487 74920 340
145963 148724 357
850464 850506 251
8066 100975 351
576334 576852 328
758219 760546 380
540467 540519 240
382367 382662 361
242373 245949 337
164100 168024 352
93300 100463 341
814262 814387 269
433897 434022 250
330745 338448 366
57206 107267 354
481594 482872 382
283486 283964 327
974259 974912 334
757780 761341 380
751019 751926 331
716281 716382 243
560723 560983 253
696045 698122 367
405715 407319 361
81823 107183 354
762608 763569 375
196752 197283 267
873630 873982 326
355303 357867 379
301699 301825 234
447890 449191 369
691874 694823 442
844994 847268 401
88091 99940 333
507287 508301 364
951322 951378 277
615112 620639 372
