79377 95968 333
55334 96196 351
74293 28134 340
94484 17501 351
12642 98957 351
44203 49412 314
72860 24987 340
72464 19707 340
88476 50991 351
94154 5876 351
55591 63709 335
62495 21471 340
11914 75485 340
65733 89308 351
1810 39317 324
5001 60629 340
85061 28285 351
41934 90562 351
64373 25543 340
25854 25783 171
86328 71450 351
50958 14194 324
28749 59360 340
15225 78288 351
18253 18412 199
19317 63322 340
15115 50050 324
92645 14736 351
97369 978 351
35356 79127 351
10894 7720 260
11380 45349 324
2512 21740 279
40846 65589 340
49368 91014 351
9831 95047 351
98530 88438 333
78277 4717 351
39848 40938 306
41427 37459 306
62621 22126 340
34660 22465 311
30205 73217 340
69817 77034 351
7264 12659 268
87292 82374 333
25801 59260 340
87204 32137 351
52381 29556 324
18728 64241 340
98292 83893 333
58476 12818 340
41359 74885 340
3301 98876 351
35565 42865 324
30411 72296 340
345 35064 311
12031 2737 268
699 33968 308
73505 81909 351
50590 32357 324
85620 89237 333
90006 82904 333
22180 71139 340
26362 91665 351
24781 60909 340
58945 28618 340
1477 25703 282
43774 84723 351
25985 91971 351
13495 47900 324
61672 93719 351
68564 60734 335
18567 33037 308
37740 93426 351
49539 42509 314
52980 92150 351
87952 37608 351
52601 45012 340
78674 78681 201
14042 67671 340
1051 52995 340
50898 60140 340
74250 4960 340
75707 11040 340
19172 83026 351
54147 26841 340
27458 69564 340
56373 33365 340
76295 10324 340
27179 59718 340
96245 1728 351
86336 14737 351
82073 47949 351
89248 35511 351
85010 33359 351
29660 97168 351
26008 8620 282
50450 34792 324
84300 21962 351
