1 10 20
100 200 125
201 210 89
900 1000 174
123 12311 268
4323 54354 340
2341 6849 262
2034 343 182
1232 5965 238
44888 43436 270
45555 66788 340
33568 8657 308
35677 89937 351
9172 5736 262
5211 5368 192
2567 6429 262
5782 1530 238
2862 5123 238
4067 3135 238
3929 9802 262
4022 3058 238
3069 8167 262
1393 8456 262
5011 8042 262
6229 7373 257
4421 4919 197
3784 8537 262
5198 4324 215
8315 4370 262
6413 3526 262
6091 8980 262
9956 1873 262
6862 9170 257
6996 7281 195
2305 925 183
49186 49953 296
34190 91583 351
74133 74372 294
61709 61720 180
1280 16381 276
5510 2386 238
67764 8883 340
43469 44010 270
11735 48628 324
54597 54973 247
78592 10296 351
58531 81198 351
21743 69232 340
57911 86469 351
11581 10908 268
40004 40220 275
24605 80261 351
39129 40072 306
34518 35664 324
21642 22743 269
25496 62315 340
66343 12466 340
82504 86693 320
65623 87723 351
85764 33161 351
72705 64217 325
77444 77567 214
79427 73774 351
70953 75023 325
54412 11922 340
84232 44928 351
16360 12163 276
66395 82613 351
59161 46655 340
68578 68336 312
17312 17503 204
66883 66794 237
29408 29450 197
29654 40528 324
15941 15603 253
44939 45014 208
29361 30298 272
22107 73947 340
29500 29779 241
22289 61160 340
52011 78494 351
85449 10459 351
54634 55169 216
39238 39701 244
28162 81335 351
9343 77823 351
39458 41808 306
29617 29928 272
20033 40174 324
40391 40890 257
73718 10812 340
73766 74903 325
16573 16711 235
18501 59336 340
77879 18398 351
72000 93229 351
53628 37300 340
26819 27513 259
3010 53681 340
11592 72833 340
91351 95571 333
3000 15570 276
25385 89795 351
15490 83625 351
90017 21156 351
10867 98751 351
98848 10450 351
3735 33414 308
3945 402415 443
81707 50988 351
68437 60812 335
73264 10908 340
10743 92312 351
59009 59452 273
60456 60340 242
59697 59585 273
61760 61792 167
67321 67960 312
59445 58504 273
91100 94156 333
92312 92362 253
98627 90094 333
11928 91182 351
94369 40687 351
94039 90829 333
93018 91241 333
1836 90562 351
95540 95167 284
94710 95004 302
99178 98530 328
93722 93406 253
90434 90562 240
55584 55427 260
31401 31464 285
22287 22978 269
60997 59737 335
45555 45495 208
52432 54892 340
91189 91285 209
72888 75237 325
83479 80361 320
57130 57607 260
14290 45583 324
81474 81899 258
64056 64737 299
17248 16363 266
57971 57610 273
37463 37900 306
54012 54050 247
74249 7420 340
75151 75146 113
95165 91214 333
17164 11506 276
59483 75435 335
29079 32456 285
27183 26164 308
99908 98179 328
75189 51813 340
88137 85793 333
83105 88121 333
35070 35744 324
16722 18066 279
76704 64654 325
88767 80764 333
83794 80861 320
90213 90008 284
77077 77380 232
44075 44412 270
71908 71786 219
65168 65312 224
95334 93838 328
46891 75232 340
72874 78581 351
3068 30366 308
21063 20771 256
62293 62310 224
18266 17088 279
49265 49811 296
82330 82216 289
64506 64192 299
67472 67005 268
17228 21183 279
27731 61894 340
64087 39490 340
77205 19965 351
55365 52550 322
52878 32438 340
62889 77734 351
41209 31473 324
60028 27921 340
8216 53467 340
3756 21728 279
82766 11838 351
52546 41821 340
85887 10055 351
83406 1838 351
96531 89855 333
11665 22627 279
77254 34433 351
79506 62762 351
