89384 30887 351
92778 36916 351
47794 38336 314
85387 60493 351
16650 41422 324
2363 90028 351
68691 20060 340
97764 13927 351
80541 83427 320
89173 55737 351
5212 95369 351
2568 56430 340
65783 21531 340
22863 65124 340
74068 3136 340
13930 79803 351
34023 23059 308
33070 98168 351
61394 18457 340
75012 78043 351
76230 77374 351
84422 44920 351
13785 98538 351
75199 94325 351
98316 64371 351
66414 3527 340
76092 68981 325
59957 41874 340
6863 99171 351
6997 97282 351
2306 20926 279
77085 36328 351
60337 26506 340
50847 21730 324
61314 25858 340
16125 53896 340
19583 546 279
98815 33368 351
15435 90365 351
44044 13751 324
71088 26809 340
17277 47179 324
95789 93585 328
5404 2652 238
92755 12400 351
99933 95061 328
49677 93369 351
47740 10013 324
36227 98587 351
48095 97540 351
40796 80571 351
51435 60379 340
97468 66602 351
10098 12903 268
73318 70493 325
26653 60757 340
97302 60281 351
24287 9442 282
53866 29690 340
28445 46620 324
58441 44730 340
58032 8118 340
38098 5772 324
34482 90676 351
20710 98928 351
4568 77857 351
79498 72354 351
54587 76966 335
55307 64684 335
6220 28625 308
51529 32872 324
5733 48830 324
9504 30020 308
58271 63369 335
59709 86716 351
26341 18150 282
47797 724 324
42619 2246 324
22847 93452 351
92922 43556 351
92380 97489 328
37765 88229 351
69842 92351 351
65194 41501 340
57035 87765 351
70125 24915 340
36988 75857 340
73744 46492 340
22228 48366 324
9860 81937 351
51433 52552 340
16438 99229 351
53276 75408 335
1475 76122 340
68859 94396 351
36030 61238 340
8236 73794 340
65819 94429 351
66144 31012 340
35929 39530 306
18777 22405 274
64444 55764 335
14614 54539 340
18607 36841 324
2905 44819 324
35129 70689 340
97370 67918 351
69918 66997 312
43325 87744 351
59471 12184 340
98491 95500 297
89773 6726 351
85645 55591 351
17506 68140 340
2955 69787 340
7670 38083 324
8543 88465 351
10198 39508 324
59356 28805 340
76349 78612 351
73623 27829 340
49300 87344 351
95747 35569 351
54341 55423 260
23312 13811 279
67606 21802 340
25662 73731 340
44879 11306 324
29321 78737 351
79445 48627 351
48523 3466 324
86709 73417 351
8283 13259 276
12925 67638 340
42063 5625 324
62601 32037 340
33453 11900 308
19380 45551 324
47469 90072 351
974 87132 351
3882 84931 351
8934 45895 324
58661 70164 335
57200 87982 351
48900 52997 340
52960 13774 340
72814 39669 340
87191 81096 333
52927 16467 340
65085 11341 340
22091 27685 308
43377 55543 340
55937 79108 351
17446 19757 279
69180 18419 340
6888 89413 351
3349 32173 308
51660 62010 340
2337 25211 282
66343 67588 281
78207 19302 351
97714 67373 351
75322 1256 340
64820 44600 340
17722 29905 308
55940 39812 340
73941 15668 340
11706 46229 324
11128 29151 308
65985 96659 351
63921 89225 351
2423 67270 340
21397 54082 340
45631 40085 314
79293 11973 351
7673 73851 340
47626 5386 324
41223 39300 306
6641 6043 262
83899 40714 351
52299 56191 340
80525 42591 351
88210 8582 351
88820 99337 333
37733 71156 340
95995 18005 351
60380 14770 340
85274 81777 320
68851 47256 340
21861 48143 324
75580 45885 340
21994 23206 269
67622 79568 351
62505 90614 351
1962 62755 340
31327 54260 340
18945 28203 308
13203 23507 279
36785 2022 324
22843 90869 351
