3300 9408 262
7254 107 262
202 5507 238
1274 2259 183
7809 2145 262
4370 8964 262
9784 318 262
6248 365 262
1767 3533 217
9087 9739 260
1336 8656 262
1995 6069 238
2582 9455 262
6490 8883 257
991 2293 183
5084 2762 238
7442 4109 262
6113 8176 262
4084 1733 238
8532 2922 262
6548 6461 200
7458 1010 262
7954 5497 262
268 6282 262
3297 6914 262
7372 3974 262
2908 9549 262
3027 6074 238
6710 9680 260
3519 5849 238
2480 7547 262
4546 5007 210
168 364 144
7109 4306 262
8568 3702 262
9487 2225 262
1088 2327 183
7576 3885 262
7983 8899 234
2141 5932 238
2699 9256 262
1551 5045 238
5186 654 238
125 1170 182
7875 3339 262
7087 426 262
7264 6523 257
886 5743 238
8772 7572 252
8747 1820 262
5684 3586 238
4362 5362 215
8738 8156 234
4551 8478 262
50 3232 217
8628 7850 252
559 1990 182
3775 644 238
9488 8999 260
5738 7035 262
9349 171 262
7885 9752 260
8297 6299 257
2943 1935 217
9664 5403 262
1584 9651 262
5907 6104 187
7106 9837 260
7441 1945 262
4892 5015 210
30 1494 182
4694 1581 238
5577 5884 218
9604 5446 262
33 8443 262
2386 8576 262
9247 4278 262
2387 5213 238
4460 4910 197
5447 1743 238
6427 5014 262
6074 8427 262
229 1705 182
8622 8425 203
9538 7826 260
7500 9251 252
2906 8050 262
9769 4557 262
8775 441 262
5141 399 238
7929 8282 252
7886 3937 262
4571 603 238
9288 6344 260
9592 94 262
9858 2285 262
101 5106 238
6748 4051 262
799 2407 183
5279 5530 192
