1 10 20
100 200 125
201 210 89
900 1000 174
1 10 20
100 200 125
201 210 89
900 1000 174
1 1 1
2 2 2
1000 1 179
1 100 119
123123 123123 181
10 20 21
30 40 107
40 50 110
60 70 108
80 100 119
101 100 26
1 3 8
334 597 142
255 131 128
538 340 142
806 578 171
231 456 144
471 852 171
639 852 171
852 471 171
519 753 171
645 879 179
879 231 179
621 453 142
873 621 179
135 864 171
759 531 171
201 203 40
640 719 171
879 6752 262
210 543 144
213 546 144
719 6566 262
9975 4308 262
332 675 145
7506 8779 252
8429 5330 262
3672 1607 217
7976 8445 234
9616 2038 262
6160 5591 218
2958 434 217
3563 829 217
7060 7496 239
4010 2468 238
9195 5071 262
7697 8282 252
210 7357 262
8424 503 262
6825 9792 260
4815 7522 262
1525 5367 238
1332 5374 238
9649 6003 262
9651 9456 198
7354 5620 262
8613 6364 257
3936 5127 215
4378 3562 238
5043 7193 262
8361 8724 203
3295 6875 262
4933 9054 262
6031 7676 262
4240 9308 262
9572 4703 262
3268 5537 238
5905 5898 143
4771 9997 262
2057 5512 238
3897 7897 262
5800 2264 238
1738 9293 262
4845 2486 238
8266 5894 262
2992 4942 238
4341 4678 215
5574 7398 262
2920 3874 238
8858 8784 172
8379 7920 252
575 914 179
8785 79717 351
61254 76942 330
93600 67401 351
66493 96392 351
90030 42060 351
12255 41922 324
44018 43753 270
54799 15596 340
42676 75636 340
83925 18495 351
