808 250 171
74 659 145
931 273 179
545 879 179
924 710 179
441 166 144
493 43 144
988 504 179
328 730 171
841 613 171
304 170 128
710 158 171
561 934 179
100 279 128
817 336 171
98 827 171
513 268 144
811 634 171
980 150 179
580 822 171
968 673 179
394 337 126
486 746 171
229 92 125
195 358 144
2 154 122
709 945 179
669 491 145
125 197 125
531 904 179
723 667 171
550 25 144
802 854 135
978 409 179
229 934 179
299 982 179
636 14 144
866 815 148
64 537 144
426 670 145
116 95 119
630 502 137
518 196 144
106 405 144
452 299 144
189 124 125
506 883 179
753 567 171
717 338 171
439 145 144
1502 4898 238
3872 5829 236
1138 9359 262
3178 2398 217
2295 7905 262
1610 6232 262
9746 4176 262
3636 6299 262
8143 400 262
7969 413 262
261 3558 217
1595 8009 262
6396 5969 262
9114 4531 262
1007 963 143
7943 5366 262
2083 9853 262
768 3822 238
5696 4713 236
3672 9902 262
8591 4832 262
4739 3058 238
1617 9791 262
5641 680 238
7336 7007 195
7973 6099 262
9096 5320 262
3455 5224 238
2290 6761 262
8906 6127 262
6124 9507 262
5814 6771 262
5239 9095 262
6221 7845 257
2367 535 183
5227 5395 192
1364 8739 262
7845 9591 260
6551 5160 262
8624 4948 262
7386 7218 195
5273 5540 192
9248 2386 262
3497 4886 238
624 2421 183
8145 1969 262
5736 9916 262
1626 3535 217
6043 6012 187
4680 4153 215
75245 77296 351
78819 90397 333
87693 1816 351
12992 40034 324
22670 19398 274
89554 10548 351
75826 21211 340
29663 30212 272
33809 73378 340
22762 626 279
37336 1869 324
77996 2777 351
62768 97440 351
29875 89332 351
40557 56302 340
68873 561 340
20095 18985 274
13756 39790 324
51408 28016 324
30194 22770 308
15681 3456 276
16856 67507 340
70964 33503 340
86677 63109 351
63250 2332 340
77845 87639 338
60809 39998 340
28652 54850 340
45204 95732 351
96532 98015 297
95420 36776 351
42010 30181 324
87930 95224 333
44055 88261 351
76738 91546 351
47318 37526 314
4201 34257 311
21565 60598 340
6649 37705 324
25551 25151 264
41977 1413 324
38555 82798 351
2505 48382 324
34749 7066 311
59379 47700 340
78210 25130 351
78554 65484 351
50448 64608 340
80774 45323 351
64306 55177 335
1 2 2
2 1 2
