1 10 20
100 200 125
201 210 89
900 1000 174
2938 2984 173
8963 4925 262
54342 59020 322
30357 40024 324
14580 64586 340
94805 95000 302
54308 33405 340
72560 21645 340
54301 37654 340
11098 21064 279
51557 34561 324
70234 65911 312
52300 57630 340
34114 17074 308
1560 4127 238
41234 51024 314
79875 10981 351
209 402 144
90184 93904 333
44634 45250 314
83679 83404 289
72031 71963 250
37224 37682 306
67530 68020 312
13091 14990 276
53013 52529 278
68129 68569 312
52890 52526 340
70240 70039 250
96100 96200 191
67169 68000 312
71261 70529 312
10000 11330 268
13429 11404 276
13450 13820 245
13934 14500 209
15209 15309 178
15400 15540 209
15752 15692 178
15800 15933 253
16000 16100 235
16123 16140 191
17007 18300 279
18448 18000 248
19133 20000 274
20156 20002 243
20401 20658 243
20755 21000 256
21265 21300 194
21310 22000 269
22677 23000 238
23923 24000 220
24216 24227 220
24230 24404 251
24598 24394 202
25511 24999 264
25821 26000 233
26875 26592 308
26193 26394 246
26876 26900 246
27026 27000 215
27674 27739 228
28057 28000 184
34015 35000 311
35834 35000 324
35885 36000 218
36036 36200 249
37000 37189 262
37683 37700 169
37804 37690 262
37885 38000 231
38873 39183 275
39296 40000 306
40313 40203 244
40541 40629 213
41985 42000 151
42036 42045 120
42086 42072 226
42530 42610 226
42621 43000 257
43050 43060 195
43077 43100 195
43190 43210 195
43292 43250 195
43613 43700 226
43735 43750 239
45903 45950 177
45976 46008 208
46700 46738 221
47779 47761 190
50500 51500 309
51023 51109 265
51642 51680 172
51689 51700 172
51720 51829 234
52393 52220 278
52430 52500 203
52517 53023 340
53118 53389 309
53751 53692 216
53827 53900 216
55744 55899 260
56200 56300 304
56700 56682 154
58170 58160 167
63829 63900 224
64236 64357 299
64790 64820 193
65000 64950 180
67000 67999 312
68120 68381 312
68780 68550 237
86298 86300 196
87150 87200 227
88429 88613 271
88990 90000 315
99920 99943 204
99972 99992 204
