1 10 20
100 200 125
201 210 89
900 1000 174
2634 4865 238
673 2745 209
2895 629 209
47839 4738 324
373 5749 238
4739 473834 449
2347 1838 183
1801 283 182
23879 3489 282
2809 2734 173
238 2980 217
2973 237 217
2957 23750 282
3759 37590 324
39475 23748 324
274 5903 238
475 2764 209
953 846 179
3756 374 238
3857 36485 324
375 3845 238
3745 3857 176
2375 375 183
3947 3589 238
2374 1 183
2634 4865 238
673 2745 209
2895 629 209
47839 4738 324
373 5749 238
4739 473834 449
2347 1838 183
1801 283 182
23879 3489 282
2809 2734 173
238 2980 217
2973 237 217
2957 23750 282
3759 37590 324
39475 23748 324
274 5903 238
475 2764 209
953 846 179
3756 374 238
3857 36485 324
375 3845 238
3745 3857 176
2375 375 183
3947 3589 238
673 2745 209
2895 629 209
47839 4738 324
373 5749 238
4739 473834 449
2347 1838 183
1801 283 182
23879 3489 282
2809 2734 173
238 2980 217
2973 237 217
2957 23750 282
3759 37590 324
39475 23748 324
274 5903 238
475 2764 209
953 846 179
3756 374 238
3857 36485 324
375 3845 238
3745 3857 176
2375 375 183
3947 3589 238
2374 1 183
2634 4865 238
673 2745 209
2895 629 209
47839 4738 324
373 5749 238
4739 473834 449
2347 1838 183
1801 283 182
23879 3489 282
2809 2734 173
238 2980 217
2973 237 217
2957 23750 282
3759 37590 324
39475 23748 324
274 5903 238
475 2764 209
953 846 179
3756 374 238
3857 36485 324
375 3845 238
3745 3857 176
2375 375 183
3947 3589 238
2374 1 183