84022 39439 351
78312 79847 338
91168 19755 351
33523 76825 340
27778 55399 340
47741 62889 340
36479 51342 314
95226 91623 328
63573 71732 325
14160 60699 340
1630 24289 282
13723 80420 351
15668 40096 324
12979 10881 268
99896 21826 351
51295 83914 351
61266 29604 340
63757 52430 340
49360 97281 351
29252 77138 351
52676 76994 335
40024 89156 351
28332 35247 311
80775 91906 333
6975 94936 351
52601 8605 340
19222 66325 340
89026 34890 351
6417 2002 262
45771 6309 324
23828 97067 351
90224 85095 333
26667 53978 340
37522 76027 340
51255 66774 340
53162 3928 340
43765 93187 351
93084 72098 351
28430 73856 340
64000 35406 340
68788 16598 340
44012 88010 351
82923 33034 351
22897 89340 351
35037 68669 340
95650 58866 351
65732 85870 351
43957 92400 351
39845 81479 351
68424 91100 351
48250 21583 324
95028 92016 315
14766 88109 351
64110 43197 340
61962 28107 340
78603 30746 351
44705 22611 324
18754 27624 308
55646 41651 340
16961 90683 351
10317 12608 268
49546 76050 340
98479 93504 328
68447 38320 340
74980 36867 340
29417 23227 308
58451 24442 340
15239 73217 340
12547 79350 351
16410 74510 340
7453 95014 351
5253 52158 324
17621 24007 282
79782 73268 351
65658 96744 351
63948 75976 325
9348 13490 276
52023 7823 324
6990 20466 279
46143 81970 351
57334 75561 335
5194 15781 276
20433 88999 351
12547 99783 351
5405 87057 351
7233 416 262
92310 59391 351
18037 16313 279
39170 91306 351
81972 35910 351
55250 57945 322
45259 68741 340
9964 53082 340
75732 30430 340
99226 57699 351
87764 74783 351
62893 3542 340
74783 83327 351
92541 87330 333
83106 97947 333
