74321 96887 351
27734 95135 351
67894 69745 312
14392 63492 340
13303 74972 340
7486 79195 351
8639 47148 324
7262 61874 340
67404 97079 351
54843 62344 335
55756 71471 335
3365 68123 340
42145 49000 314
11306 59576 340
62641 63660 330
413 41410 324
13625 99557 351
75030 97745 351
50612 73163 340
86858 98787 333
62168 97676 351
79428 98307 333
54113 85749 351
6362 74109 340
1341 5232 238
62775 63825 330
47457 75029 340
31353 69486 340
83599 94956 333
31137 34396 311
71506 72553 263
3890 66810 340
40223 56509 340
72931 77381 351
1599 62506 340
36811 51379 314
6358 77131 351
80330 94753 333
77212 82146 338
14213 62506 340
26775 36131 324
37857 40859 306
50892 88722 351
23068 39337 324
59032 92848 351
36121 51123 314
11390 95003 351
19072 71246 340
30337 95551 351
36495 51859 314
76275 99907 351
51851 57077 340
21839 57883 340
11610 45650 324
34524 37832 324
16860 75482 340
5184 87628 351
26171 45947 324
72823 80054 351
50874 72706 340
45782 73021 340
10738 72684 340
15349 84071 351
94599 98247 328
55844 61181 335
58143 66565 335
48871 83407 351
61882 62138 317
62795 72174 330
6875 36482 324
26614 82003 351
1460 75256 340
3714 80751 351
84836 93973 333
65493 96354 351
2252 91627 351
26916 45608 324
28795 80548 351
5500 36548 324
8690 69033 340
3346 23589 282
45635 61150 340
14440 43499 324
31653 90113 351
11937 30927 308
7291 92355 351
21201 74733 340
42820 75793 340
23550 23578 145
13447 34833 311
46252 66282 340
73359 77453 351
5728 62794 340
43662 75952 340
56644 68053 335
11414 59815 340
15300 27945 308
32999 95950 351
20931 83613 351
5071 56776 340
8669 32528 308
10594 68191 340
50760 70382 340
85062 94143 333
40462 46642 314
19271 49631 324
2284 17577 276
72911 79772 351
36613 58990 340
37933 87876 351
38275 94878 351
7266 95746 351
32410 72031 340
2793 73721 340
32525 92017 351
43956 89565 351
14823 46567 324
26991 27616 259
2783 16099 276
60462 96680 351
6898 53554 340
8451 22897 279
52095 84919 351
30922 67513 340
90093 97305 333
59583 78286 351
54215 55380 260
32992 80014 351
43904 62838 340
35407 40912 324
29438 94725 351
68307 98624 351
27905 90930 351
49132 71066 340
7779 27389 308
65320 96405 351
20125 79093 351
59624 97027 351
55469 99599 351
97638 98061 297
44082 72854 340
46810 67362 340
16859 59617 340
21047 21820 256
39930 87955 351
7831 37401 324
46821 65864 340
79522 98213 333
4506 28831 308
54387 88907 351
49413 91518 351
47718 69584 340
27834 79444 351
43639 86962 351
39209 87901 351
67535 91568 351
44846 50895 314
10915 98540 351
44293 86630 351
1863 96572 351
20149 30965 308
22313 35870 324
69044 95139 351
54527 61864 335
21717 93442 351
41046 86016 351
34833 79583 351
84 6182 262
15942 35633 311
32126 97352 351
35425 96068 351
7075 55032 340
40380 84997 351
36138 50974 314
724 85924 351
67692 81850 351
16628 45431 324
174 48410 324
1584 27518 308
22090 72999 340
40474 48731 314
17 82327 351
36879 48002 314
71171 75545 325
65661 76581 325
6078 58910 340
850 7102 262
61583 77865 351
64046 92291 351
2986 12550 268
36804 78897 351
3528 45657 324
10253 76746 340
66809 96964 351
46625 56946 340
22263 49679 324
28979 99566 351
16821 69840 340
13707 57526 340
58752 82436 351
