21823 24317 282
47064 8708 324
7259 11007 268
11398 99715 351
28159 35118 311
6400 56606 340
44232 72289 340
11902 49645 324
5040 18818 279
67098 1884 340
29569 55206 340
80040 18994 351
2985 81276 351
60098 1085 340
36607 69328 340
33932 29685 285
77920 24008 351
11400 28499 308
77093 79782 338
11241 3875 268
47988 99893 351
57780 38414 340
31799 71571 340
62919 500 340
73380 79459 351
57683 34479 340
43300 87729 351
77871 62737 351
16479 89093 351
55912 29829 340
88845 78104 338
73453 56753 335
89117 33594 351
14623 78821 351
37673 18238 324
3755 35351 311
72552 74748 294
57896 2335 340
83809 87819 333
13959 49131 324
74548 32731 340
10933 50854 324
15751 15272 253
28072 63834 340
6681 84626 351
70060 97996 351
78207 77448 276
30303 33649 285
73042 97200 351
77963 9970 351
94016 59375 351
4148 93071 351
22925 3319 279
93055 16092 351
85681 4820 351
34879 8851 311
20197 91990 351
69225 61738 330
94604 13888 351
46971 54005 340
91485 86474 333
77989 94325 338
38987 60909 340
99364 49350 351
21863 66866 340
85949 34328 351
54348 34787 340
732 28791 308
5562 52300 324
28938 89307 351
80905 96898 333
75943 24345 340
72045 76679 325
58039 14330 340
95316 65193 351
63651 23237 340
65561 31327 340
34118 88635 351
20685 9778 279
61526 14774 340
51851 53183 340
38383 32242 324
26859 15791 308
37608 54275 340
31495 48453 324
88835 45842 351
30828 69932 340
21653 3670 279
46024 66375 340
3785 89113 351
69641 65277 312
98377 31818 351
95784 97332 297
95178 32499 351
9869 19755 279
30890 61079 340
91908 37805 351
69126 32160 340
39918 77779 351
12005 321 268
20594 99919 351
6231 5200 262
40363 13743 324
42173 41956 226
1780 54804 340
25004 15726 282
13544 96102 351
89493 89992 302
60178 81272 351
35767 70645 340
22386 59144 340
30229 826 308
47828 96048 351
14782 20841 279
91802 61674 351
13814 91245 351
18129 19839 274
22688 74488 340
16787 60415 340
89428 62857 351
73430 95497 351
80054 76872 351
57438 50213 340
93913 35682 351
86337 262 351
16935 8548 276
69996 66358 312
22896 69747 340
26679 21440 308
8762 75211 340
79532 80865 320
33324 9720 308
29948 28161 272
21193 87606 351
54635 10203 340
70448 7720 340
59473 24278 340
92734 34365 351
63364 7468 340
91899 88085 333
55617 39366 340
23361 8737 279
78867 63456 351
82804 82021 320
69790 58386 335
70533 55747 335
10733 62717 340
89880 35209 351
95499 86200 333
16781 47007 324
98121 5295 351
21006 73016 340
1822 5970 238
5411 82807 351
76347 11979 340
51270 50561 278
32154 64958 340
63973 34583 340
40799 95276 351
61870 10930 340
11486 63610 340
22743 59593 340
46606 38828 314
63961 1771 340
92930 79463 333
50959 43085 314
59653 67076 335
86943 70733 351
68046 81547 351
16196 23102 279
30030 7505 308
40395 73123 340
44654 15288 324
79734 96250 333
45708 87492 351
77043 56601 351
68910 8133 340
22551 86207 351
75526 81877 351
5107 46080 324
61141 67448 330
24695 85893 351
54130 36254 340
87883 87471 271
97517 58008 351
11660 63666 340
90941 38386 351
36837 92 324
37199 99917 351
35146 74756 340
15659 59780 340
97228 88477 333
25884 73022 340
57015 33963 340
52422 1502 324
67402 28223 340
27111 97532 351
3386 24435 282
14152 64610 340
44175 5773 324
