1 10 20
100 200 125
201 210 89
900 1000 174
999999 999999 259
1 1 1
5 3 8
44 32 110
32 32 6
12 120 119
1000 10000 262
4345 232 238
65 322 131
1212 2222 180
999 1000 112
23 33 112
112 333 144
45 354 144
23 4 21
6666 3433 262
22 232 128
67 543 144
2342 4545 238
23 45 112
2342 5455 238
232 444 144
22 224 125
435 433 28
54322 54333 154
232 455 144
232 225 128
564 224 144
656 777 171
336 664 145
343 656 145
232 344 144
98 88 119
93 22 116
555 535 137
232 675 145
65 34 113
22 258 128
54 233 128
235 767 171
45 34 110
7674 3345 262
7567 7543 133
453 221 144
234 767 171
456 789 171
23 78 116
54 22 113
56 567 144
456 88 144
34 333 144
4556 5667 236
87886 87890 165
2333 3332 217
677 777 171
3444 4445 238
2333 3334 217
454 555 142
434 440 116
10 91 116
55 66 113
7777 6666 257
2222 4444 238
5555 6666 262
4345 6666 262
2333 3356 217
233 4445 238
2333 3330 217
4565 4330 215
122 122 21
156 666 145
145 134 117
109 140 122
155 556 144
76878 76999 232
1677 1777 180
13444 14445 258
12333 13334 276
1454 1555 172
1434 1440 128
110 191 125
155 166 112
17777 16666 279
12222 14444 276
15555 16666 266
14345 16666 271
12333 13356 276
1233 14445 276
12333 13330 276
14565 14330 209
1122 1122 45
1156 1666 182
1145 1134 151
1109 1140 138
1155 1556 182
176878 176999 228
