51260 20321 324
77892 59109 351
61672 1535 340
92259 63086 351
42281 18339 324
6691 52337 324
41449 59930 340
19488 88029 351
79491 27710 351
66730 54264 335
84392 72051 351
11164 5212 268
95996 50945 351
87369 4261 351
39732 54991 340
50205 59158 340
11840 22526 279
94496 40161 351
61289 63057 317
34298 79554 351
10525 96945 351
53981 65374 335
73195 36215 340
7480 58806 340
43808 14000 324
18166 33085 308
29191 5193 308
83045 62142 351
59684 56291 304
75780 50927 340
23655 86164 351
94723 42910 351
48638 9577 324
45963 94569 351
11472 46712 324
61299 79621 351
13260 61502 340
55864 43676 340
67237 30504 340
81521 25949 351
76138 92572 351
62596 4828 340
36687 66887 340
49270 66316 340
53089 43936 340
59749 48582 340
23003 62451 340
24379 71048 340
82600 36981 351
74154 78145 351
60694 22518 340
1847 64994 340
20236 5232 279
79394 20037 351
54641 83706 351
64305 85339 351
11830 14728 276
65936 40265 340
51376 99374 351
90683 27613 351
4228 12510 268
46997 7958 324
93753 50913 351
29716 297 308
53167 2375 340
2223 97176 351
84757 22134 351
28021 37088 324
94523 89650 333
19766 1522 279
71931 64160 325
59507 35738 340
39884 21911 324
54820 75402 335
62244 66764 330
26277 6912 282
34307 75719 340
64513 17491 340
5613 16851 276
99911 22563 351
41833 94439 351
85511 77653 338
30616 8635 308
6430 45217 324
38702 47409 314
52735 992 340
90349 26056 351
95393 73897 351
35865 90007 351
43049 699 324
52984 18376 340
62361 40416 340
98542 20531 351
74718 79793 351
30884 22725 308
35220 52362 324
3762 98525 351
73504 15706 340
76683 30129 340
71301 20800 340
59892 86857 351
24740 23148 282
78632 77371 307
16912 92773 351
70768 94015 351
49441 35153 324
81702 58170 351
82143 2727 351
97763 46889 351
54459 84532 351
8167 73686 340
73831 23675 340
98112 72613 351
94548 38906 351
42539 11581 324
40871 42907 288
32124 59060 340
91441 10095 351
52527 96738 351
54740 61451 335
7014 226 262
4086 38932 324
48808 29795 324
81790 71006 351
47927 32003 324
44529 92363 351
61880 20507 340
52326 34921 324
39713 1119 324
70703 23259 340
91270 19797 351
27512 92017 351
64452 39057 340
93979 20156 351
12727 42424 324
47478 93013 351
47392 87021 351
29837 32073 285
58930 73255 335
13008 73939 340
97168 75057 351
70803 17675 340
43502 52268 314
90627 87055 333
33459 8452 308
8734 13289 276
45471 74126 340
44888 99180 351
49058 63378 340
67572 93934 351
69449 43428 340
69569 49808 340
61792 86929 351
33067 8302 308
75597 2694 340
32811 26686 285
16093 85057 351
78213 41959 351
67977 90985 351
24094 28351 308
40792 81864 351
32180 87080 351
37706 48499 314
66416 72653 325
24328 40484 324
50678 42911 314
12164 63924 340
81726 74676 351
83456 18078 351
96449 41764 351
34938 2960 311
32347 13425 308
58742 82271 351
83386 30996 351
18412 43723 324
654 83591 351
64115 53191 335
73498 95417 351
42394 20834 324
72909 91425 351
3224 97292 351
31584 79771 351
67502 46876 340
70470 54640 335
46856 94641 351
46086 31855 324
11052 18784 279
43404 46777 314
42498 91629 351
11849 44014 324
59038 7917 340
50456 25875 324
88747 21052 351
76532 63312 330
33495 56972 340
46279 62821 340
27009 50735 324
65007 67598 281
82262 55844 351
18942 68022 340
