1 10 20
100 200 125
201 210 89
900 1000 174
89 89 31
89 90 31
90 89 31
100 1235 182
1320 3769 238
6964 3454 262
5269 9671 262
6546 1915 262
7647 2437 262
4940 4147 215
5233 3783 215
4497 12 238
13 122 119
2013 3012 217
2012 2012 69
15521 32115 308
1254 32115 308
2115 21213 279
51235 51210 203
1 12321 268
1 512 144
31 31 107
512 512 10
5132 51235 324
11111 1 268
3 3 8
2 6 9
789 678 171
45384 51253 314
51245 21215 324
51212 21536 324
54511 2112 340
21213 754 279
2123 2158 170
2154 5316 238
215 768 171
6154 5123 236
4563 1251 238
351 515 142
3151 354 217
3152 2153 217
2152 131 182
131 548 144
3152 5163 238
31514 452 308
54 48 113
61 54 113
45 64 113
32 5484 238
6485 548 262
