45968 68947 340
106653 45938 354
909276 909751 326
72823 57161 335
63036 88403 351
61876 64801 330
47078 83305 351
68334 76640 325
37155 56528 340
2019 80017 351
25785 87449 351
56747 23665 340
532581 537155 377
67410 11922 340
217090 218504 324
40357 94576 351
696110 696304 292
590512 594097 403
97190 74365 351
78334 19685 351
25234 26096 246
55490 8051 340
2517 81968 351
13662 30010 308
49307 1600 324
72166 106413 354
88484 38625 351
24898 77711 351
260489 258437 345
18343 22661 274
321446 321240 247
89133 39466 351
243239 245546 337
44329 56607 340
325734 328033 322
903348 906051 383
374634 370019 392
93904 87617 333
22270 63881 340
99858 84373 333
103154 27314 351
116621 127144 336
43135 41264 288
299113 293114 371
13626 150 276
102080 101874 235
57265 25568 340
21971 68708 340
85726 87703 333
92512 23485 351
937803 939146 445
57746 22402 340
741 99564 351
57846 93665 351
35039 65395 340
36003 9060 324
111633 40179 354
3201 35672 324
130906 132135 331
61726 109042 354
100510 45995 351
31994 94107 351
340711 358190 441
82562 92004 333
49266 95905 351
662049 664885 367
70589 32441 340
678874 678383 380
354761 355399 379
12627 83154 351
7104 21299 279
22552 58108 340
267207 259339 407
86742 89440 333
71046 61017 330
87532 51064 351
78715 12027 351
14267 106286 354
78063 77846 276
99724 89097 333
55703 21768 340
498549 494137 351
89965 74104 351
105050 51046 351
94793 15329 351
87862 87754 271
30155 105156 351
60214 25012 340
98021 89731 333
97134 53882 351
219269 225271 368
20554 80184 351
505625 504835 364
52521 93802 351
67411 107815 354
126993 118994 336
559448 554703 390
182264 179911 365
84408 113379 354
77011 13126 340
76208 105619 351
91104 102476 341
825927 827215 313
435290 435591 232
34124 92689 351
33248 88499 351
43905 5819 324
3113 91300 351
34060 21969 308
440273 446994 356
92003 62323 351
63580 111562 354
25771 40645 324
217832 217630 249
733700 735264 349
331774 339190 366
92496 19116 351
23408 82113 351
177041 174371 334
890511 900932 401
84141 42273 351
275501 273967 345
62407 100252 351
57373 107648 354
52289 90415 351
77488 97653 338
67308 29178 340
48180 30233 324
92446 43765 351
112484 98185 354
10790 42376 324
104331 3565 351
11290 82223 351
584767 588153 359
547339 547542 315
28836 9962 308
47538 83411 351
101979 80885 341
903574 902596 370
824977 824974 145
