656385 656408 248
979466 980084 334
215151 223689 386
334997 337000 366
534078 536625 346
465062 465650 369
987303 989497 352
516989 517135 302
742086 742367 349
52594 77894 351
301704 301752 234
823628 823739 375
565321 566110 315
965069 966855 365
158937 159178 277
761386 761925 362
30094 70149 340
212558 212584 249
945394 945401 202
791047 794044 437
440932 448243 356
849356 849356 88
326430 327506 322
371753 371793 162
171292 183815 365
263845 268140 345
938033 939028 445
16099 112630 354
391458 392362 330
91790 95698 328
706292 708822 349
424440 424471 281
197159 199819 329
407746 407887 206
45790 64302 340
338134 339030 304
914324 914630 264
198666 201313 342
224232 226622 368
797095 798607 344
392090 392505 299
224131 225584 368
419215 419459 237
264023 267425 345
960655 960706 233
995999 996730 365
406779 407228 343
418841 419026 237
521359 522502 333
35495 48490 324
446645 447948 325
750022 750793 362
287745 287960 283
706734 709715 349
218670 225757 368
286298 286766 314
160014 161262 370
907076 907275 326
783827 784290 331
718137 718301 243
488842 491534 351
915968 916185 264
470508 473191 338
128867 130951 344
556921 557682 315
88866 112671 354
183355 184251 316
793133 796581 468
155422 156001 246
567580 567945 346
268123 268756 270
999672 999719 259
867644 868693 357
229311 231704 443
831984 833187 388
949982 950097 290
72211 103322 351
925019 926133 339
734810 736156 424
8045 55632 340
366131 368243 348
878758 882002 357
356979 358172 379
268159 268236 239
556497 558686 346
585880 587268 359
882854 883023 251
817246 817263 238
698850 698906 230
565243 565244 240
766552 768882 468
369057 374885 392
1679 78525 351
459700 459740 201
111950 112912 323
764834 765165 300
201987 203370 342
253617 255052 363
331284 339156 366
858861 859045 370
812164 813090 362
536201 536657 333
164284 164837 334
95974 99873 328
840205 840426 282
198416 199978 329
832078 833476 388
422125 424858 418
301343 301637 265
154264 158745 383
442647 446711 356
886081 886156 326
253606 254869 301
356372 357400 317
494754 497243 351
969250 970118 321
896868 900346 370
568996 571521 377
379588 381515 379
420541 420834 312
72424 72784 263
677082 678924 380
216024 220778 386
357104 358331 379
7333 72293 340
550417 551422 346
562162 564012 359
221986 224097 337
129972 131707 344
428266 429653 294
628021 628310 279
506207 508922 382
458983 459004 201
425153 425223 312
433751 434299 338
286492 286591 221
677715 679847 380
587236 587928 328
745515 747239 349
863599 863745 282
381340 382540 374
758016 760301 362
584579 586795 359
237037 239028 350
649963 650379 292
52660 57515 322
172323 178316 347
797196 802614 406
683007 685480 380
880580 881654 295
594245 604516 403
20801 106432 354
465980 466443 369
616632 617088 310
327250 335727 353
255869 256795 332
437501 448936 400
871960 872211 326
678115 679394 380
814531 814972 313
646978 647318 217
342294 353122 441
769030 769423 393
291157 299364 371
676731 678833 380
183363 184112 285
865010 865222 326
579966 580334 253
132392 133069 331
880653 881341 295
643067 644228 279
315659 316559 322
585164 588045 359
336485 339852 366
140316 145260 375
62060 69877 330
238652 238860 275
358126 358237 255
216862 225593 368
750878 751059 318
747742 747781 256
344307 357887 441
535249 535730 302
291276 292150 296
133497 133843 313
517155 517187 196
446323 446334 170
610566 611578 354
235005 238101 350
884045 884113 295
495651 497175 320
464773 466922 369
170150 170454 290
112477 112823 305
954235 954314 259
211544 212424 311
589219 589295 191
733761 733875 318
487042 487301 320
169681 169808 228
