1 10 20
100 200 125
201 210 89
900 1000 174
2777 6915 262
7793 8335 252
540 3426 217
5211 5368 192
2567 6429 262
2862 5123 238
3929 9802 262
3069 8167 262
1393 8456 262
5011 8042 262
6229 7373 257
4421 4919 197
3784 8537 262
6091 8980 262
6862 9170 257
6996 7281 195
336 6505 262
846 1729 182
1313 5857 238
1087 6808 262
6226 8586 257
97 2902 209
4286 9441 262
3865 9689 262
8031 8117 190
709 8927 262
4567 7856 262
4586 6965 262
6219 8624 257
1528 2871 209
5732 8829 262
6340 8149 257
2846 3451 217
2921 3555 199
2379 7488 262
7764 8228 252
7034 7764 239
124 4914 238
3743 6491 262
2227 8365 262
1432 2551 209
6437 9228 257
3275 5407 238
1474 6121 238
5928 9529 262
4443 5763 236
2904 4818 238
7369 7917 239
3324 7743 262
7505 8139 252
2954 9786 262
7669 8082 252
197 9507 262
6348 8611 257
3622 7828 262
4340 5422 215
3311 3810 238
2924 7637 262
2062 5624 238
973 7131 262
3881 4930 215
7199 7981 252
2959 3773 238
2813 9668 262
2926 6466 262
2090 7684 262
3376 5542 238
5936 9107 262
7445 9756 260
6887 9412 260
1659 2009 180
2336 5210 238
6342 7587 257
8206 9301 260
7721 9904 260
5939 9811 262
3940 5667 236
1705 6228 262
1127 9150 262
5984 6658 262
3920 9224 262
2422 7269 262
1396 4081 238
1222 9299 262
2298 6190 262
524 2590 209
8209 8581 234
8819 9336 260
5994 8004 262
379 4769 238
1860 8142 262
5579 5884 218
1993 3205 217
7621 9567 260
1961 2754 209
1326 4259 238
3202 3506 181
8872 9908 260
8036 8808 234
3303 3333 181
2890 9754 262
368 9529 262
4500 8046 262
3788 9797 262
6249 6990 257
