1 10 20
100 200 125
201 210 89
900 1000 174
14494 731467 470
819353 87309 470
149848 197068 383
795013 566544 468
634062 666956 429
897615 621856 468
498152 671006 470
987408 839896 476
318919 544527 470
949070 335371 476
732048 66064 470
558824 302987 470
955836 468631 476
317975 296486 384
176440 439835 449
476239 198730 449
959900 263866 476
399525 722248 470
99068 518173 470
752564 58320 470
725448 21496 470
179101 912587 476
229437 746934 470
308060 535086 470
349240 251117 441
417444 184552 449
356026 227491 443
217069 972402 476
957747 225097 476
824869 51270 470
667288 630925 429
393834 990039 476
564110 358528 470
615875 765358 442
416728 600279 470
707387 938957 476
371188 688543 470
475271 325476 449
301937 480548 449
978785 785594 476
636247 929087 476
40903 58165 340
245267 156918 443
910557 76716 476
43076 253705 443
456929 122782 449
239499 612066 470
885478 482800 470
585390 298996 470
574283 402686 470
772126 203541 470
771526 370748 470
534147 315155 470
564213 533051 452
613207 349680 470
970114 518610 476
439624 566893 470
983946 132614 476
130255 219758 386
964614 786048 476
683898 895761 468
684987 68217 470
353295 844301 470
858834 730470 468
784149 654706 468
434256 623454 470
309724 230403 443
680251 434655 470
928243 557010 476
274403 979340 476
761270 937063 476
186057 572542 470
533477 941399 476
655143 250326 470
513737 966830 476
625914 16658 470
932704 749828 476
217294 553832 470
400841 156221 443
619349 995894 476
647246 822349 468
309741 843390 470
168438 242866 443
193327 429243 449
760600 867648 468
901776 446650 470
323781 846441 470
976072 109110 476
792404 525819 468
392395 738245 470
178313 166309 347
413624 250173 449
827286 604368 468
360546 221753 443
805804 549600 468
230472 276314 443
771763 956939 476
187417 262864 443
921060 998341 458
70604 5767 340
808487 61598 470
424984 907702 470
394082 578693 470
556649 917617 476
185114 542581 470
844624 486849 470
209659 407846 443
891999 704051 468
764193 670701 442
969716 963810 383
874459 340824 470
936730 412617 476
654559 511601 470
725612 416195 470
568733 609004 434
384814 377489 379
848583 916938 476
368866 820554 470
701866 391423 470
411237 448813 418
902320 968038 476
37077 309052 443
615792 294833 470
507660 317574 449
90160 603483 470
437903 2006 449
983696 966187 458
510923 465221 426
980874 385640 476
428583 939666 476
383000 206627 443
255056 747173 470
662536 885200 468
598828 725877 447
251396 844273 470
6277 483856 449
822594 901741 432
886758 41677 470
125074 617245 470
13161 211800 383
435729 62408 449
347310 329210 441
321914 672317 470
613476 625077 447
442228 370426 449
604054 871474 468
77052 554398 470
245276 727200 470
449757 253199 449
168859 388610 443
