317 91485 351
1697 64759 340
2215 84002 351
2674 62506 340
3936 59850 340
4301 96052 351
5413 23342 279
5839 90255 351
6535 16941 276
6692 41439 324
7067 25245 282
7138 55978 340
7538 59693 340
7882 15113 276
10655 48816 324
11256 52777 340
11394 4375 268
12197 12830 263
12432 36819 324
13756 46980 324
13775 93389 351
18252 88723 351
18502 72973 340
20089 95080 351
21568 23627 282
21756 19664 274
21951 41891 324
22917 42099 324
23030 15876 279
23106 82690 351
23635 10726 282
23728 69367 340
24585 111390 354
25162 97999 351
25347 42439 324
26060 5467 282
27472 80465 351
27703 4016 308
27980 19695 308
28013 59757 340
29302 85027 351
30555 59222 340
30804 97391 351
30919 59838 340
31375 63080 340
31910 7406 308
31987 83161 351
32137 33459 267
33530 70332 340
33980 102456 351
34092 109195 354
34259 26909 311
35201 40347 324
35313 51569 324
35618 64773 340
37316 15066 324
37639 67274 340
38429 15140 324
38800 70190 340
38863 39168 275
39044 67111 340
39196 15695 324
39552 84377 351
39731 81414 351
39835 48256 314
39855 51570 314
39895 10803 324
40131 87621 351
40157 110015 354
41887 17361 324
42040 52945 340
43523 59214 340
44718 108693 354
45875 70676 340
45942 92697 351
46172 56913 340
46857 49921 314
46951 85220 351
47558 102845 351
49781 54642 340
50156 102024 351
50463 85139 351
50766 20793 324
50839 112344 354
51445 84074 351
51716 103068 351
51953 8356 324
52326 55242 340
52788 47922 340
52948 10487 340
53189 47999 340
54625 110480 354
55085 37301 340
55318 83146 351
55428 28821 340
55802 46200 340
56394 79302 351
56506 7618 340
57375 67306 335
57489 106675 354
57581 96454 351
58606 71061 335
59065 87560 351
59220 34824 340
59382 39897 340
59853 53586 322
60350 11335 340
61779 16378 340
62397 90156 351
64541 46021 340
64937 43997 340
65124 40112 340
65444 86993 351
65533 36215 340
65607 65387 268
66318 23647 340
66523 21153 340
66825 58987 335
66844 60922 335
67284 49914 340
69526 8995 340
69701 19987 340
70498 96035 351
70574 51247 340
71080 2604 340
71312 13433 340
71917 38670 340
72450 48850 340
73191 24588 340
74137 1321 340
74529 22869 340
74562 50255 340
74704 71515 294
74923 43694 340
75898 96118 351
76729 100359 351
76992 2907 340
77001 77136 351
77286 6661 351
77575 62832 351
77652 55412 351
79703 54395 351
80325 29360 351
81819 100967 341
82551 53694 351
82661 24060 351
82936 90128 333
82984 14525 351
84112 34213 351
84910 26025 351
85476 51904 351
85481 20979 351
87079 111593 354
87542 82723 333
89237 82137 333
89970 1944 351
90367 51203 351
92263 32806 351
92549 34800 351
93013 55555 351
93639 450 351
94082 31266 351
94177 42154 351
94625 108441 354
94823 41742 351
94967 103075 341
96723 108275 354
98230 46058 351
98674 101566 341
99005 12006 351
100097 61995 351
100514 22287 351
100732 361 351
101776 32132 351
102235 5240 351
103324 86284 341
103817 4072 351
105315 51194 351
105747 96051 341
106325 49490 354
106856 50781 354
108644 91143 354
108756 104331 354
108857 37221 354
110988 39349 354
111139 56528 354
112367 16991 354
112617 103223 354
112769 87095 354
113339 36223 354
999171 999172 153
999189 999325 396
999249 999415 396
999286 999254 339
999391 999390 114
999579 999425 290
999584 999975 290
999696 999571 290
999699 999448 290
999880 999794 259
