35819 74442 340
48639 72881 340
40357 5635 324
5288 40385 324
41097 76601 340
59454 52334 340
65568 78982 351
14920 88484 351
62228 358 340
60755 70205 335
38672 79321 351
44800 1609 324
15996 25911 282
76277 75725 307
32723 83452 351
23135 49671 324
3521 39377 324
98510 43619 351
76761 61120 330
10455 90544 351
18471 99624 351
80375 30037 351
93664 46002 351
63013 66911 330
32673 4658 308
10629 19916 279
50041 78855 351
35771 52755 340
3197 9989 262
1460 81627 351
46667 98161 351
8877 82074 351
3833 16549 276
67146 76685 325
23850 78636 351
54648 9741 340
92005 35289 351
69434 34745 340
48223 10402 324
72828 11833 340
78822 11310 351
84821 49006 351
95796 37419 351
34080 10665 308
39753 87996 351
94895 84267 333
28642 29827 272
17153 15478 266
30241 17194 308
9478 52394 324
17006 15818 266
7963 59368 340
71355 24496 340
45888 52322 314
76372 50962 340
80813 33760 351
80810 29171 351
94750 38244 351
64527 93412 351
72500 22088 340
51908 21162 324
50743 71102 340
11192 30226 308
12851 10872 268
40776 6063 324
66659 23126 340
4245 957 238
398 71453 340
95070 77389 338
99360 81504 333
95860 34526 351
89641 36196 351
18581 69082 340
18431 40387 324
56333 81794 351
46287 45633 252
62451 18353 340
74491 62559 330
30016 8568 308
29909 86983 351
66061 96270 351
73708 54319 335
36254 50066 314
73388 39677 340
62804 70146 330
84336 61217 351
64608 68089 312
40016 10416 324
21752 67177 340
18947 3332 279
88039 20014 351
95250 32470 351
74072 42201 340
45917 86282 351
18885 31114 308
89296 68602 351
39898 50391 314
82061 49818 351
865 80479 351
47912 83182 351
