1 10 20
100 200 125
201 210 89
900 1000 174
1 1 1
400010 400899 374
2101 2600 209
10 20 21
20 10 21
1 2000 182
50429 50629 234
52359 52559 340
58633 58833 273
15050 15250 222
50282 50482 265
17043 17243 235
6780 6980 257
1974 2174 170
59522 59722 273
39761 39961 306
99471 99671 266
49966 50166 234
25900 26100 202
31967 32167 254
23341 23541 282
40592 40792 257
44353 44553 239
109616 109816 292
48743 48943 296
111717 111917 292
77363 77563 214
10182 10382 242
50922 51122 265
101368 101568 310
106442 106642 310
63029 63229 317
51082 51282 234
73695 73895 294
2335 2535 209
30974 31174 223
77691 77891 245
84500 84700 258
36158 36358 249
97334 97534 297
48936 49136 190
26299 26499 277
29504 29704 241
59605 59805 273
18475 18675 261
70360 70560 250
88467 88667 271
48208 48408 221
107571 107771 279
25493 25693 233
39684 39884 275
1407 1607 172
27224 27424 246
109613 109813 292
7709 7909 221
103572 103772 248
48140 48340 252
21282 21482 256
24494 24694 264
93481 93681 222
16250 16450 222
65476 65676 268
110305 110505 230
78216 78416 276
86037 86237 302
84828 85028 258
12128 12328 250
36538 36738 218
37062 37262 262
36442 36642 218
13533 13733 245
16314 16514 266
18995 19195 199
64197 64397 299
90979 91179 240
43695 43895 270
41891 42091 226
108114 108314 217
5761 5961 218
58262 58462 242
74625 74825 325
86990 87190 333
60153 60353 317
5277 5477 192
59239 59439 242
18993 19193 199
24804 25004 233
22517 22717 269
1357 1557 172
79319 79519 276
72132 72332 250
2915 3115 217
37018 37218 262
31341 31541 285
53270 53470 216
85348 85548 258
20994 21194 225
1896 2096 175
45098 45298 314
10505 10705 255
104132 104332 297
32483 32683 223
5061 5261 179
14694 14894 271
57337 57537 260
46200 46400 208
57708 57908 229
37817 38017 231
108562 108762 248
22154 22354 238
30419 30619 241
92540 92740 302
11573 11773 219
61974 62174 317
12316 12516 263
79808 80008 307
30312 30512 241
84765 84965 258
48158 48358 252
108498 108698 261
41409 41609 226
1536 1736 180
44939 45139 314
53947 54147 247
70765 70965 219
7691 7891 221
