14722 15806 271
10233 11670 268
844 11623 268
1803 16008 276
19417 19423 124
3488 13792 276
16451 17305 266
17467 17487 173
18546 19866 274
17825 18448 248
2950 3408 199
6647 8847 257
4886 8440 262
14854 17423 271
1722 11927 268
10779 19711 279
11271 13019 263
895 5567 238
17292 18127 279
7715 18361 279
16946 17917 279
11688 15978 276
3263 3901 238
15825 16290 253
16924 17659 279
13805 17811 279
18308 19932 274
14106 19308 279
2135 16848 276
4664 10175 262
6741 12380 268
15204 16456 253
18014 18157 186
19377 19585 199
5858 12247 268
2116 14057 276
9342 10792 255
2405 15635 276
19140 19223 199
7889 7947 190
9180 19782 279
11068 12453 263
5748 15468 276
10467 19440 279
16105 19897 279
2269 7723 262
7381 7728 239
1753 4343 238
13789 18356 279
11036 13720 276
6646 9658 260
17405 17479 173
3159 13368 276
1355 17603 276
1435 14511 276
12671 18927 279
14305 19802 279
3038 9031 262
7728 13806 276
19719 19940 274
16999 18076 279
10857 15656 276
14701 17849 279
6270 10839 260
18572 18606 261
4450 5511 210
6847 10812 260
11451 14434 276
15620 16486 266
9780 17724 279
8204 8680 234
10240 10322 180
7011 18444 279
5175 8956 262
5351 7625 262
7127 9623 260
5515 7615 262
10186 14735 276
15754 16352 253
1205 1402 177
12190 19533 279
10539 10769 255
6785 19706 279
14051 17491 271
11818 12387 263
5995 13274 276
16600 19274 279
9079 10627 260
15001 16441 271
9009 11084 268
18644 19301 261
1843 9353 262
5946 10166 262
6670 11597 268
15511 16961 266
10858 11732 268
15481 17899 279
19491 19806 274
19879 19910 274
15722 19277 279
17085 18297 279
3674 17302 276
11338 18602 279
6753 7304 257
19147 19424 212
16930 19969 279
11343 17256 276
14902 16691 271
11847 13633 276
3197 19713 279
1496 1740 180
7653 18772 279
2631 11002 268
17209 18108 279
10580 11945 268
12525 15919 276
13382 16333 271
19176 19706 274
3083 12047 268
3502 13997 276
12629 14372 276
17137 19287 279
18941 19394 230
169 16824 276
16545 18884 279
10631 16434 276
3980 6993 262
5298 13450 276
5633 15689 276
19728 19906 274
13229 17183 276
12639 17529 276
2778 9132 262
14109 18396 279
10972 12496 263
13261 14714 271
11026 17341 276
19314 19473 186
15653 18742 279
12337 14663 276
11049 14964 276
1196 5838 238
9950 17775 279
14532 19836 279
18152 19907 274
11983 19085 279
4522 13179 268
16767 17491 266
8157 9197 247
16116 18736 279
11095 18701 279
17545 18182 279
14840 18932 279
2055 5363 238
17859 19291 261
5580 19142 279
15252 17513 266
13678 16538 271
18377 19576 261
10080 17613 276
9426 19874 279
2491 3981 238
9676 9676 61
2501 5263 238
19545 19596 274
7956 10293 260
8782 11054 268
1604 1829 180
19759 19993 274
17365 17427 204
4869 16509 276
19318 19710 274
11348 17830 279
14096 18346 279
5792 12418 268
4219 13687 276
15405 15986 253
19166 19840 274
9465 13011 268
5287 11602 268
10914 17270 276
279 19690 279
18915 19109 230
82 16690 276
2909 14968 276
9226 16911 276
16240 17658 279
649 14732 276
14997 15484 271
14617 16227 271
5911 6712 262
7126 14013 276
10189 10856 255
10271 19305 279
3948 7949 262
5497 18415 279
14485 17260 271
8378 8898 216
4571 12433 268
2918 17527 276

