1 10 20
100 200 125
201 210 89
900 1000 174
997855 998761 277
890851 893150 326
948094 951375 414
533575 534854 346
6118 25970 282
714690 716038 305
323337 329714 384
941507 944251 352
67918 104061 351
315553 318828 353
971874 973812 383
66175 93287 351
993003 994825 365
28518 55134 340
995463 996335 365
987126 990052 352
984807 990467 427
107169 109766 292
998599 998738 246
994239 996147 365
20023 27568 308
987200 989727 352
75285 102752 351
47420 56728 340
14940 25251 282
340446 340575 304
783478 785271 331
232395 237029 381
193686 200957 360
144309 148476 357
767259 768606 468
789950 794289 437
85454 109464 354
441522 442817 356
991938 993006 352
794583 795215 300
2398 84447 351
996599 996872 321
71894 87443 351
599783 601136 372
992605 992932 352
992934 993805 290
986666 990555 396
11572 110927 354
646903 647529 310
998232 999080 396
331486 335752 353
892246 893233 295
829295 829566 375
33934 53775 340
890780 898777 370
78413 96271 338
94221 109929 354
999535 999665 290
22501 72533 340
913184 915351 370
10468 97062 351
2545 7499 262
334220 334695 322
947355 948486 383
6069 40614 324
992005 993613 352
30716 65225 340
790729 795859 437
67264 99457 351
262567 263148 407
232526 235925 381
877358 880035 401
932512 932788 370
999476 999735 290
89654 109333 354
987846 988141 290
999112 999138 197
997938 998836 277
987029 990532 396
970310 970943 458
7964 31879 308
562724 563882 359
354239 355704 379
12498 85441 351
24513 82628 351
28962 93295 351
187883 191072 360
328949 335584 353
989493 990308 352
56576 96167 351
12719 81761 351
39779 44565 306
42698 101741 351
14373 35793 324
691735 693170 442
55317 99936 351
991389 991678 290
994516 996758 365
452299 453340 369
15360 65421 340
57912 96152 351
309772 310601 371
913219 915948 370
52346 61125 340
999246 999869 396
901696 905998 401
993838 994076 246
97913 111193 354
992295 994120 352
984781 986581 427
272968 274693 358
594289 596446 372
904056 904423 264
27023 55294 340
3905 80185 351
399332 399853 299
985612 987709 396
423293 424699 418
28181 56678 340
771561 772071 362
96611 106930 354
441123 452051 387
894773 895744 326
995722 996829 365
32387 104510 351
506737 507874 382
14983 53880 340
791104 791763 344
79146 91312 333
874019 874403 295
682356 683197 305
900561 900940 401
438539 444973 400
594288 595006 328
992729 995751 365
42036 103380 351
999479 999826 290
672997 675484 367
995244 995357 259
994886 995025 277
34306 44334 324
43999 67197 340
545 25820 282
890973 898110 370
304390 304952 309
91617 92072 240
980577 981280 427
993537 996312 365
533031 535052 377
983084 983704 383
748431 748631 225
91484 99142 328
555066 558172 390
641745 643807 416
115160 119080 349
993513 994359 352
920573 922696 445
999305 999695 290
89033 101998 341
912771 914605 357
81964 112558 354
342488 350068 441
62028 103773 351
25869 52683 340
985547 987929 396
4182 27188 308
918169 918543 277
31659 105094 351
913585 915424 370
21934 30796 308
90079 111020 354
992250 996313 365
15937 45083 324
999197 999568 396
3502 50651 324
594341 596516 372
47188 82303 351
894701 895493 282
917360 917542 264
437844 446025 400
27138 78023 351
671933 674537 367
992165 995269 365
993792 995445 365
994767 996227 365
17220 85220 351
61485 62750 317
16560 17015 266
26034 34639 311
790886 794981 437
58213 69877 335
993325 994560 365
762285 763115 331
994892 996231 365
965881 966510 365
992830 994395 365
989586 991523 321
27913 104710 351
692 28243 308
995070 996562 365
954799 955159 383
2746 61961 340
40311 54028 340
24743 60175 340
14478 53630 340
10368 20755 279
874261 874590 388
803960 805641 331
999659 999873 290
550495 551957 377
995871 996128 365
948725 949274 277
341141 348261 441
98681 111511 354
44224 86686 351
595357 603994 403
963945 964911 352
788659 792065 406
923446 924028 308
5209 112111 354
987888 991857 352
32662 49713 324
