89753 34777 351
43055 73823 340
38955 60533 340
84442 33376 351
97561 89850 333
27787 70748 340
87843 61428 351
54075 10142 340
22378 85921 351
92694 34366 351
78828 43826 351
81415 40452 351
66853 16343 340
50823 1837 324
91336 15809 351
77247 56908 351
70936 32906 340
2413 21943 279
6378 84488 351
14079 13551 258
72230 60075 335
77549 1357 351
29932 22626 308
13713 59722 340
85314 47088 351
48845 37208 314
37336 1408 324
36466 97751 351
16493 49026 324
4824 25871 282
91065 79277 333
14883 29765 308
27333 52740 340
23178 20753 269
25907 82223 351
31501 95291 351
20470 56917 340
71101 96673 351
78528 44826 351
81515 45452 351
66553 14343 340
50523 1237 324
91536 13809 351
77547 54908 351
70336 32906 340
2433 21743 279
6348 84688 351
14279 14551 209
72330 64075 325
77549 1857 351
29632 26626 272
13713 52722 340
85214 43088 351
48345 37208 314
37436 1508 324
36566 92751 351
16793 45026 324
4844 25471 282
91265 78277 338
14283 27765 308
27633 52730 340
23778 20723 282
25207 82253 351
31201 95251 351
39 79 116
32 61 113
10 95 116
79 42 116
91 35 116
52 21 112
83 30 116
97 59 119
120 160 122
150 927 179
847 446 171
432 135 144
774 568 171
444 621 142
248 371 144
733 827 153
562 749 171
230 122 125
440 966 179
334 391 126
930 1000 174
527 1010 179
620 651 145
339 341 51
955 629 179
42 445 144
547 548 93
62 514 144
133 234 128
850 428 171
27 63 113
542 523 124
537 703 171
50 93 116
24 14 21
51 93 116
29 26 112
52 34 110
23 23 16
48 92 116
7769 7705 177
1832 2047 175
2260 2344 183
6325 6757 244
1010 1386 182
6268 6290 156
9014 9372 260
