1 10 20
100 200 125
201 210 89
900 1000 174
1 2 2
1 3 8
2 3 8
1 1 1
10 10 7
10 5 20
10 1 20
200 100 125
210 201 89
1 1000 179
1 100 119
51 100 119
1 9999 262
999 999 50
1337 8085 262
999 1 179
999 998 50
3 1 8
189 214 120
214 2187 182
21900 549 279
312 465 144
4564 18483 279
168 456 144
1 11 20
1231 4134 238
242 14314 276
14 424 144
4242 5425 215
1 1000 179
1001 2000 182
2001 3000 217
3001 4000 238
4001 5000 215
5001 6000 236
512 524 124
512 512 10
524 512 124
666 777 171
777 666 171
123 456 144
456 123 144
456 1 144
1548 4875 238
4546 4357 215
15481 13254 276
13574 4647 276
1 5000 238
1 4000 238
400 8000 262
800 1 171
8465 19872 279
12324 25678 282
1547 4879 238
1544 1586 167
1567 415 182
1235 4887 238
1365 7898 262
7898 8987 252
4535 4963 210
2155 5887 238
1354 4328 238
1111 222 179
111 111 70
1111 1125 138
12324 35621 311
78854 9968 351
1553 4878 238
5123 6281 262
7139 936 262
7133 33456 308
87454 4556 351
123 1548 182
12 13 10
12 18 21
16 654 145
1864 4875 238
4848 4798 166
1776 1812 162
12 8874 262
984 12 179
6548 8789 257
1235 4878 238
6784 9314 260
6987 132 262
1587 4647 238
1321 1645 172
158 1234 182
3216 4561 238
7893 9871 260
8468 7985 234
7474 9184 252
654 6838 262
4978 2356 238
9889 9976 242
98 789 171
