8952 89340 351
62708 63550 330
75268 73604 325
2898 1733 209
90678 90014 315
13680 13079 276
57268 57260 79
10004 70896 340
29492 27688 272
55998 55620 260
93070 93320 253
14296 14688 209
112144 113040 323
112860 113114 292
110376 108696 310
45150 44679 314
7280 6240 257
18172 15645 279
16422 57322 340
59400 60922 317
29840 28894 272
65800 86004 351
5751 5985 218
78100 76550 351
52750 80832 351
35112 33380 311
33872 35758 324
79560 81436 320
37116 66374 340
54720 53176 322
30386 30848 254
71570 31658 340
35200 35224 156
66668 67208 268
110240 110578 261
86384 78586 338
6320 86656 351
502 1836 182
55242 55240 185
2400 672 183
1250 1800 180
22932 24091 282
2824 3184 217
8166 1302 262
626 755 171
51168 51789 309
5286 128 238
1 13456 276
2038 4474 238
3340 71800 340
1004 30355 308
66850 68235 312
33725 34463 311
4 4 3
24288 288 282
2 2 2
2 1 2
1 1 1
3 5 8
100 99 26
7 11 20
8 98 119
713 281 171
46620 45274 283
2470 1190 209
62835 62209 286
56811 56330 291
8170 7745 252
23716 22442 282
67830 69417 312
105192 103214 341
90288 91582 333
103077 103426 217
1 1000 179
1 10 20
100 200 125
201 210 89
900 1000 174
60 1770 182
4028 3014 238
754 896 179
1582 1 182
1430 143 182
3870 4766 215
4094 4756 215
207 539 144
2396 1900 183
4064 4289 202
60 1770 182
17908 19201 261
35490 34054 311
2665 3817 238
5355 3431 238
37536 36057 306
32800 31439 285
44944 43760 270
32832 32749 236
754 896 179
999990 999992 166
555 555 31
1 2 2
