1 1 1
2 2 2
4 4 3
8 8 4
16 16 5
32 32 6
64 64 7
128 128 8
256 256 9
512 512 10
1 3 8
3 7 17
3 8 17
10 14 18
20 25 24
50 56 113
78 89 111
100 101 26
110 120 114
1 100 119
1 1000 179
1 10000 262
1 100000 351
56 94 116
170 290 128
500 1000 179
98000 99000 284
9999 10000 92
1 113382 354
24 1 21
1081 999 169
361 200 144
512 237 144
134378 134377 70
138366 134380 344
9957 9999 180
170076 170080 122
184495 184532 179
201590 201600 174
239232 240000 306
100 500 144
400 200 144
437 981 179
536 535 31
67 66 28
2132 3000 217
3854 3902 176
276 285 105
1200 1300 177
1310 580 182
512 572 137
2 100000 351
47 40 110
26 3 24
252 252 110
1001 1002 143
1003 1003 42
1211 1581 177
23500 23512 158
89032 88000 333
50000 100000 351
1000 50000 324
48700 48703 159
4236 4850 215
12 19 21
64 54 113
301 389 144
412 3 144
200 217 115
986 989 50
170076 170076 65
204014 204014 86
3200 3300 168
3300 3200 168
5 10 20
20 15 21
25 30 112
40 35 35
45 50 105
999999 999999 259
1199 1202 71
8105 8199 190
400 399 121
400 499 142
56014 60210 322
5900 200 238
13876 15085 271
94032 90000 333
47 46 105
105 102 88
102 105 88
653 652 26
12540 1 268
2 530 144
10567 10567 61
80 79 36
1000 1001 143
1 110000 354
36 38 22
42 40 110
1053 3 179
