1 10 20
100 200 125
201 210 89
900 1000 174
1 1045 179
380 2790 209
10 15 18
7000 91023 351
5476 10083 262
8 92 116
75 9102 262
15 908 179
65 60708 340
56 87109 351
590 3761 238
6021 8370 262
9 134 122
1 7309 262
113 311 128
322 1337 182
555 1190 182
67 9018 262
5569 10000 262
7 453 144
9918 35817 324
10 784 171
3 8317 262
1111 4210 238
2145 5489 238
6676 5398 262
90 345 144
3387 3745 238
8714 5584 262
14 14114 276
1 5460 238
20 80 116
35687 35999 249
1212 56871 340
45682 55700 340
700 6312 262
8836 12345 268
15896 45981 324
30206 50801 324
33 487 144
817 912 179
512 76051 340
78075 13458 351
10111 44556 324
73901 9999 340
23 11903 268
138 1105 179
739 33212 308
87 322 131
5645 11238 268
22 45 112
17568 83715 351
83833 20978 351
45 49 105
1 3 8
829 18396 279
1120 1243 182
94 369 144
2 2048 182
2410 3263 217
27009 20210 308
2401 75334 340
54389 77294 351
411 911 179
422 98301 351
73 21159 279
6345 10495 260
3359 14826 276
34 81746 351
9900 11957 268
9336 40175 324
83 9221 262
740 3718 238
302 28174 308
3455 19576 279
4927 11047 268
18563 11957 279
9473 50722 324
138 261 128
4 40 112
2947 61482 340
77194 22917 351
53 1356 182
816 33392 308
42016 35691 306
1223 44456 324
134 9364 262
76182 31891 340
79182 8745 351
6284 31987 308
102 30057 308
39 137 122
614 2186 182
7910 66480 340
6 7821 262
200 5158 238
25 255 128
5676 12467 268
41147 21482 324
304 367 144
10 208 125
34 39 35
12846 50284 324
