1 10 20
100 200 125
201 210 89
900 1000 174
373069 374571 348
503303 503984 320
332681 336802 366
242630 243928 337
871844 872058 432
533388 535286 346
592920 596831 372
664813 664922 292
21712 56750 340
72996 76232 325
547793 548179 315
651457 651649 248
73557 95590 351
881581 882236 326
339115 339412 260
808301 808342 238
865586 865635 370
5063 71900 340
845363 846709 313
276417 276517 283
57837 60870 317
91060 109961 354
739026 747039 424
990526 991906 321
318471 318957 353
468599 472928 351
897862 899519 370
166016 169357 334
705879 709198 349
835047 835234 207
329405 336418 366
225374 226173 337
754505 754986 318
395933 396015 268
830489 832954 419
625024 625750 354
128422 133146 344
530947 531074 271
926001 926569 326
298186 298785 265
424512 425162 356
710256 712503 380
960626 960836 352
136505 136945 269
266130 268348 345
110142 111683 323
114233 125998 349
453704 458785 356
863956 864983 326
844701 845322 401
446089 449943 369
350851 352257 379
635536 636668 310
929745 929854 264
671750 678696 385
593299 603167 403
181366 183702 334
956660 956734 308
518323 520854 439
768497 769307 393
104863 109475 354
120488 125325 336
90058 101653 341
47245 75769 340
593406 594407 328
645377 645558 279
907702 909363 370
511625 513565 470
460629 460675 188
15794 80076 351
45195 63807 340
380168 381274 379
123952 129370 331
805995 806158 300
721594 723526 411
257593 258167 257
222230 226600 368
865698 865748 326
478067 478313 351
671949 679724 385
351118 356094 379
523287 523413 271
107785 110143 310
326747 334220 353
760324 762089 380
164311 169302 352
705779 713508 411
575226 575313 222
227578 232477 443
573879 573969 235
829296 829324 282
752242 752688 318
164896 166468 352
944270 944406 277
38857 89012 351
79395 95937 333
24007 40212 324
577795 578599 346
978467 978798 352
1607 2925 217
863410 863597 295
310233 311149 371
122451 122758 256
595589 597979 372
101162 107703 354
233739 235132 381
224341 224528 324
490135 490325 258
119171 120294 305
402707 402918 268
582032 582531 328
312253 312369 384
292745 300471 371
342129 343256 353
262821 263708 407
202934 203635 311
364406 367367 361
397264 399901 374
174383 176550 334
177306 177377 272
989084 990473 352
229258 233739 443
344755 355510 441
709361 709800 305
436996 437082 250
577413 579199 359
451432 452911 294
352132 356656 379
727840 728419 287
463860 466161 369
432934 436090 356
396731 399779 374
463423 466248 369
724077 725033 362
30178 70224 340
249930 253164 332
504469 510049 382
844221 844531 313
529690 530986 346
484752 485325 320
369204 370346 392
542121 542125 165
571225 573036 372
631455 632875 385
305881 305946 203
525163 527815 408
883682 883762 233
468680 474830 382
248728 254764 350
132101 133786 331
596170 602222 403
797867 800490 375
712765 713365 318
225303 225861 337
68440 90970 351
203761 203851 236
944458 944588 383
930632 930848 370
727271 727368 318
17134 70207 340
867038 867513 344
368951 368952 136
73333 77804 351
433733 435105 356
922309 923598 445
120188 127089 336
44977 75434 340
918831 919178 339
362471 363031 273
467942 477481 382
169681 169808 228
