1 10 20
100 200 125
201 210 89
900 1000 174
1001 2000 182
38923 40857 306
110000 100000 354
999999 999998 259
16807 10000 276
66299 47291 340
20371 12873 279
28554 21320 308
92510 8569 351
72675 15740 340
2337 2274 183
9135 1378 262
96739 69099 351
87073 55854 351
53268 8489 340
30357 26586 308
47731 32966 324
95073 2663 351
60749 25981 340
18646 836 279
19148 11107 279
39617 20034 324
94564 39573 351
57861 56686 304
17272 7552 276
16912 12160 276
39476 4001 324
38792 19891 324
46050 18307 324
51461 11936 324
21814 16698 279
23383 19332 274
98571 65540 351
29055 448 308
47149 35096 324
39636 29648 324
18989 12034 279
46692 5520 324
28581 27132 259
71050 25881 340
34585 83 311
35241 31453 311
59270 35466 340
55778 12869 340
41892 9382 324
75969 45486 340
65162 31865 340
45915 18594 324
40914 17948 324
87195 53298 351
7043 3409 262
19446 9050 279
45565 29292 324
60221 26196 340
63039 50851 340
90038 49604 351
14438 1562 276
70408 51349 340
33771 18820 308
42125 31631 324
71654 26043 340
67053 37467 340
1573 829 182
43316 13796 324
2214 1565 180
41658 33818 324
16972 1232 276
39254 21316 324
74890 26892 340
16990 16215 266
45310 24242 324
39052 27389 324
96426 26380 351
86280 65921 351
61262 24999 340
26681 21558 308
52732 16110 340
58685 23419 340
42749 4939 324
7937 2350 262
51801 13554 324
90309 1900 351
15010 5380 276
62254 61548 317
41445 791 324
54173 13304 340
35847 7992 324
5379 4788 210
32713 13045 308
28043 11454 308
43342 782 324
9370 7970 260
41984 18063 324
25441 4385 282
4891 3716 215
12644 11259 263
13241 3417 268
28090 19285 308
45994 36456 314
38264 25124 324
48628 30075 324
77856 49786 351
66472 61491 330
64113 29612 340
