1 10 20
100 200 125
201 210 89
900 1000 174
1 2 2
1 1000 179
500 1000 179
20000 1000 279
1 1 1
89243 41286 351
10183 16681 276
41187 3772 324
11554 64405 340
36836 74360 340
47457 2219 324
43511 90603 351
61007 53689 335
70956 80139 351
1747 83284 351
19759 35308 311
59488 56688 304
97083 36976 351
28770 10889 308
72192 58000 335
67303 77023 325
16934 65618 340
25457 5834 282
37427 50528 314
8791 65923 340
97670 81519 333
24234 48443 324
20399 52536 340
55829 1883 340
694 12679 268
87799 59871 351
51077 9406 324
57347 69669 335
14501 72330 340
43227 72805 340
35562 52 311
62978 37412 340
80304 98323 333
88480 6997 351
84937 26446 351
7591 66159 340
91972 97036 328
4354 82833 351
36127 28691 324
19071 74505 340
56523 642 340
98715 29494 351
85386 58481 351
1131 36284 324
74892 90181 351
59588 32195 340
30412 51288 324
22140 36840 324
94471 64281 351
79827 77663 338
9051 77712 351
82823 47170 351
45398 23709 324
96500 24150 351
5212 51034 324
94863 35949 351
66009 23417 340
87026 26659 351
39537 5583 324
91064 6742 351
33974 6831 308
30939 27663 272
55705 53667 260
44843 39027 306
58895 30458 340
54909 33873 340
64488 93887 351
91665 75465 351
63844 37273 340
17429 78819 351
79463 11446 351
72931 81667 351
82786 87772 333
62390 73521 330
87884 7733 351
51860 59249 340
65369 43551 340
8157 92983 351
94891 59336 351
61883 48529 340
76122 1373 340
84801 88858 333
99386 25855 351
96647 82956 333
14481 7420 276
58223 15619 340
43863 74651 340
82807 85542 320
72939 79558 351
34396 82650 351
75482 17610 340
19485 22787 274
91909 53384 351
98586 5907 351
51148 64096 340
99877 35130 351
72991 8610 340
3217 95223 351
82096 67247 351
55470 74870 335
71646 7090 340
91286 64761 351
52576 21982 340
70601 79692 351
88430 40895 351
21413 42214 324
17492 8743 276
37251 55899 340
68456 81249 351
92559 4665 351
32374 24774 308
80566 23652 351
98406 66292 351
77996 80473 338
3514 68780 340
8184 31366 308
36221 37102 262
28648 47155 324
19375 15459 279
15032 81210 351
34169 45392 324
27186 92564 351
91256 80858 333
95824 61930 351
62507 96291 351
90639 17747 351
88294 56235 351
57939 24479 340
73732 49219 340
77713 23405 351
20187 86688 351
826 46446 324
50023 357 324
25242 11489 282
83252 74568 351
