1 10 20
3 3 8
5 5 6
10 10 7
30886 83
36915 77
38335 93
60492 86
41421 49
90027 62
20059 90
13926 63
83426 40
55736 72
95368 11
56429 67
21530 82
65123 62
3135 67
79802 29
22 23058 279
69 98167 351
93 18456 279
11 78042 351
29 77373 351
21 44919 324
84 98537 351
98 94324 351
15 64370 340
13 3526 217
91 68980 340
56 41873 324
62 99170 351
96 97281 351
5 20925 279
84 36327 324
36 26505 282
46 21729 279
13 25857 282
24 53895 340
82 545 144
14 33367 308
34 90364 351
43 13750 276
87 26808 308
76 47178 324
88 93584 351
3 2651 209
54 12399 268
32 95060 351
76 93368 351
39 10012 262
26 98586 351
94 97539 351
95 80570 351
34 60378 340
67 66601 340
97 12902 268
17 70492 340
52 60756 340
1 60280 340
86 9441 262
65 29689 308
44 46619 324
40 44729 324
31 8117 262
97 5771 238
81 90675 351
9 98927 351
67 77856 351
97 72353 340
86 76965 340
6 64683 340
19 28624 308
28 32871 308
32 48829 324
3 30019 308
70 63368 340
8 86715 351
40 18149 279
96 723 171
18 2245 183
46 93451 351
21 43555 324
79 97488 351
64 88228 351
41 92350 351
93 41500 324
34 87764 351
24 24914 282
87 75856 340
43 46491 324
27 48365 324
59 81936 351
32 52551 340
37 99228 351
75 75407 340
74 76121 340
58 94395 351
29 61237 340
35 73793 340
18 94428 351
43 31011 308
28 39529 324
76 22404 279
43 55763 340
13 54538 340
6 36840 324
4 44818 324
28 70688 340
69 67917 340
17 66996 340
24 87743 351
70 12183 268
90 95499 351
72 6725 262
44 55590 340
5 68139 340
54 69786 340
69 38082 324
42 88464 351
97 39507 324
55 28804 308
48 78611 351
22 27828 308
99 87343 351
46 35568 311
40 55422 340
11 13810 276
5 21801 279
61 73730 340
78 11305 268
20 78736 351
44 48626 324
22 3465 217
8 73416 340
82 13258 276
24 67637 340
62 5624 238
0 32036 308
52 11899 268
79 45550 324
68 90071 351
73 87131 351
81 84930 351
33 45894 324
60 70163 340
99 87981 351
99 52996 340
59 13773 276
13 39668 324
90 81095 351
26 16466 276
84 11340 268
