1 10 20
100 200 125
201 210 89
900 1000 174
31645 92631 351
39709 46302 314
5 6 9
100 10000 262
250 255 110
999 1000 112
44877 98874 351
22347 24376 282
15471 56725 340
46053 85617 351
9086 91426 351
14305 81284 351
30494 30849 254
39904 44422 306
81179 81547 258
21149 25606 282
14645 36047 324
44521 97130 351
18186 87487 351
2741 54082 340
7918 42110 324
68172 69621 312
58779 78217 351
10794 59975 340
24772 63065 340
19348 46661 324
32079 52226 324
41036 95229 351
1387 1830 180
11054 28724 308
41994 48172 314
81145 95015 333
50039 78845 351
12006 53733 340
80525 98664 333
7019 11327 268
60230 72137 335
42849 65676 340
59464 61192 335
72709 99252 351
100 8092 262
38990 71954 340
13122 29129 308
26101 63039 340
42492 44839 270
67747 74638 325
31954 41998 324
67543 74049 325
680 3516 217
9620 81973 351
38280 88871 351
76349 81473 351
40394 63013 340
15704 75897 340
15344 38984 324
22501 67186 340
40425 50724 314
17707 23840 282
2144 6484 262
31285 72967 340
7147 15510 276
58485 94036 351
3697 29607 308
63822 80725 351
54361 54354 203
9655 94749 351
8623 113 262
59075 78301 351
28660 38170 324
15216 99770 351
8851 66617 340
38840 99987 351
27094 9286 308
19771 66255 340
138 7079 262
68253 78626 351
10489 99817 351
68279 88504 351
77321 79823 338
86052 95837 333
13946 20531 279
31337 87610 351
42587 81769 351
23836 37819 324
71296 4182 340
26640 42440 324
1119 29452 308
90085 12827 351
9048 62253 340
4628 7495 262
68535 98657 351
88509 14283 351
22231 75157 340
57414 80621 351
47146 93888 351
36320 24429 324
70572 56728 335
