36798 45293 314
88483 55788 351
56063 28661 340
7501 42645 324
35104 19653 311
70854 33638 340
27547 18405 308
24752 35033 311
28577 30004 272
26524 26908 308
40349 77189 351
62315 89091 351
50459 66544 340
83084 97878 333
82766 84423 320
847 67034 340
40017 86658 351
53092 23369 340
60861 17601 340
81594 74065 351
47468 92297 351
60075 43627 340
60017 107492 354
68645 38866 340
29908 108977 354
51212 100153 351
55103 5917 340
66305 32313 340
11269 18810 279
52035 21478 324
93376 100330 341
108210 14957 354
101076 47933 351
62558 23023 340
60327 1158 340
69886 19948 340
49442 3547 324
69508 83691 351
66452 3022 340
74288 39806 340
36822 23106 324
59274 111041 354
1723 101423 351
84509 96028 333
101008 97628 341
46735 65561 340
33304 28145 285
110273 47708 354
68883 7056 340
80366 3803 351
93260 9154 351
91939 52001 351
100636 76020 351
9133 54383 340
30185 8148 308
109344 68879 354
17177 60717 340
45156 84815 351
27438 112847 354
97577 10610 351
40649 4568 324
85160 69789 351
74130 68846 325
54245 112770 354
39741 32623 324
58010 9158 340
15337 74384 340
3961 19646 279
41486 60708 340
58012 76597 335
95360 98726 297
44529 83650 351
43382 47084 314
42397 52874 340
43957 19072 324
63062 83528 351
112471 105188 354
70734 55034 335
38802 47615 314
75349 177 340
91839 23406 351
25602 64627 340
61292 82601 351
22367 32556 308
97969 38598 351
106734 74222 354
89066 95483 333
73391 35467 340
4425 50012 324
93836 23932 351
41361 958 324
4625 40952 324
56476 60617 317
98404 804 351
111359 36022 354
88401 17903 351
111676 80334 354
102817 93305 341
6605 105778 351
63348 5355 340
114598 133181 349
122861 115980 336
129423 128286 331
126041 118948 336
130727 132891 331
900575 891590 383
894462 892840 326
897773 890215 370
894403 895193 370
901000 890665 401
999285 999615 396
999665 999833 290
999682 999969 259
999316 999245 396
999699 999315 290
999509 999288 396
999725 999773 259
999685 999463 290
999414 999423 259
999690 999379 290
180897 174617 365
172808 173272 303
174037 173711 303
173494 170204 347
170673 174540 347
183997 175927 365
179409 172186 347
173007 176176 347
172606 183447 365
178495 171682 347
233607 233358 275
236287 238679 350
235032 230510 443
228805 238079 443
237455 235712 350
233270 233920 306
232644 228082 443
233682 228970 443
227876 227706 262
232617 229186 443
191336 201568 360
212650 213102 311
466992 477792 413
888888 888888 119
1 113382 354
405656 406548 361
406932 406453 343
406548 406876 281
405728 406091 361
407379 407623 250
407313 406532 343
405553 406841 361
407166 405876 361
406465 406201 343
407039 406149 343
519598 521034 364
520077 522543 364
520811 523354 364
518383 519414 439
519513 519575 302
517585 520389 439
523218 523274 227
522735 518599 439
520531 519014 364
523313 521426 333
608356 611119 359
610602 608965 359
610199 611512 354
609640 608467 359
611832 610983 354
609409 609249 341
609324 610257 341
609638 611778 354
608802 609417 359
609157 609262 310
634001 636490 416
635151 632124 385
632030 634626 385
633347 632179 354
633479 634048 323
636481 634811 416
631570 632243 385
632075 633744 385
634550 635936 416
636553 635544 310
774737 775127 437
774960 775101 437
775274 775018 437
775130 774687 437
774823 775062 437
775261 775278 331
775257 775088 287
774823 774900 207
774764 775058 437
775053 775303 331
824705 825258 313
824747 824785 238
826313 824410 344
824975 827027 344
825592 826764 344
