168814 169408 334
203894 203903 174
169765 169919 259
67922 93512 351
559421 559679 284
408703 412647 449
949174 951284 414
509021 509515 302
851135 851150 220
291360 292497 340
409615 411491 449
660280 662331 323
684247 685797 354
896832 900147 370
91719 108821 354
78547 80065 338
643651 643967 261
722383 722413 274
415332 417208 387
267554 267817 301
637807 637828 354
316641 318250 322
113853 124885 349
383469 387236 348
613447 616626 447
250827 251718 319
706429 711331 380
505049 505726 364
691658 693650 442
875018 875715 432
768994 769196 287
674176 679009 385
925879 926735 370
17218 72762 340
292361 300830 371
535842 537283 377
46358 65487 340
78795 92321 333
651866 654135 385
715326 715467 305
352098 353858 335
900247 900990 401
481908 481932 170
75893 107895 354
757662 757694 256
141168 145739 375
514933 515969 395
517894 521677 439
726441 726441 93
980841 980890 321
286526 286905 314
209631 210820 342
942774 944121 352
273120 274038 358
620798 620840 186
899646 899867 225
539427 540029 346
312576 313860 353
583204 586228 434
170577 173713 347
498400 498566 258
791162 792809 437
572806 573354 297
732054 732141 243
401938 402852 268
110443 110483 186
148329 150094 370
487540 487833 338
426642 430191 374
285248 286618 296
928666 929473 339
413471 414589 374
851758 852296 326
548220 550066 333
66484 94079 351
677529 678441 336
457154 457332 263
922884 923362 326
346785 356346 379
718269 719146 336
228419 235084 443
282449 283913 358
136142 137410 331
880882 882740 326
984492 984608 259
208428 211043 342
731832 731891 331
240125 241978 368
370907 371267 348
64761 68856 312
323863 329081 384
607629 607991 222
554302 555435 390
196767 198275 329
244468 245857 319
451898 453276 369
324261 332636 384
623410 625866 385
121431 122662 336
58066 82776 351
731932 732111 287
347712 348411 335
36643 94580 351
903321 903935 295
667153 667210 261
627658 627699 310
856911 858450 357
486915 487020 320
312174 313508 384
366948 368427 348
294649 296018 358
171545 177861 347
724986 725036 212
461934 464677 369
638004 638699 354
920844 922438 339
612501 612697 279
205222 205517 355
34199 46254 324
816577 816755 344
466858 466944 369
660115 663700 323
808526 809113 313
698049 698496 367
416111 416784 387
773894 774029 225
336878 339434 366
477087 477318 276
648736 649085 385
314198 315731 340
632967 636633 416
924299 924328 189
871792 872248 432
808072 809089 331
850891 851000 357
586339 587563 359
471212 471986 276
743333 744425 318
813322 813374 238
516102 516264 258
971333 971507 290
67393 111662 354
762651 763169 287
481414 481445 214
936781 936903 339
501735 501983 289
806902 807091 238
859110 859123 238
519538 520825 364
182431 184194 334
728043 728465 287
133795 134186 300
277473 277881 389
410105 414805 374
96843 112081 354
754089 754899 318
935843 936597 321
445152 449055 369
432105 432336 250
707471 710766 380
337262 338001 366
469242 469860 338
234657 235368 337
739736 745834 393
96630 113224 354
919064 919215 308
888922 889711 370
483912 484159 276
609363 611716 354
661207 663255 323
410695 414967 374
834836 835900 344
535436 535467 240
653877 653983 217
125014 126448 318
826782 826815 251
618394 619427 341
133476 133721 313
806021 806210 300
429005 429956 281
268877 268912 208
581583 581616 191
100374 100988 266
332655 336680 366
771712 772581 362
343464 348728 441
763424 763617 375
733376 735408 349
301773 302046 296
161897 162514 321
400869 402762 387
321290 321312 216
553035 553078 315
944333 944455 277
922391 923186 445
263533 264564 332
108900 109070 261
362620 362971 273
40404 69937 340
752930 753456 424
