366740 368081 348
899164 898361 370
101060 49415 351
106798 71787 354
29459 60348 340
33308 14292 308
225721 226515 293
36468 68999 340
98783 45065 351
21854 59604 340
32914 49255 324
36308 48909 314
116069 117500 305
78379 45763 351
53827 12194 340
62731 36629 340
680137 675881 385
89193 15710 351
28391 23049 308
988401 987359 352
47564 7340 324
100421 70522 351
97646 78666 338
101530 96389 341
154300 153703 352
79986 75170 351
30372 5897 308
5278 59902 340
75622 104971 351
48403 37739 314
45988 63788 340
348690 342340 441
43589 35260 324
98198 17051 351
74051 3169 340
173433 184290 365
102619 93453 341
78814 69004 351
42893 38059 306
107579 37676 354
68947 74198 325
676229 679079 380
29827 73481 340
740487 738187 424
254343 248313 350
80681 15416 351
44289 105154 351
109925 73955 354
80248 95514 333
69100 111535 354
329413 332119 353
351294 348665 366
7977 30758 308
110705 67566 354
227662 231046 443
33936 7512 308
199126 195131 360
97346 62162 351
236976 237034 275
63280 64251 330
65292 86952 351
225719 224550 368
60485 35410 340
683152 687652 398
661567 663082 292
109709 86692 354
87628 99257 333
91528 105252 341
42264 55437 340
74702 17520 340
32582 28764 285
46441 15285 324
75849 56712 335
73640 68566 325
86588 54815 351
223886 219337 355
47229 100148 351
27614 36889 324
265350 267493 345
631 75824 340
140741 144937 375
347113 355613 379
352144 354950 348
129837 132090 344
52709 24951 340
83190 84356 320
40094 91924 351
55887 26850 340
332809 338206 366
16590 83884 351
65587 105692 351
664641 664850 292
109359 102444 354
48928 10506 324
297235 299417 371
814424 811763 375
7725 75587 340
21817 98223 351
27620 42189 324
593701 602429 403
33514 95905 351
85330 31562 351
84688 55582 351
55603 46185 340
112949 61243 354
12981 59266 340
22394 29210 308
193743 193365 223
636999 636951 310
111680 50612 354
74170 38746 340
92521 71801 351
85829 38432 351
84670 74111 351
112486 64987 354
20738 48024 324
393090 394306 361
28376 57259 340
373294 375179 348
150909 138965 375
54986 106731 354
97714 22817 351
54778 82597 351
36757 46640 314
27494 50235 324
43327 100792 351
90578 97201 333
205558 206229 329
86817 829 351
101646 36845 351
32226 25343 308
47537 111388 354
196139 196128 161
114797 126032 349
104994 85313 341
44676 18938 324
52160 27426 324
842993 842272 388
14306 64151 340
41325 93883 351
57342 18634 340
79396 10002 351
182131 183155 334
33026 53132 340
103627 64387 351
498726 501869 395
15378 66960 340
50567 10608 324
57592 10871 340
596038 593225 328
