418474 419838 312
629760 630258 279
842761 844646 388
236610 239230 350
231574 237245 381
88176 97555 333
572888 574005 359
920207 920558 308
366412 368977 348
145723 145729 158
551443 552294 377
26515 36113 324
151112 151176 246
39556 48633 314
592834 601176 372
151178 151536 233
292207 299683 371
92265 98438 328
188359 189670 316
293985 299612 371
862937 863797 313
826061 827390 375
568500 573524 377
284138 285282 376
559685 559784 222
392663 392958 286
120006 124694 336
347184 354204 379
62660 71909 330
272978 276209 358
32912 38036 324
151178 153040 308
911733 912166 383
268770 269346 345
779100 779333 300
414817 415101 312
202918 204014 311
251386 255112 363
977210 978942 383
113384 115433 305
312420 312938 353
366112 367381 348
611508 612045 266
107226 108645 279
816421 816814 344
569650 574005 377
134380 138141 344
280182 280574 314
27564 28182 259
577772 579316 359
786215 786430 300
909024 909073 308
982172 983038 383
944119 944638 383
524869 525158 302
424269 425297 356
65314 68669 312
710463 713574 411
856452 856730 375
556486 559670 346
43966 45296 314
278113 280574 345
817225 817288 313
650353 650888 341
349404 354575 379
950242 951432 414
541087 542958 364
56681 63208 335
813647 814438 344
708802 712847 411
613946 619046 447
415024 415101 312
863112 863797 295
134306 134378 251
856166 856730 375
514008 516413 395
593037 599398 372
614841 617063 447
311195 311326 309
629189 629758 279
699050 699210 274
72607 79464 351
149027 151176 370
186859 187128 285
446202 450423 369
2188 3274 217
984791 987058 427
881639 882814 326
33078 36347 324
339130 340149 366
23868 27030 308
13480 16778 271
825878 827275 313
855325 856730 388
244396 245984 319
841363 841725 313
349484 352528 379
597213 600553 372
970706 971773 352
907998 909614 370
564152 565246 421
450378 451310 387
170076 172719 334
514 7060 262
819424 820583 450
185743 190719 360
688554 689075 292
261498 262402 301
508306 510225 377
650291 650888 341
27083 29923 272
356022 357217 348
523818 523944 302
774320 774621 331
104204 112738 354
611806 612045 266
572281 574005 372
804953 806275 375
253391 255112 363
540733 542958 364
38513 42845 306
64077 72569 325
493442 495732 395
766296 769640 468
122517 129707 331
96212 98330 297
6422 7569 257
260850 266091 407
594068 595001 328
151178 154221 352
648449 649384 385
340631 343719 353
745736 747290 349
168667 168732 215
182266 184488 334
195364 198020 360
673646 675592 367
904269 904302 233
281479 284136 358
441051 444867 356
713576 714925 305
725440 726056 305
362272 363238 361
491424 491969 320
506537 510225 382
170076 171664 334
607027 608110 341
154361 156435 383
979906 980382 246
901120 902216 401
988692 989645 352
638407 639309 341
634026 637056 416
76279 82237 351
97291 104456 341
4589 8684 262
568944 570592 377
196587 197297 298
819895 822138 450
507792 510225 377
888248 889832 370
333872 337879 366
690836 691953 442
114163 120616 349
418166 419838 343
786738 787738 362
358346 358846 348
