1 10 20
100 200 125
201 210 89
900 1000 174
1 999 179
1000 1999 182
2000 2999 217
3000 3999 238
4000 4999 215
5000 5999 236
6000 6999 262
7000 7999 252
8000 8999 247
9000 9999 260
10000 10999 268
11000 11999 250
12000 12999 263
13000 13999 276
14000 14999 271
15000 15999 271
16000 16999 266
17000 17999 279
18000 18999 261
19000 19999 274
20000 20999 256
21000 21999 269
22000 22999 269
23000 23999 282
24000 24999 264
25000 25999 264
26000 26999 308
27000 27999 259
28000 28999 259
29000 29999 272
30000 30999 272
31000 31999 285
32000 32999 267
33000 33999 267
34000 34999 311
35000 35999 324
36000 36999 249
37000 37999 306
38000 38999 244
39000 39999 306
40000 40999 288
41000 41999 257
42000 42999 288
43000 43999 270
44000 44999 270
45000 45999 314
46000 46999 283
47000 47999 314
48000 48999 296
49000 49999 296
50000 50999 278
51000 51999 309
52000 52999 340
53000 53999 322
54000 54999 260
55000 55999 260
56000 56999 322
57000 57999 304
58000 58999 273
59000 59999 304
60000 60999 335
61000 61999 317
62000 62999 286
63000 63999 330
64000 64999 299
65000 65999 268
66000 66999 268
67000 67999 312
68000 68999 312
69000 69999 299
70000 70999 312
71000 71999 325
72000 72999 263
73000 73999 294
74000 74999 325
75000 75999 307
76000 76999 307
77000 77999 351
78000 78999 338
79000 79999 307
80000 80999 320
81000 81999 320
82000 82999 320
83000 83999 289
84000 84999 320
85000 85999 302
86000 86999 302
87000 87999 333
88000 88999 333
89000 89999 315
90000 90999 315
91000 91999 333
92000 92999 315
93000 93999 284
94000 94999 315
95000 95999 328
96000 96999 297
97000 97999 297
98000 98999 284
99000 99999 328
100000 100999 341
999168 999999 396
822140 823782 375
999999 999999 259
782336 785917 375
