1 10 20
100 200 125
201 210 89
900 1000 174
858 961 179
825 984 179
255 605 144
315 374 144
769 974 179
165 376 144
13 277 128
230 566 144
837 914 179
659 948 179
318 719 171
471 966 179
338 441 134
316 688 145
900 974 174
348 567 142
155 666 145
596 639 132
435 486 129
677 721 171
460 550 142
231 812 171
296 821 171
964 978 143
555 937 179
799 825 135
797 923 179
187 881 179
94 785 171
314 572 144
232 253 128
564 920 179
86 238 128
326 444 144
286 466 144
930 961 174
414 453 134
292 293 118
629 974 179
602 658 145
94962 108870 354
492109 496252 426
34869 80237 351
461936 463374 369
11530 96533 351
97153 100888 341
348459 355195 379
128085 130982 344
34571 44484 324
20394 32994 308
7677 9744 260
12123 12392 263
28242 49496 324
69 27353 308
10588 11754 268
21322 23081 269
37828 39438 275
14088 27423 308
44969 48215 314
18931 37072 324
45482 46124 252
23032 29432 308
31790 37560 324
14238 19718 279
28170 49624 324
16791 27395 308
49256 49561 265
37349 45828 314
18533 28473 308
8119 27518 308
29006 42624 324
23775 25256 264
32566 49443 324
30183 35908 324
25483 39895 324
35917 40610 306
4944 44152 324
32033 47273 324
5549 6143 236
21641 35588 311
35321 41632 324
28449 36472 324
17909 28991 308
22626 44921 324
11398 32977 308
23101 47154 324
14421 28848 308
7705 31296 308
37114 47796 314
36480 47054 314
7860 13849 276
18867 23736 282
6750 27396 308
32534 40697 324
13201 19118 279
30137 37276 324
28287 33435 285
456 45208 324
31998 34848 311
32016 49247 324
11826 19920 279
10580 31852 308
1931 31155 308
16685 17216 266
1398 14573 276
25810 46324 324
46084 47230 283
1656 38408 324
40976 47144 314
12554 38140 324
19025 35645 311
42084 46414 314
28025 49303 324
7578 8242 252
9266 18507 279
44419 47531 314
20386 25709 282
9755 42754 324
20168 49453 324
6598 12603 268
24839 27430 308
28128 31529 285
13859 15814 271
22477 48419 324
8148 11526 268
30259 44537 324
15238 43901 324
693 14798 276
33920 41071 324
47276 48459 314
35641 49675 324
10653 25426 282
41088 47994 314
4603 39811 324
38225 46585 314
30846 36970 324
42345 45848 314
9780 10071 242
29657 41287 324
37171 38265 306
33351 37795 324
41347 45484 314
25164 44540 324
31482 46381 324
16023 48003 324
45221 48053 314
46527 46920 252
23038 25695 282
