1 10 20
100 200 125
201 210 89
900 1000 174
1000 900 174
14234 67 276
100 100 26
6654 6795 182
376 6533 262
4050 9642 262
794 2489 209
8444 9212 247
6789 8473 257
3725 8932 262
402 8633 262
4196 9948 262
5346 7603 262
3634 4352 238
3618 4363 238
6667 9030 257
5427 8725 262
9021 9919 260
3246 3453 181
3177 4674 238
1455 6584 262
63 818 171
827 4048 238
5540 7746 262
3012 8483 262
6371 6459 200
8261 8340 203
7878 9117 252
2659 9173 262
3543 5125 238
2661 8992 262
7530 9916 260
7592 9613 260
181 5845 238
1269 3264 217
6325 7422 257
3835 8239 262
6380 7820 257
2640 7010 262
904 5403 238
6263 6797 244
567 1442 182
5338 8377 262
1212 7708 262
480 4440 238
7298 7576 239
858 8289 262
5324 5427 192
1396 4583 238
2199 2465 209
5965 6536 262
530 1080 179
8107 8728 234
7480 9953 260
2166 8785 262
1470 7014 262
3440 4639 238
7503 9423 260
4636 7712 262
3646 6530 262
659 2726 209
4045 7235 262
6258 6423 200
3201 7916 262
6225 9450 260
5335 6371 262
2655 5013 238
3632 9532 262
1948 5983 238
1655 9068 262
263 9720 262
2251 3281 217
60 8734 262
855 4945 238
5379 6926 262
6656 6684 182
2270 8601 262
9009 9326 260
3909 7950 262
863 5444 238
2046 2963 217
1722 2717 209
3196 4059 238
9078 9446 260
5595 8691 262
19 6201 262
239 9003 262
3006 8547 262
4992 8554 262
2261 3233 217
5072 5869 236
1320 5771 238
1266 2321 183
1888 2149 175
5122 6438 262
4407 6055 236
7157 9661 260
5734 9033 262
237 6293 262
337 922 179
6882 7856 257
3488 7147 262
883 6289 262
