1 10 20
100 200 125
201 210 89
900 1000 174
1 101 119
101 201 125
201 301 128
301 401 144
401 501 142
501 601 137
601 701 145
701 801 171
801 901 179
901 1001 174
1001 1101 169
1101 1201 182
1201 1301 177
1301 1401 177
1401 1501 172
1501 1601 167
1601 1701 180
1701 1801 180
1801 1901 175
1901 2001 175
2001 2101 157
2101 2201 170
2201 2301 183
2301 2401 183
2401 2501 209
2501 2601 178
2601 2701 191
2701 2801 173
2801 2901 173
2901 3001 217
3001 3101 186
3101 3201 199
3201 3301 168
3301 3401 181
3401 3501 181
3501 3601 194
3601 3701 207
3701 3801 238
3801 3901 176
3901 4001 189
4001 4101 189
4101 4201 189
4201 4301 202
4301 4401 215
4401 4501 184
4501 4601 184
4601 4701 184
4701 4801 197
4801 4901 179
4901 5001 210
5001 5101 179
5101 5201 179
5201 5301 192
5301 5401 192
5401 5501 192
5501 5601 236
5601 5701 205
5701 5801 205
5801 5901 218
5901 6001 187
6001 6101 187
6101 6201 262
6201 6301 187
6301 6401 200
6401 6501 169
6501 6601 244
6601 6701 182
6701 6801 182
6801 6901 182
6901 7001 257
7001 7101 195
7101 7201 195
7201 7301 177
7301 7401 208
7401 7501 239
7501 7601 208
7601 7701 177
7701 7801 221
7801 7901 190
7901 8001 252
8001 8101 190
8101 8201 190
8201 8301 190
8301 8401 234
8401 8501 203
8501 8601 203
8601 8701 203
8701 8801 216
8801 8901 185
8901 9001 247
9001 9101 185
9101 9201 198
9201 9301 260
9301 9401 198
9401 9501 198
9501 9601 198
9601 9701 185
9701 9801 198
9801 9901 242
9901 10001 180
1 1 1
2 2 2
3 3 8
4 4 3
5 5 6
6 6 9
7 7 17
8 8 4
9 9 20
10 10 7
11 11 15
12 12 10
13 13 10
14 14 18
15 15 18
16 16 5
17 17 13
18 18 21
19 19 21
20 20 8
21 21 8
22 22 16
23 23 16
24 24 11
25 25 24
26 26 11
27 27 112
28 28 19
29 29 19
30 30 19
31 31 107
32 32 6
33 33 27
34 34 14
35 35 14
36 36 22
37 37 22
38 38 22
39 39 35
40 40 9
41 41 110
42 42 9
43 43 30
44 44 17
45 45 17
46 46 17
47 47 105
48 48 12
49 49 25
50 50 25
200 100 125
300 200 128
400 300 144
500 400 142
600 500 137
700 600 145
800 700 171
900 800 179
1000 900 174
1100 1000 169
1200 1100 182
1300 1200 177
1400 1300 177
1500 1400 172
1600 1500 167
1700 1600 180
1800 1700 180
1900 1800 175
2000 1900 175
2100 2000 157
2200 2100 170
2300 2200 183
2400 2300 183
2500 2400 209
2600 2500 178
2700 2600 191
2800 2700 173
2900 2800 173
3000 2900 217
3100 3000 186
3200 3100 199
3300 3200 168
3400 3300 181
3500 3400 181
3600 3500 194
3700 3600 207
3800 3700 238
3900 3800 176
4000 3900 189
4100 4000 189
4200 4100 189
4300 4200 202
4400 4300 215
4500 4400 184
4600 4500 184
