1 10 20
100 200 125
201 210 89
900 1000 174
5819 4668 236
1945 3486 217
5227 782 238
2653 4974 238
2704 3150 217
2002 5168 238
2629 6848 262
2255 3836 238
5140 3669 238
5428 665 238
4489 2457 238
1770 162 182
4128 2261 238
5589 3440 238
2444 4140 238
6632 990 262
6852 3227 262
1899 6924 262
4092 1970 238
602 795 171
5102 2191 238
4613 4840 197
1755 937 182
6343 3764 262
2674 5930 238
5646 255 238
6450 2998 262
2743 28 209
3456 6872 262
3075 4096 238
3544 2940 199
2617 4756 238
1602 1255 177
985 1034 156
3195 418 217
5987 989 238
3949 4142 189
98 4345 238
4596 2441 238
5832 3513 238
565 3798 238
6214 6711 244
5765 2835 238
4320 382 238
2627 1340 209
1140 5907 238
6459 3501 262
3941 6034 236
2216 6412 262
4456 6853 262
3893 4685 215
6610 1655 262
169 6327 262
5356 6455 262
4565 1764 238
1204 2448 183
3602 4902 238
625 413 142
892 4052 238
6907 6402 244
1149 5396 238
6716 6533 244
5175 5434 192
5879 4515 236
3162 1255 217
2939 5032 238
2046 6485 262
2348 1518 183
270 2494 209
3991 1006 238
6393 5172 262
4152 5397 215
2838 1988 209
618 2285 183
4283 4716 215
4282 4965 215
5098 6571 262
3024 6315 262
1913 1848 175
1674 3997 238
1596 5882 238
2671 3471 217
6545 2934 262
365 5758 238
6976 1071 262
3640 6771 262
1333 6432 262
6792 1252 262
4140 4397 215
5565 2468 238
6071 4096 236
2378 3579 217
4599 2719 238
1451 5136 238
3596 2450 217
6492 6514 138
1859 5802 238
1495 5470 238
683 4621 238
2322 3971 238
3172 6462 262
3051 2345 217
6773 6906 182
5040 6912 262
3632 1197 217
6959 1461 262
2100 747 182
5495 1879 238
1622 3650 217
2650 5456 238
3894 5460 215
495 6791 262
3417 2387 217
584 5634 238
4424 4629 184
2581 4840 238
6260 1136 262
106 5316 238
3500 4014 238
6620 342 262
942 5345 238
1812 3004 217
1070 4762 238
3725 582 238
4189 314 238
5640 407 238
1632 5476 238
6065 5063 236
2068 250 182
3925 1518 238
6867 6227 244
538 5586 238
2134 2751 209
2124 6393 262
3792 4329 202
1472 6562 262
1338 3211 217
5214 3078 238
3896 3168 238
1224 884 182
4847 738 238
6353 2482 262
433 6139 238
5436 2048 238
4863 4081 215
2458 862 183
4729 4507 184
1063 2421 183
3669 4968 238
5386 2627 238
3514 1615 217
607 1808 182
4208 1784 238
107 4990 238
6647 3618 262
1988 6133 238
1240 214 182
1610 5452 238
1195 5768 238
237 6988 262
6070 1021 238
2348 862 183
5606 2856 238
2943 2189 217
181 2759 209
5138 4966 179
745 4859 238
6903 4868 262
301 349 144
1615 3528 217
6710 4931 262
4124 1837 238
1900 81 182
702 881 179
27 3485 217
744 3256 217
4861 2827 238
6310 5787 262
1789 5511 238
1558 5958 238
4539 345 238
2632 6239 262
3583 2489 217
3450 6641 262
1844 612 182
125 4664 238
5298 2040 238
2334 1703 183
5255 681 238
4002 1462 238
5324 3846 215