1 10 20
100 200 125
201 210 89
900 1000 174
21529 65688 340
65688 21529 340
2 2 2
999998 1000000 259
55677 33333 340
85222 9990 351
3551 34356 311
4968 22223 279
34566 3467 311
11123 46788 324
9576 6423 260
2334 2335 90
3857 3 238
25 11355 268
10233 11111 268
1234 12378 268
67854 99991 351
23412 23412 145
29345 33 308
39578 3534 324
345 45432 324
94 5 116
68888 68712 206
12245 51244 324
25587 36975 324
24532 58726 340
23574 89872 351
100235 85703 341
54833 65478 335
24865 99633 351
20154 102366 351
24568 54788 340
1233 5488 238
223 54879 340
3245 35788 324
21548 5244 279
54863 9874 340
21544 56335 340
54877 36622 340
15742 36999 324
24850 25487 264
23577 23577 145
21547 65555 340
12 57486 340
24566 24147 251
24587 46588 324
245 322 131
5010 322 238
544 545 44
54868 42113 340
98775 98222 266
21468 24775 282
56245 56244 154
54822 31479 340
10200 16871 276
54686 54648 185
31865 38650 324
54684 48776 340
66666 66666 131
87916 21 351
54684 2 340
26868 44444 324
54684 4654 340
26866 65869 340
63121 56458 335
21564 20000 256
21354 56458 340
21655 26001 282
28644 9875 308
5 16 20
5468 4658 210
2179 1658 180
79546 89484 333
13213 46846 324
48866 46 324
65468 46000 340
65468 6468 340
32144 30000 285
10568 12000 268
89854 45325 351
23045 42345 324
1 22222 279
3215 4777 238
36987 4236 324
32111 32111 192
36897 45612 314
36897 36997 231
31568 48755 324
32147 54679 340
31222 47987 324
3214 121 217
5688 5957 218
11336 46512 324
56215 36987 340
2668 5 209
54 48979 324
2489 5486 238
