16808 58612 340
66300 89285 351
20372 34209 308
28555 64613 340
92511 96940 328
72676 76689 325
2338 23020 279
9136 17742 279
96740 98821 297
87074 97561 333
53269 87638 351
30358 57584 340
47732 90382 351
95074 95327 328
60750 68200 335
18647 24233 282
19149 77416 351
39618 89838 351
94565 98962 328
57862 67880 335
17273 18589 279
16913 68743 340
39477 44984 306
38793 98644 351
46051 47752 314
51462 94583 351
21815 90559 351
23384 32669 308
98572 99289 328
29056 51440 324
47150 97316 351
39637 48961 314
18990 93997 351
46693 60671 340
28582 72026 340
71051 78876 351
34586 52599 340
35242 37742 324
59271 91887 351
55779 96788 351
41893 56889 340
75970 90188 351
65163 83870 351
45916 49588 314
40915 58349 340
87196 90179 333
7044 86491 351
19447 61757 340
45566 54736 340
60222 74364 335
63040 66645 330
90039 93827 333
14439 18917 279
70409 95986 351
33772 84675 351
42126 86639 351
71655 92646 351
67054 81137 351
1574 91548 351
43317 67967 340
2215 38252 324
41659 44667 288
16973 68607 340
39255 73921 340
74891 77681 351
16991 40404 324
45311 47723 314
39053 89568 351
96427 99027 297
86281 94522 333
61263 95118 351
26682 57276 340
52733 95637 351
58686 95746 351
42750 89080 351
7938 28477 308
51802 73821 340
90310 91325 315
15011 94231 351
62255 87277 351
41446 74383 340
54174 93644 351
35848 95309 351
5380 36187 324
32714 76173 340
28044 28878 259
43343 97649 351
9371 92993 351
41985 59130 340
25442 49891 324
4892 79425 351
12645 99522 351
13242 14331 276
28091 52224 324
45995 63487 340
38265 51833 314
48629 76054 340
77857 93389 338
66473 87230 351
64114 91746 351
90040 95473 333
18 79895 351
5974 84614 351
24533 93258 351
24891 90892 351
1939 52726 340
85275 86993 302
48330 87474 351
51004 96216 351
38690 84903 351
56363 78535 351
87945 95565 333
78088 78496 307
44213 72114 340
44842 58127 340
87467 95111 333
31776 65797 340
23427 96504 351
56036 62170 335
36974 53343 340
34611 69958 340
26896 45714 324
78805 82499 320
8133 72301 340
76789 82450 351
77857 83425 338
77416 86801 338
35506 57218 340
59860 94601 351
940 61166 340
10644 53239 340
44040 86796 351
4337 8514 262
48647 63547 340
78478 98265 338
67765 69572 312
12573 86117 351
36429 42876 306
23332 60384 340
34623 55005 340
46142 58047 340
42674 73746 340
7746 76634 340
37679 76664 340
72285 99614 351
95998 96467 297
99769 99832 266
55464 98571 351
85485 92039 333
79252 82473 320

