1 10 20
100 200 125
201 210 89
900 1000 174
153669 158534 383
10555 85981 351
12630 43607 324
23284 67655 340
5911 27850 308
57735 73334 335
4739 69551 340
24387 35718 324
58681 93743 351
3975 22695 279
20072 36784 324
32644 79388 351
5864 20799 279
21588 57867 340
16987 97326 351
14080 81725 351
39354 102553 351
73143 88786 351
191942 194842 347
55324 68813 335
20285 35355 311
52349 98184 351
45143 59119 340
24932 89887 351
16301 93586 351
31640 84483 351
39114 46505 314
9384 10128 242
9853 78551 351
12711 80361 351
88202 91378 315
33972 69696 340
31560 68084 340
41478 51552 314
17477 18737 279
30487 45203 324
48295 92650 351
20259 57131 340
34493 67725 340
62669 80919 351
91410 99092 333
19632 21473 274
71893 99073 351
32056 56256 340
28931 67733 340
33311 41080 324
59732 87275 351
34280 45667 324
11020 15182 276
6198 75211 340
48371 64963 340
81504 93025 333
13291 80539 351
48744 99802 351
11195 90807 351
14295 59761 340
6385 37519 324
56242 89438 351
37084 72671 340
20947 42260 324
38593 85263 351
82265 87564 333
65836 79601 351
16529 83495 351
36024 50781 314
8429 39409 324
4717 22857 279
5861 28554 308
13005 42823 324
91556 99970 328
30976 63084 340
32345 82723 351
16714 61409 340
1000 51478 324
71026 90533 351
69754 72975 325
3938 57134 340
7690 28091 308
5633 66911 340
52264 85974 351
72301 83697 351
25368 52067 324
14856 91225 351
7633 14013 276
11330 41883 324
13752 60662 340
63024 99393 351
25440 87036 351
20104 77707 351
45900 53473 340
3586 80536 351
48521 70451 340
2074 23571 282
23127 86736 351
38215 55254 340
247 88992 351
37191 72838 340
12008 72135 340
6949 69690 340
46119 73970 340
34347 88915 351
47150 91049 351
66319 97211 351
65622 90313 351
1349 34160 308
10204 28073 308
17654 94865 351
30189 60352 340
33476 68104 340
32798 80695 351
72390 86656 351
7644 13792 276
36785 83534 351
13291 92905 351
47039 91199 351
61151 61373 242
24227 60267 340
16533 23766 282
81408 91979 333
