475754 474650 351
25402 38680 324
4788 52763 340
30830 94997 351
517486 520507 439
35748 99675 351
278166 280457 345
16645 87534 351
32054 109655 354
104048 95941 341
526499 527485 377
103205 88389 341
27302 69980 340
200605 199201 342
110233 87115 354
26214 107351 354
38010 80579 351
109497 81859 354
45923 57715 340
133934 125659 344
353723 341921 441
79874 57059 351
221213 216616 355
97778 11668 351
55050 4266 340
980242 980347 215
82881 33337 351
49573 57283 340
37979 60198 340
92 56083 340
705573 712802 411
22240 36396 324
98370 95200 297
92801 5470 351
107786 44353 354
92636 113107 354
747233 739714 393
517336 521566 439
101416 94079 341
878101 877575 357
23147 81525 351
293601 298261 358
144052 141731 375
54117 46195 340
22196 87592 351
22478 61347 340
69935 101019 351
62211 106650 354
19841 9919 279
101710 89579 341
9945 73214 340
127709 114711 349
6585 35278 311
1093 52358 324
351701 357844 379
22965 85751 351
7637 104034 351
41293 64373 340
36954 70015 340
103858 57269 351
328113 327973 260
795689 791197 437
17507 37340 324
51191 45265 314
20493 84039 351
442152 439703 356
78296 73083 351
27777 92710 351
57234 79300 351
891022 895735 370
4370 40543 324
737416 736481 380
10022 30334 308
223869 216404 355
77057 46513 351
41402 81440 351
186478 190841 360
72220 113232 354
56713 4989 340
796545 793737 468
7354 43796 324
14466 110188 354
47298 28064 324
748938 749618 393
95663 8073 351
79534 98776 333
889281 888763 326
49325 19326 324
53732 72839 335
90681 9888 351
112741 81756 354
441739 441351 263
26536 34613 311
122450 113623 349
684954 680748 380
78958 67260 351
61672 1861 340
22711 105248 351
93503 41823 351
55990 46477 340
179711 176875 347
36780 62261 340
11406 16330 276
94121 17702 351
77096 58208 351
632078 634246 385
93032 59991 351
99726 6587 351
215649 223714 386
294376 299458 371
29480 6750 308
996411 994958 365
108673 68662 354
588236 587456 328
73233 83554 351
72708 16378 340
86450 51289 351
70722 63978 312
8136 11101 268
45354 70619 340
40976 37712 306
27004 73748 340
814787 815086 251
1428 24814 282
44112 2898 324
75534 7730 340
795537 791155 437
80008 92391 333
15465 60002 340
13234 103684 351
93955 6768 351
443027 452105 387
38502 12345 324
81466 84071 320
39552 15308 324
634784 633463 323
225375 222137 368
67585 13286 340
23907 109495 354
22376 58598 340
30962 76652 340
422009 422009 131
11440 77012 340
790355 794737 437
77003 41775 340
6693 12216 268
100181 57194 351
31833 50386 324
11557 80952 351
99955 96458 328
