72523 42235 340
13908 12858 276
16011 5380 276
46393 12072 324
86499 65277 351
91347 84786 333
72199 65730 325
97505 25912 351
39855 96052 351
37457 94718 351
35971 38232 306
7310 11267 268
94317 94813 315
83597 56672 351
32080 2571 308
1895 41345 324
75345 87430 351
68323 15973 340
23624 63870 340
47893 37369 314
67172 75002 325
65572 77415 351
7276 70063 340
68772 79168 351
31438 73510 340
74935 84550 351
7868 17231 276
65078 12957 340
64207 85200 351
55830 25476 340
47841 66489 340
61087 90078 351
85678 48462 351
12214 64277 340
94856 38128 351
79962 71964 351
15943 70020 340
35525 10721 311
96425 12734 351
1389 14529 276
53559 40958 340
5089 30647 308
92077 92744 302
36329 99481 351
94414 46586 351
5718 7556 262
64169 15456 340
77490 69795 351
56638 49039 340
65050 90472 351
74349 885 340
44237 81948 351
3886 43180 324
96195 11110 351
54307 98866 351
13375 54330 340
81989 78052 338
86673 97382 333
78986 39534 351
87891 61747 351
47635 47368 283
55337 8454 340
7219 39899 324
67012 88118 351
57620 73103 335
43895 86438 351
9874 14419 276
3649 12505 268
40957 32066 324
88901 32349 351
21254 75040 340
97785 23751 351
60950 43771 340
51503 96768 351
94814 12899 351
80675 39561 351
3668 93285 351
75806 95615 351
98981 59278 351
34355 52259 324
66405 1535 340
84750 35078 351
86220 44706 351
36644 77776 351
56724 2374 340
99615 88992 333
85767 32471 351
74922 27109 340
33039 56295 340
41818 58072 340
1881 92579 351
70271 27713 340
48494 83834 351
48719 64123 340
6060 96050 351
52848 35473 340
24426 11850 282
6184 63909 340
89496 52954 351
46101 43423 314
4822 63032 340
62721 68536 330
51448 28937 324
71530 64041 325
22751 3382 279
5296 85123 351
40615 20629 324
59565 75306 335
8595 47492 324
89904 9058 351
83658 42600 351
10933 10285 255
62558 3083 340
9788 12922 268
23069 66943 340
40843 73133 340
94403 19455 351
80359 85386 320
10649 70688 340
99894 75069 351
68528 21396 340
70321 13469 340
6724 79578 351
64226 5680 340
34511 401 311
18229 99622 351
30758 76934 340
39237 33976 324
71135 60223 335
82929 94488 333
90342 68726 351
20975 35080 311
38549 59709 340
19675 25884 282
50989 62176 340
1579 59603 340
16920 99583 351
12098 62327 340
28529 11053 308
9287 19705 279
97751 2108 351
68489 97639 351
47573 95468 351
64668 99665 351
71342 3812 340
92491 54842 351
71046 83750 351
86110 3815 351
95927 97111 297
30856 55629 340
