1 10 20
100 200 125
201 210 89
900 1000 174
1 1000 179
5 15 20
63 1 113
378850 382669 379
175797 184487 365
1245 12 182
12567 101247 351
981930 983038 383
91132 50689 351
44345 68607 340
69991 66288 312
15458 9832 276
47132 4488 324
61767 44644 340
49102 54207 340
85136 95594 333
37105 46062 314
80714 96859 333
859718 859136 295
1 1 1
56175 56175 198
816819 816820 207
723946 725386 362
43704 62795 340
553472 559784 421
559784 553472 421
12728 1735 268
100 200 125
200 300 128
300 400 144
400 500 142
100 500 144
500 499 111
24059 20384 282
23509 1230 279
1 2 2
103778 1 351
28603 33579 285
62000 7406 340
29460 107043 354
28551 30913 272
29847 28340 272
27144 20508 308
22811 74683 340
42821 75539 340
112852 17064 354
81473 31886 351
56318 28535 340
63944 105312 351
91866 18473 351
98631 87158 333
1 999 179
999 1000 112
99999 1 351
1 99999 351
103304 62804 351
74320 23296 340
102690 88650 341
39648 67508 340
2 2 2
49599 42106 314
105299 36715 351
10694 72958 340
65529 37444 340
91975 16569 351
107568 47750 354
484608 485886 320
32018 47537 324
51061 17518 324
94928 45576 351
66681 31058 340
65238 64217 299
85467 45684 351
1 20 21
1000 2000 182
2000 3000 217
2000 5000 238
2222 1111 182
62568 65250 330
103856 86403 341
81461 78566 338
58203 46770 340
62690 90060 351
37281 22801 324
81566 58588 351
35474 42368 324
87385 95258 333
101837 68366 351
81600 103000 341
73596 39491 340
26059 84855 351
37444 8055 324
76829 5703 340
43929 112102 354
40048 111221 354
34323 38156 324
96913 40422 351
98712 3710 351
102256 66831 351
103223 83228 341
1606 39065 324
53895 6587 340
64420 12264 340
53854 64014 335
9822 69621 340
