38391 44816 306
104924 17309 351
35804 69043 340
82886 36686 351
90295 4813 351
8124 41778 324
88794 113344 354
26493 61530 340
50852 14452 324
16477 88497 351
26983 66292 340
41370 14603 324
76631 74429 325
78250 18287 351
92701 97007 328
35134 82284 351
21121 22116 269
14589 110921 354
91899 17668 351
87272 39447 351
90967 9651 351
79930 93788 333
50071 88670 351
105194 112348 354
18163 24077 282
108530 82169 354
110685 86300 354
34174 24075 308
48276 78288 351
6583 36284 324
82889 64939 351
51814 58495 340
82151 106432 354
65385 107249 354
11404 103797 351
12671 10453 268
27468 104173 351
93405 84960 333
97659 5840 351
6991 64737 340
40702 18530 324
79406 76712 351
48689 110663 354
36706 57674 340
41435 159 324
83241 63655 351
73411 51798 340
91746 19304 351
33086 88467 351
73446 63885 325
113777 132874 349
128446 118470 336
126400 134347 344
117365 132016 344
124971 127503 331
114359 126418 349
116981 132956 344
119520 115477 349
127283 126089 331
124295 116844 336
114313 131463 349
120445 117201 336
127451 116091 336
113520 133855 349
125929 115576 336
121724 123161 336
126977 133098 344
118132 130836 344
122113 115044 349
131924 129459 344
124562 131121 344
133750 129210 344
116203 119618 336
123802 127452 331
123142 126785 331
122161 127498 331
125743 131884 344
113436 116330 349
124192 124664 287
133903 117790 344
117784 126842 336
133236 127401 344
123270 117670 336
131284 132841 331
118396 113666 349
114205 125984 349
118112 117549 305
132436 125482 344
127282 118806 336
129471 131062 344
119165 128141 336
127837 128576 331
117640 123543 336
133167 129931 344
125466 122732 331
116142 116167 181
119114 117093 336
119754 126575 336
117162 129762 336
131655 127709 344
353920 355832 379
347984 354781 379
352114 356987 379
353839 348532 379
356908 346882 379
356209 351533 379
356079 357753 348
352172 349498 379
348329 346831 322
350710 351412 379
349120 356927 379
356303 350461 379
355332 346546 379
346254 347938 348
352570 347561 379
353184 357695 379
355889 345623 441
357735 354740 379
348794 345509 441
354357 348027 379
347298 354107 379
347457 347747 242
354174 353209 273
346774 345409 441
352600 352962 335
350916 347689 366
352681 351229 379
348470 352246 379
346526 346398 304
350966 345483 441
348758 351076 366
353052 357436 379
356010 357045 348
348685 358012 379
353130 356505 379
353262 356206 379
347263 346659 304
353788 356569 379
357479 346254 379
356003 356400 348
347751 351229 366
346818 352710 379
346459 351913 379
345261 350322 441
354507 355242 379
347184 352641 379
357895 347341 379
355087 350576 379
357488 357875 255
352197 349992 379
338258 330248 366
336722 339668 366
336736 333518 366
334529 332870 335
338355 335306 366
334084 338781 366
339707 335476 366
337842 331707 366
337987 333676 366
337358 336601 291
333258 339504 366
331455 336409 366
336691 337574 366
332538 333153 335
334544 337854 366
332455 338102 366
332826 338810 366
336686 333113 366
330877 331661 291
334763 332787 335
333911 336603 366
334719 331570 353
339491 337510 366
339688 336836 366
331069 335488 353
337050 338666 366
333909 331285 353
337114 331457 366
335853 339524 366
337982 335458 366
337338 334237 366
333982 334829 322
339796 332589 366
333221 330644 353
337201 330746 366
337114 339337 366
333087 332561 335
334411 338827 366
335537 336320 366
335932 334453 322
338271 334971 366
339579 338999 260
334408 331538 353
334314 332433 335
335553 331430 353
334818 335602 322
338412 334181 366
338696 333568 366
330282 330427 291
333881 331342 353
