323 1144 179
15692 15615 253
5808 5903 218
6153 6186 262
7161 7070 195
1038 1455 182
443 3 144
6000 5765 218
2 764 171
4451 4532 184
196117 196116 99
9181 9147 198
12473 12485 201
6396 6398 169
10122 10107 180
1709 1516 180
8263 8232 190
1468 187 182
76972 76990 157
38096 38048 244
32806 32789 236
3904 4092 189
19699 19699 75
3405 3633 194
856 1790 182
1956 1958 51
1211 783 182
3611 3299 194
8035 8139 190
92695 92686 165
779 291 171
332 418 134
3460 3576 194
1243 1266 177
59408 59403 136
7646 7335 239
1544 765 182
5415 5423 117
1368 441 182
3909 4040 189
22 1301 182
23618 23588 176
7625 7424 208
953 1541 182
40289 40278 138
4577 4574 153
229168 229168 138
55316 55310 92
20945 20958 150
1768 654 182
196 379 144
1313 1174 177
2308 2340 183
8822 8669 216
11602 11582 206
3551 3637 194
1814 1609 180
1812 247 182
843 251 171
23728 23689 189
1785 1450 180
4446 4436 184
25288 25315 158
4719 4627 184
10445 10740 255
625 587 132
14450 14438 157
485 1401 182
1157 1238 182
740 1796 182
127 736 171
2343 2188 183
1330 1273 177
23192 23131 189
902 288 179
11634 11759 219
7210 7266 164
16946 16945 59
10499 10693 255
13002 13031 170
1766 653 182
24458 24429 171
56194 56223 198
6017 5804 218
31641 31629 179
451 1258 182
1026 703 179
3556 3261 181
536 13 144
1239 645 182
74746 74746 64
4526 4368 215
218 1415 182
66202 66198 162
13796 13783 152
1597 1550 167
50763 50779 247
95837 95811 191
16248 16309 204
1549 155 182
615 1669 182
13131 13066 170
7572 7379 239
8203 8234 190
8141 8063 190
3526 3533 119
123621 123618 150
4952 4896 210
11657 11744 219
876 1430 182
62216 62226 211
578 241 144
6209 6333 200
45080 45073 208
20859 20893 150
35416 35396 174
23991 23925 220
6622 6501 244
1395 1416 172
245 773 171
891 212 179
3252 3497 181
75530 75535 108
7398 7334 208
221740 221741 94
3913 4084 189
702 289 145
27565 27593 184
1397 1419 172
24190 24116 189
1657 271 182
7768 7866 221
11526 11620 206
1453 1673 180
15461 15417 191
11789 11681 175
5915 5825 218
92646 92644 147
540 1372 182
34769 34757 143
13202 13102 245
157754 157752 101
567 571 106
1179 1629 177
66634 66637 193
29261 29264 135
7734 7864 221
33120 33117 161
1503 1031 182
5052 4922 210
