41 18467 279
6334 26500 282
15724 19169 279
11478 29358 308
24464 26962 308
5705 28145 308
16827 23281 279
491 9961 262
2995 11942 268
4827 5436 210
14604 32391 308
153 3902 238
292 12382 268
17421 18716 279
19718 19895 274
5447 21726 279
11538 14771 276
1869 19912 279
25667 26299 246
9894 17035 276
23811 28703 308
30333 31322 254
4664 17673 279
7711 15141 276
6868 28253 308
25547 27644 308
32662 32757 192
12859 20037 279
8723 9741 260
778 27529 308
3035 12316 268
1842 22190 279
288 30106 308
8942 9040 247
19264 22648 274
23805 27446 308
6729 15890 276
15350 24370 282
15006 31101 308
3548 24393 282
12623 19629 279
19954 24084 282
11840 18756 279
4966 7376 262
13931 26308 282
16944 32439 308
11323 24626 282
5537 21538 279
2082 16118 276
16541 22929 279
4833 31115 308
4639 29658 308
9930 22704 279
2306 13977 276
22386 31673 308
5021 28745 308
19072 26924 308
5829 6270 262
15573 26777 308
5097 16512 276
13290 23986 282
9161 18636 279
22355 24767 282
15574 23655 282
4031 12052 268
1150 27350 308
16941 21724 279
3430 13966 276
30191 31107 254
11337 18007 279
12287 15457 276
10383 27753 308
8909 14945 276
9758 32209 308
18588 24221 282
6422 24946 282
13030 27506 308
16413 29168 308
900 32591 308
1655 18762 279
6359 17410 276
20537 27624 308
6483 21548 279
4041 27595 308
3602 24350 282
10291 30836 308
9374 11020 268
4596 24021 282
23199 27348 308
19668 24484 282
4734 8281 262
53 1999 182
26418 27938 308
3788 6900 262
467 18127 279
3728 14893 276
22483 24648 282
2421 17807 279
6617 14310 276
9514 22813 279
7616 14309 276
17451 18935 279
5249 20600 279
16519 31556 308
22798 30303 308
6224 11008 268
5844 32609 308
14989 32702 308
3195 20485 279
3093 14343 276
1587 30523 308
9503 29314 308
7448 25200 282
6618 13458 276
19796 20580 274
14798 15281 271
19589 20798 274
27157 28009 259
20472 23622 282
12292 18538 279
6038 24179 282
18190 29657 308
6191 7958 257
19815 22888 274
11511 19156 279
2634 16202 276
20055 24272 282
20328 22646 269
4886 26362 282
18875 28433 308
20142 29869 308
1416 23844 282
21881 31998 308
10322 18651 279
5699 10021 262
3557 28476 308
24389 27892 308
5075 10712 262
2510 2600 178
21003 26869 308
14688 17861 279
9789 13401 276
15255 16423 253
5002 10585 262
10285 24182 282
27088 31426 285
23757 28617 308
9832 30932 308
2154 4169 238
17189 25721 282
19976 31329 308
