202 494 144
377 246 144
240 391 144
154 305 128
437 129 144
288 200 128
160 422 144
396 390 121
433 241 144
290 218 128
120 49 119
383 242 144
100 236 128
293 136 128
20 208 125
153 70 122
469 437 129
174 214 120
15 243 128
56 255 128
326 254 131
431 203 144
161 92 122
169 410 144
134 136 42
315 260 131
458 401 134
340 323 144
116 313 131
433 232 144
473 141 144
55549 27324 340
86162 39501 351
32989 49486 324
12617 57965 340
4161 41920 324
83515 43 351
8309 18252 279
75795 87340 351
13014 94854 351
73921 8379 340
88381 91936 333
11861 6021 268
31894 22297 308
61162 89492 351
60975 68643 335
97633 40965 351
94316 67087 351
18498 35368 311
83095 55448 351
52999 35188 340
60116 31720 340
267117 262307 407
231463 232063 324
213867 214152 373
296007 296889 327
256546 256200 332
273081 276474 358
265655 261806 407
231068 229705 443
257250 257182 257
257117 256176 345
219759 216027 386
273023 270372 363
291655 291588 265
260932 258555 345
294910 296009 358
265016 259898 407
291525 299386 371
267974 258782 407
213618 226391 386
207687 208522 280
213495 221372 386
296902 296403 309
223099 218975 355
234383 236786 337
226560 223797 368
236448 238354 350
224117 214044 386
208927 210762 342
294696 299605 371
230033 230671 443
299735 294567 371
231937 234478 381
246045 252611 350
285742 285669 283
231928 236022 381
274639 272181 358
250223 252782 332
236950 238479 350
688433 687990 261
661420 663834 292
663767 660872 323
619121 617070 372
611672 611565 266
631892 636952 416
686276 682392 380
670646 671975 323
662916 656682 429
681325 683748 336
671661 671498 261
623983 624172 279
681104 682918 336
659587 660259 354
618000 620345 341
670554 671327 323
615276 617757 372
659059 661343 354
625624 623803 385
51595 106443 354
228288 235965 443
16842 88167 351
350871 351520 379
858079 858772 264
220836 225512 368
557602 558342 315
595251 601908 403
688911 689510 336
569736 570026 302
13287 59930 340
160156 160161 215
23777 113202 354
33721 64182 340
10110 88793 351
1504 11416 268
30297 106165 351
67701 108498 354
37289 78265 351
84309 93980 333
608892 609609 359
37381 65966 340
29768 86481 351
894255 896188 370
493929 496630 351
348669 355735 379
593467 595995 328
462928 465321 338
7965 99578 351
19874 23519 274
31312 92832 351
78103 82056 338
70358 107398 354
445468 444523 338
110001 93719 354
109767 29392 354
183821 170500 365
108606 29355 354
331303 329224 353
433554 433411 232
636159 635964 310
632558 631399 385
796750 793564 468
724537 724236 274
642338 644334 354
783850 783122 331
708546 705957 349
711709 705577 380
590772 603999 403
28970 103094 351
440689 446447 356
108060 15371 354
707746 708352 349
14228 5818 276
30930 109820 354
713573 712410 411
18110 44158 324
88773 1444 351
26401 4497 282
79601 1144 351
98163 86523 333
660158 657981 398
18453 17670 279
296727 294427 358
6985 30724 308
789630 794150 437
253180 251046 319
76285 64721 325
283252 283755 358
95168 14307 351
85833 8520 351
53216 108985 354
35361 101328 351
53555 109608 354
565522 565540 284
110111 10792 354
232520 232542 169
24436 46982 324
261440 267264 407
98758 108062 354
