97467 66601 351
573317 570492 372
298490 295499 327
103348 32172 351
741222 739299 393
66249 86990 351
40743 53144 340
14412 59479 340
110294 11017 354
110991 76376 354
59426 28067 340
80154 68977 351
897525 897490 326
755199 754552 318
80308 19593 351
18859 28828 308
86317 106312 354
36421 68972 340
382853 386966 348
22765 34986 311
33062 84303 351
98738 110751 354
55382 84292 351
51735 38602 314
728802 727208 318
46007 42772 314
58106 10946 340
410399 411305 374
111544 28656 354
561859 564350 359
15033 1842 276
40403 84506 351
17808 70847 340
61690 10947 340
717774 718116 318
59476 58976 273
491586 491953 320
91583 34190 351
743872 741933 349
617059 617320 279
122980 126381 331
23856 5510 282
88883 67764 351
438469 440610 400
11735 48628 324
547597 549373 377
90086 27710 351
78592 102296 341
58531 81198 351
69232 21743 340
86469 57911 351
130908 115381 349
400044 402260 387
24605 80261 351
39129 40072 306
356264 345318 441
221743 216242 386
681861 683403 336
62315 25496 340
112466 66343 354
826693 825604 344
46017 31600 324
24745 34596 311
294732 294815 265
106407 68339 354
720910 721894 367
66444 104712 351
32073 28806 285
35733 37545 306
100857 3296 351
71774 76077 325
108354 56791 354
26160 95022 351
99538 57602 351
95731 57229 351
46588 67183 340
525963 528136 408
226967 231367 443
52927 45042 340
53762 85739 351
47928 51019 296
17881 52630 340
31639 89965 351
87997 112818 354
116840 127369 336
82379 67609 351
104812 17630 351
233950 233336 275
66975 7619 340
744673 745105 243
44526 59720 340
46852 100161 351
34307 4251 311
95475 44353 351
170506 175400 347
97408 39758 351
57537 48410 340
991219 989960 321
113010 64317 354
594339 589799 403
27132 31984 285
58476 87092 351
45611 100013 351
37287 50500 314
899758 890075 370
73077 78111 351
36381 55389 340
7311 25014 282
45021 111985 354
451587 437372 400
46326 97107 351
65891 50415 340
98998 81283 333
677006 679784 380
264944 263121 332
108375 65039 354
74060 17516 340
103472 1914 351
105642 90210 341
291039 291747 327
10076 79917 351
30407 98543 351
40354 69113 340
51959 78317 351
110978 11521 354
94790 85212 333
333888 339042 366
21542 104178 351
10050 81244 351
111781 63429 354
3253 16623 276
36143 9905 324
29219 53912 340
34365 73005 340
99955 9051 351
568285 569560 359
393429 397543 405
119007 117422 336
74103 19720 340
49480 62372 340
51253 102609 351
3739 4845 215
142757 142894 220
895067 893007 370
413022 408507 449
99138 70689 351
6368 5895 262
93100 70398 351
156306 158061 339
86920 52921 351
