1339620 1339620 68
66016 66016 43
1670906 1670906 208
1909539 1909539 79
1485004 1485004 164
866472 866472 52
1127397 1127397 135
376148 376148 56
1753195 1753195 177
803860 803860 114
87607 87607 103
1577669 1577669 239
405975 405975 206
55893 55893 154
348019 348019 180
1811194 1811194 115
1126945 1126945 109
1954648 1954648 203
408785 408785 100
533362 533362 59
614376 614376 173
170690 170690 153
835528 835528 114
398536 398536 162
792073 792073 101
1568674 1568674 71
1126402 1126402 91
972650 972650 65
433360 433360 188
198128 198128 174
1335241 1335241 117
289331 289331 190
780495 780495 225
1006146 1006146 91
715221 715221 124
265498 265498 45
388969 388969 74
1842617 1842617 172
1157998 1157998 223
658515 658515 217
646477 646477 279
1245604 1245604 112
236183 236183 138
1568803 1568803 71
1817849 1817849 172
1100553 1100553 148
1379996 1379996 200
1461145 1461145 182
1055200 1055200 104
305133 305133 110
1994506 1994506 115
185927 185927 117
992174 992174 140
1346385 1346385 231
584462 584462 160
1784246 1784246 190
1431410 1431410 169
1710863 1710863 84
1273247 1273247 218
1864769 1864769 84
425343 425343 188
1124839 1124839 161
670451 670451 292
1205837 1205837 68
130985 130985 163
1385672 1385672 76
1987687 1987687 229
1036305 1036305 104
1228288 1228288 81
1145684 1145684 148
1694820 1694820 128
1874764 1874764 133
907639 907639 171
447354 447354 188
1959918 1959918 172
1241839 1241839 143
1547907 1547907 195
1339914 1339914 94
1219335 1219335 143
1119458 1119458 60
161398 161398 215
1213840 1213840 68
1821737 1821737 234
1153571 1153571 73
1076576 1076576 73
406198 406198 206
1454169 1454169 107
507985 507985 59
633413 633413 80
727415 727415 212
889105 889105 145
1575107 1575107 58
1852254 1852254 234
1559556 1559556 182
1297295 1297295 174
499590 499590 183
945227 945227 52
1284981 1284981 125
1535894 1535894 195
173514 173514 135
947016 947016 127
1747065 1747065 128
564630 564630 116
371007 371007 92
194419 194419 73
524547 524547 103
129197 129197 75
1742325 1742325 97
380812 380812 105
1348532 1348532 200
1378134 1378134 112
542209 542209 116
1078723 1078723 210
1199870 1199870 91
212132 212132 125
155299 155299 184
1606068 1606068 120
1666300 1666300 71
1179635 1179635 192
755832 755832 119
910066 910066 264
68740 68740 82
847290 847290 158
1278671 1278671 174
144647 144647 127
144584 144584 96
1778260 1778260 146
1089873 1089873 148
1945917 1945917 92
1830506 1830506 58
1779738 1779738 146
1409284 1409284 81
1577570 1577570 164
344367 344367 105
1780290 1780290 97
288340 288340 45
1385266 1385266 200
425839 425839 113
30664 30664 60
1766077 1766077 128
1774370 1774370 159
1408798 1408798 156
824638 824638 207
853092 853092 176
608667 608667 266
1036769 1036769 197
1524742 1524742 133
731086 731086 150
1219420 1219420 205
704377 704377 155
3269 3269 44
645837 645837 54
1289468 1289468 130
850558 850558 326
1924508 1924508 216
1434114 1434114 182
1511494 1511494 89
219119 219119 68
1040338 1040338 135
1457410 1457410 213
49624 49624 97
820075 820075 83
866693 866693 96
143546 143546 145
1164442 1164442 192
1163335 1163335 205
431885 431885 219
1066059 1066059 73
1589173 1589173 146
978901 978901 91
832135 832135 176
1879894 1879894 141
904050 904050 140
1656772 1656772 177
732985 732985 137
29068 29068 73
1209892 1209892 161
774079 774079 132
1276506 1276506 125
429311 429311 126
1994807 1994807 216
1279774 1279774 125
1075148 1075148 78
1284274 1284274 156
646684 646684 155
1516007 1516007 182
1234739 1234739 86
158177 158177 171
1735125 1735125 190
275076 275076 146
131938 131938 70
301101 301101 159
1095150 1095150 179
998630 998630 184
960998 960998 70
775943 775943 88
678316 678316 93
1392882 1392882 156
1842001 1842001 110
267488 267488 146
