29291 57511 340
71993 106208 351
80585 53370 351
36158 101547 351
21135 17223 279
108558 67905 354
92670 79251 333
75582 16608 340
58654 20418 340
103110 37108 351
44567 57336 340
18062 102222 351
81397 110531 354
100494 43227 351
67177 4336 340
90942 37533 351
12774 45095 324
102734 35585 351
46157 11547 324
90949 75558 351
53330 33335 340
105112 4510 351
19201 86007 351
9736 84916 351
88364 16596 351
2675 24908 282
80935 55368 351
73937 75115 325
34945 95812 351
47048 20433 324
41352 89072 351
104448 94772 341
87723 86180 333
72332 76117 325
73255 90577 351
23125 35000 311
83283 51008 351
100794 102332 310
73734 33871 340
98290 48375 351
51334 85955 351
2629 98751 351
70190 69261 299
13342 67065 340
85523 79747 320
38842 68351 340
1149 103836 351
54494 78160 351
29088 2541 308
84073 47908 351
14993 32307 308
21204 57465 340
34338 71297 340
88794 58563 351
59720 80607 351
96905 12437 351
8726 14961 276
33400 108647 354
32078 66753 340
61835 97311 351
42773 67150 340
48571 56386 340
12789 85772 351
74448 39842 340
46960 93120 351
68451 82083 351
42696 44020 270
12970 57368 340
15438 58611 340
54486 8726 340
85616 38805 351
105576 105820 248
37297 16465 324
109599 18835 354
17299 77584 351
107743 60802 354
10025 51615 324
67634 3733 340
57962 17618 340
97461 10953 351
93885 67595 351
37957 111639 354
12682 39769 324
2087 95828 351
215 55511 340
103706 4820 351
77368 76890 351
17396 12385 276
15735 39523 324
11038 70927 340
88972 40254 351
9588 64022 340
80753 39070 351
35332 109118 354
101640 71660 351
12764 50660 324
112381 40199 354
10644 100778 351
94344 78497 338
86206 108015 354
16760 96402 351
11162 38048 324
63792 87631 351
97207 47256 351
44978 16281 324
97386 53936 351
90145 16260 351
49119 97740 351
27832 48538 324
88902 112012 354
79108 37925 351
48487 15603 324
70492 103170 351
79104 65425 351
4819 72725 340
9490 85655 351
71419 6916 340
64150 67160 299
39241 60248 340
101635 86417 341
59978 65790 335
97543 22824 351
61315 28301 340
2983 23124 279
22063 82343 351
104942 96528 341
73399 53206 335
53443 88684 351
27513 24572 308
13522 28427 308
62351 66638 330
13636 102550 351
62167 106206 351
95630 27130 351
8931 8767 185
85264 83940 320
94035 71154 351
27958 72398 340
2779 54392 340
36214 108356 354
37056 11496 324
47622 16209 324
90827 86485 333
32644 95057 351
3127 74301 340
104137 47755 351
42676 60755 340
111920 23440 354
14945 8971 276
48327 19748 324
89 89 31
99007 99007 284
437308 453531 400
453531 437308 400
392960 403130 405
604700 589777 403
604000 604000 266
999200 999999 396
999998 999168 396
