1 10 20
100 200 125
201 210 89
900 1000 174
500000 900123 470
153 437 144
123 3799 238
1 1 1
4357 7988 262
12 50 112
777777 999999 476
2 5 8
92 7 116
22 900999 470
111111 50434 354
100 5000 238
15000 25000 282
300000 4 443
50 60000 340
700000 850000 468
89052 560891 470
871923 421495 470
311894 951931 476
207951 779729 470
17504 600582 470
625489 831383 468
456144 145322 449
408013 218985 443
676490 370297 470
3212 4324 238
761 8911 262
8791 6637 257
500 600 137
84669 707816 470
328211 281633 389
336916 228639 443
736558 526346 452
7744 12000 268
362 497 142
222 333 144
46879 95413 351
51 234 128
7951 5647 262
91163 7974 351
651 981 179
1174 33 182
2 9 20
52 129 122
43 889 179
88991 100000 333
123456 987654 476
19 73 116
46 82 116
973 1648 182
258 456 144
159 951 179
753 963 179
7737 1468 262
8884 9176 247
1 10000 262
799 6831 262
70005 76133 325
18408 900272 470
665884 145796 470
254245 539992 470
45727 464775 449
782371 648833 468
705656 360168 470
450080 829034 470
108806 895534 470
232857 787860 470
626776 27037 470
471592 685287 470
975369 785636 476
526564 952313 476
76133 802997 470
56916 16600 340
25563 52907 340
16624 64646 340
8588 5358 262
4520 1981 238
5734 1090 238
5393 9378 262
7222 9776 260
550 202 144
17 800 171
668 9047 262
1879 6503 262
437 6461 262
9843 3333 262
641 7978 262
89 7311 262
79000 981811 476
33 77 116
105 754 171
237 935 179
11111 88974 351
3467 9123 262
43 588 144
13761 91919 351
