13044 45122 324
102765 100783 310
59692 9213 340
49426 42807 314
7605 33244 308
1831 6985 262
74659 67428 325
89667 33698 351
101191 19301 351
45989 18712 324
50823 98969 351
29282 62945 340
40560 74520 340
24469 100275 351
60827 79082 351
84161 55745 351
7305 23630 282
38721 39628 275
45746 30983 324
20586 25790 282
70382 40660 340
69219 84137 351
104174 39806 351
63755 94243 351
7229 86509 351
93405 36563 351
95162 100694 341
19700 11873 279
42052 45653 314
26813 66365 340
10772 80215 351
53788 16533 340
19198 48947 324
14811 99353 351
103153 16252 351
28070 13338 308
23155 6362 279
9694 3515 262
38745 83702 351
26596 53172 340
62528 60051 335
76174 40733 340
43325 88676 351
1384 46332 324
41032 82802 351
3894 82617 351
67820 10212 340
6765 67669 340
73469 74456 294
6793 16332 276
10512 108756 354
36652 48207 314
109703 14413 354
103223 90691 341
78192 53236 351
11410 93078 351
57744 37934 340
41888 4073 324
101169 88018 341
62336 100741 351
108793 50401 354
4534 8103 262
2762 6747 262
37900 86038 351
24546 39942 324
62506 79585 351
87851 97454 333
33944 89125 351
45257 20528 324
42439 14063 324
47670 70577 340
70666 81010 351
49999 81356 351
108481 64939 354
61135 21623 340
14753 23005 279
67649 102911 351
95575 1859 351
69516 106439 354
38006 19445 324
29013 39359 324
44574 58282 340
107437 90479 354
107099 77739 354
90837 8992 351
83519 3516 351
36214 20999 324
25024 25067 233
67265 78469 351
87324 72138 351
44232 86416 351
104201 31104 351
18015 55859 340
82841 137 351
33735 93121 351
64362 46567 340
105804 15307 351
59529 96214 351
28011 51448 324
1733 109922 354
32575 23108 308
44629 50235 314
57551 64236 335
83859 22983 351
43675 44972 270
57870 18152 340
71627 63362 330
40590 1062 324
22849 91444 351
92041 5150 351
101143 11449 351
66427 13333 340
8466 91895 351
67694 86933 351
32795 96418 351
47941 54676 340
61879 101106 351
22046 41950 324
94633 67059 351
16585 56459 340
54846 3572 340
88657 54097 351
101375 330 351
109930 59522 354
13757 35157 311
47483 105223 351
33519 28775 285
95137 88835 333
85356 76023 351
28213 55634 340
69971 100922 351
18171 58774 340
92623 108575 354
9404 67952 340
39228 109116 354
23549 15825 282
101400 40024 351
6234 8927 257
3548 105959 351
85719 65615 351
73421 72914 294
67321 28294 340
84096 3607 351
8092 13821 276
104452 29748 351
66421 92234 351
24974 32415 308
39164 20427 324
31471 87018 351
80397 97297 333
68899 63594 312
4547 69240 340
52082 1817 324
80605 25380 351
108009 99103 354
38992 40561 306
87146 22110 351
105484 26124 351
7280 84552 351
65088 70589 312
57366 35718 340
45411 107424 354
25699 73479 340
65448 22437 340
81357 4213 351
21717 73300 340
33089 13030 308
62006 100914 351
67976 20651 340
55054 88219 351
17804 97948 351
35494 26357 311
96054 6303 351
15628 3682 276
100050 47165 351
91989 46640 351
25220 68700 340
99111 84717 333
88556 56788 351
9936 54850 340
99808 92784 328
67561 55342 335
52334 34154 324
49469 65462 340
9750 108026 354
70196 102981 351
24436 55890 340
6427 41423 324
95923 62472 351
23424 37028 324
27874 69263 340
33516 44911 324
42137 13184 324
28754 75012 340
90115 48900 351
38519 99517 351
