1 10 20
100 200 125
201 210 89
900 1000 174
999 999 50
900 2100 182
999990 1000000 259
500 300 144
104953 12383 351
98618 99307 328
184972 186791 347
2496 110592 354
75716 104807 351
30319 62077 340
655512 655725 323
397601 395973 330
845787 845826 269
58507 81184 351
108915 58622 354
37622 45744 314
52361 3224 324
131524 133003 331
50807 69794 340
159752 160247 290
57915 48086 340
17180 13002 276
448541 448122 369
46460 80486 351
68656 49231 340
93466 26073 351
84106 27413 351
30724 96639 351
664772 657300 398
21496 17815 274
4631 26638 308
117725 121473 336
108271 58064 354
28185 111020 354
45015 24734 324
70171 71189 312
338033 333038 366
421716 422763 356
65966 102394 351
77853 21087 351
75863 35325 340
629472 629006 279
598359 590802 403
77504 74306 351
4317 7468 262
28559 65031 340
8555 42103 324
99703 47642 351
91247 37212 351
139320 146108 375
520285 520052 302
141367 144895 375
43388 11526 324
99959 23406 351
33264 13689 308
829666 829938 344
36528 100231 351
100424 41098 351
17288 8233 276
45337 26472 324
76064 97342 351
954740 954134 277
3654 58884 340
85561 80816 320
96302 31266 351
88385 48478 351
453316 441541 387
213191 226656 386
58430 25143 340
107964 30972 354
21841 54643 340
107568 5976 354
10924 105709 351
267506 259320 407
225632 214874 386
26308 75366 340
45901 25732 324
317745 317028 309
196600 191612 360
65464 21475 340
66464 86839 351
66929 19110 340
94452 60251 351
2606 80574 351
51097 112763 354
72534 8271 340
21898 88243 351
102919 86568 341
78504 83366 338
39240 19986 324
55384 35699 340
3810 49137 324
170347 183066 365
183583 179654 365
97359 58312 351
223260 215108 386
46254 84632 351
354720 343847 441
214581 218251 386
99885 28728 351
71026 66704 312
110753 9301 354
549343 546181 452
21987 36838 324
