42162 104730 351
102375 20463 351
93293 312 351
3892 77378 351
49890 110692 354
106584 4058 354
47251 80500 351
109309 99219 354
30120 53294 340
1931 75178 340
28138 71261 340
19572 108896 354
31320 42903 324
23555 24792 264
112375 26659 354
19439 112278 354
27089 48405 324
7172 62868 340
41383 57906 340
98553 77901 338
35568 17902 311
56864 16884 340
45801 84833 351
87976 89729 333
107836 43280 354
35113 107317 354
96744 95565 297
46350 3645 324
50279 48949 296
107726 51635 354
84388 70448 351
82041 19200 351
56754 107613 354
97535 105689 341
21583 9023 279
77183 11223 351
109715 94081 354
7469 3344 262
109307 83087 354
99683 71235 351
76150 13688 340
76028 40157 340
2498 83034 351
8564 26261 282
100724 106128 341
87267 67548 351
64071 18648 340
44157 3777 324
89948 74592 351
87194 103832 341
87797 3650 351
12836 75053 340
18018 88756 351
31523 111333 354
75616 36841 340
68219 63786 312
30898 12470 308
52787 7056 340
104151 71879 351
86338 55948 351
69810 15499 340
92396 30892 351
19260 61831 340
111850 17634 354
77244 6539 351
52562 112038 354
46755 97621 351
80944 74497 351
71156 62542 330
39217 61444 340
32602 17238 308
22153 45392 324
56805 34696 340
82732 2443 351
80495 76501 351
51497 44177 314
105433 84091 341
36365 41846 306
112606 76168 354
68303 44148 340
15144 60052 340
41934 95640 351
75895 29477 340
72115 26879 340
44344 83707 351
71221 13021 340
12922 51798 324
57430 43881 340
3919 46406 324
68231 2012 340
87221 64592 351
88439 642 351
21367 24405 282
68692 64870 312
16372 60982 340
85078 69591 351
21517 51989 324
66513 45796 340
18160 4713 279
47158 63877 340
