1 10 20
100 200 125
201 210 89
900 1000 174
1 1 1
1000 10000 262
10000 100000 351
1 13255 276
1 17646 276
1 17647 279
1 2 2
1 3 8
1 6 9
1 7 17
1 9 20
1 18 21
1 25 24
1 27 112
1 54 113
1 73 116
1 97 119
1 129 122
1 171 125
1 231 128
1 313 131
1 327 144
1 649 145
1 703 171
1 871 179
1 1161 182
1 2223 183
1 2463 209
1 2919 217
1 3711 238
1 6171 262
1 10971 268
1 13255 276
1 17647 279
1 23529 282
1 26623 308
1 34239 311
1 35655 324
1 52527 340
1 77031 351
1 106239 354
4 4 3
4 5 6
10 10 7
11 11 15
12 14 18
19 19 21
28 31 107
28 41 110
55 55 113
98 108 114
130 145 117
172 193 120
232 235 128
328 411 134
328 487 142
650 654 145
704 763 153
872 937 174
1162 1249 177
1162 1665 180
2224 2322 183
2464 2631 191
2920 3175 199
2920 3695 207
3712 4379 215
3712 5567 236
6172 6591 244
6172 6943 257
6172 9257 260
10972 12342 263
13256 14695 271
17648 17673 279
26634 31419 285
34240 35497 311
35656 45127 314
52528 53483 322
52528 60975 335
77032 78791 338
77032 100167 341
1001 2000 182
2001 3000 217
3001 4000 238
4001 5000 215
5001 6000 236
6001 7000 262
7001 8000 252
8001 9000 247
9001 10000 260
10001 11000 268
11001 12000 250
12001 13000 263
13001 14000 276
14001 15000 271
15001 16000 271
16001 17000 266
17001 18000 279
18001 19000 261
19001 20000 274
20001 21000 256
21001 22000 269
22001 23000 269
23001 24000 282
24001 25000 264
25001 26000 264
26001 27000 308
27001 28000 259
28001 29000 259
29001 30000 272
30001 31000 272
31001 32000 285
32001 33000 267
33001 34000 267
34001 35000 311
35001 36000 324
36001 37000 249
37001 38000 306
38001 39000 244
39001 40000 306
40001 41000 288
41001 42000 257
42001 43000 288
43001 44000 270
44001 45000 270
45001 46000 314
46001 47000 283
47001 48000 314
48001 49000 296
49001 50000 296
50001 51000 278
51001 52000 309
52001 53000 340
53001 54000 322
54001 55000 260
55001 56000 260
56001 57000 322
57001 58000 304
58001 59000 273
59001 60000 304
60001 61000 335
61001 62000 317
62001 63000 286
63001 64000 330
64001 65000 299
65001 66000 268
66001 67000 268
67001 68000 312
68001 69000 312
69001 70000 299
70001 71000 312
71001 72000 325
72001 73000 263
73001 74000 294
74001 75000 325
75001 76000 307
76001 77000 307
77001 78000 351
78001 79000 338
79001 80000 307
80001 81000 320
81001 82000 320
82001 83000 320
83001 84000 289
84001 85000 320
85001 86000 302
86001 87000 302
87001 88000 333
88001 89000 333
89001 90000 315
90001 91000 315
91001 92000 333
92001 93000 315
93001 94000 284
94001 95000 315
95001 96000 328
96001 97000 297
97001 98000 297
98001 99000 284
99001 100000 328
100001 101000 341
