963920 966769 365
716572 716593 305
163649 167286 352
709499 713119 411
33995 95360 351
360484 361974 366
728139 728565 287
483554 483570 214
752812 752972 287
317071 318562 309
648411 648727 323
980770 980879 321
247364 251848 350
150491 150499 140
580065 580405 253
521944 522877 333
568301 569544 359
404580 405195 343
342883 357919 441
166589 167261 321
966163 966785 365
193662 195736 360
650821 650840 248
623403 625921 385
90636 108972 354
354078 358325 379
332111 333546 335
303703 304776 340
724014 725336 362
186764 187687 329
29458 93104 351
183072 183198 254
743567 744293 318
56413 84541 351
910718 911452 339
319818 320073 278
232228 236720 381
90227 96784 333
176009 177377 334
217729 221280 355
423657 424132 418
317154 317266 278
782018 782123 225
950122 950205 308
129876 130973 344
86976 94225 333
4549 15967 276
49353 71072 340
401175 401463 268
384623 384691 211
190756 191312 254
887366 889563 401
439788 449921 369
192606 194905 347
66948 97955 351
943907 943948 277
727095 728376 318
658885 662335 354
815699 815733 238
393915 394540 361
992864 993393 352
174738 179518 347
443385 449185 369
587352 587633 284
454084 456313 338
764940 765044 256
841563 841686 313
270827 276191 358
816506 816714 300
176674 180511 365
452760 452796 294
824776 826877 344
486696 486932 382
988293 990419 352
376295 376642 423
796079 796098 468
9201 69366 340
723619 723895 274
974388 974625 321
123899 126920 331
866984 867660 344
418890 419174 237
353889 354266 273
669590 669606 261
708343 711877 380
178948 182533 365
173297 176400 347
622100 622454 310
677649 680002 380
833556 833630 357
741633 743750 349
6137 26918 308
476515 476600 276
349196 351666 379
99319 111797 354
186279 187482 347
513901 516363 395
976944 977507 334
443997 445688 338
834240 835183 344
98443 105392 341
680633 680907 336
784083 784927 313
892257 895457 370
88924 106139 341
32869 106892 354
649529 650734 341
461232 466052 444
523216 523402 271
357844 358226 379
102132 107356 354
363107 363112 224
990789 991001 290
237302 238150 350
870174 870883 326
825428 825875 344
731448 732241 380
746637 746996 287
754378 755296 318
835787 836077 282
377736 377800 361
223270 224524 324
268067 268147 239
783964 785684 313
738481 747205 424
931775 931798 246
487551 487753 289
608829 611570 359
674718 674792 199
509541 509647 258
523641 523915 302
881826 882031 326
722911 722923 243
970180 970634 458
220305 222357 355
123627 131711 344
663101 664689 367
137658 137706 207
241128 241544 275
598840 603569 403
131205 132298 331
825058 825498 313
235668 237629 350
185616 189623 347
454401 457792 356
327759 328037 322
995117 996876 365
775780 775784 163
467732 476742 413
999262 999957 396
774728 774863 207
108835 109935 310
168163 168210 259
106199 108789 354
677646 678132 336
83269 86157 320
897994 899108 370
532858 535179 377
122684 128568 331
659211 661421 354
540434 540476 346
124619 131469 344
444184 448334 369
363659 367602 361
2748 22008 279
439083 444564 356
953860 954970 383
576453 577227 390
816016 816028 207
573852 573856 328
328606 329868 353
936114 936760 339
895898 899447 370
3463 94225 351
447107 453001 387
169082 169723 290
109007 110593 310
506909 509373 382
238681 238784 244
412543 413672 343
665207 665208 116
486294 486512 320
654551 654552 186
483311 483587 276
854019 854079 357
969844 970876 458
108864 110330 310
780603 780606 155
876404 881582 401
708546 709804 349
691030 692469 442
249758 252330 332
379800 381000 379
796037 796081 207
794187 795171 300
216725 217933 342
280274 280449 314
844704 847709 419
377094 377313 286
616567 620969 372
