1987 96325 351
97785 68494 351
298971 296898 371
104414 32798 351
742269 739637 393
67017 88877 351
41133 53878 340
16201 60586 340
633469 632217 354
112033 11424 354
111286 77794 354
59698 29060 340
81968 70557 351
899313 899236 251
80754 21729 351
19776 29051 308
86404 108300 354
37667 69850 340
23415 35595 311
35063 86237 351
99148 112519 354
57375 86111 351
53561 39820 340
46812 43798 314
58817 11164 340
412343 412975 343
113156 28769 354
15220 2600 276
41538 84657 351
576378 576981 390
18697 70921 340
61761 13013 340
59666 59750 242
492521 493337 426
92366 35927 351
744091 743078 318
618284 618978 310
124492 128415 331
23961 7230 282
89385 69868 351
438477 441252 400
11936 49177 324
549133 551452 346
91950 28639 351
79380 103360 341
60068 82079 351
70055 23188 340
88473 59222 351
132678 117473 344
401153 402446 299
26355 82373 351
40615 40298 244
222510 217464 355
682670 683674 336
64268 26749 340
112751 67584 354
586193 583357 434
46433 33445 324
26556 35357 311
295395 296553 327
107356 69648 354
721978 722898 411
68555 106191 351
32103 30156 285
37392 39629 306
844678 846969 401
101252 3509 351
73206 76109 325
109474 58436 354
27327 96017 351
101526 59659 351
97307 57833 351
47512 67446 340
528056 528939 377
228494 232221 443
53967 46893 340
55558 87206 351
48289 52054 309
18679 54080 340
32390 90511 351
195273 192403 347
118490 128574 336
83837 68959 351
233599 227747 443
104996 19443 351
234442 234314 275
67384 8476 340
745451 747015 349
46385 61306 340
48292 100319 351
34506 5811 311
95621 46433 351
171852 176693 347
97651 40249 351
689064 688644 292
57627 50251 340
992952 992246 352
595980 591810 403
890775 891663 326
28217 34075 285
60139 88687 351
46344 101031 351
39379 51948 314
900493 892100 370
898769 890313 370
73976 78926 351
38257 56028 340
7457 26835 308
46681 112150 354
369616 375976 392
47752 97421 351
67612 52285 340
340552 353097 441
99839 82995 333
265646 263143 332
108735 66353 354
75008 17972 340
104750 2302 351
106987 90919 354
292594 292549 296
12213 80625 351
30631 100184 351
41809 69493 340
383105 383667 330
53073 78817 351
112810 13516 354
95587 85416 333
22570 104557 351
10527 81513 351
112405 65407 354
4033 17855 279
37815 11052 324
29915 54644 340
36210 75000 340
100656 9423 351
569143 569640 359
44307 8 324
394797 397645 330
121001 119132 318
74307 21793 340
50380 63545 340
53126 104336 351
4233 5940 236
144174 144413 326
895680 893037 370
413420 408928 449
99857 71201 351
7618 6407 257
93216 70472 351
156808 158897 339
