98117 29218 351
42582 7820 324
45381 19590 324
41662 28872 324
26075 78059 351
819770 820089 450
95771 10966 351
442224 449968 369
50529 105200 351
292231 302140 371
79374 90448 333
1428 77842 351
226854 231795 443
904435 903525 295
179074 181862 365
51238 5080 324
24699 108725 354
40497 112890 354
47923 41705 314
188446 187133 329
100033 6285 351
14269 98390 351
43775 43051 257
18299 90155 351
85800 109441 354
42906 84872 351
124237 131784 344
60715 25213 340
61367 27389 340
95530 91432 333
35186 36414 324
66199 62015 330
111441 5037 354
83366 104353 341
55552 67066 335
897378 893321 370
131793 129731 344
237240 239220 350
61670 38369 340
890118 894345 339
418465 417907 343
16347 83127 351
517743 523323 439
94115 2457 351
123912 127477 331
2776 45751 324
120507 134152 344
54589 85686 351
468394 474076 382
84402 85150 289
77800 38271 351
57133 50557 340
27070 106106 351
95708 19352 351
164220 163494 321
103471 2328 351
24397 101366 351
90174 72701 351
89875 15241 351
105229 104002 341
88249 44017 351
54480 12568 340
45515 84640 351
45871 34696 324
984877 990602 427
833149 831006 419
58401 94934 351
912066 911007 383
56478 83736 351
74297 96023 351
836732 834498 344
14807 106158 351
618624 614929 447
5351 82577 351
110635 61973 354
947505 950490 383
37688 61144 340
107593 7929 354
106593 15853 354
102704 32484 351
150030 142957 370
90787 84046 333
18860 106226 351
12426 91939 351
49772 9491 324
120500 130337 344
53451 8115 340
173893 170571 347
636711 631950 416
598033 590635 403
34854 78580 351
334900 334312 322
21425 72513 340
79714 30721 351
54147 36874 340
49873 49486 296
616793 620811 372
28400 4407 308
468787 471539 351
489634 489156 351
593152 602700 403
54584 30018 340
172725 170842 334
17845 80859 351
9891 72809 340
102040 33666 351
7364 111152 354
16579 85725 351
6485 83989 351
19497 78256 351
250146 253855 332
