1 10 20
100 200 125
201 210 89
900 1000 174
1 1 1
430695 430529 219
484470 484377 183
609863 611994 354
692100 693078 323
531050 526750 377
244 246 48
374 115 144
136 240 128
362 730 171
475 625 142
919 897 130
539 136 144
428 23 144
575 391 142
554 853 171
289 432 144
418 634 142
210 451 144
260 800 171
177 744 171
169 22 122
145 893 179
592 217 144
740 961 179
419 749 171
463 769 171
97 246 128
402 207 144
731 259 171
952 930 174
269 873 179
209 787 171
862 412 171
611 80 144
479 543 142
516 157 144
833 679 171
68 558 144
185 142 125
960 529 179
461 356 134
935 272 179
187 714 171
786 275 171
769 937 179
694 749 171
745 646 171
200 34 125
392 921 179
604 394 142
39 222 125
918 168 179
958 778 179
374 715 171
681 444 145
316 144 131
296 619 144
949 640 179
820 904 179
783 364 171
358 292 144
686 905 179
848 177 171
839 50 171
841 103 171
471 2 144
683 761 171
397 954 179
680 204 145
989 263 179
273 978 179
265 923 179
884 903 148
275 341 144
151 488 144
433 688 145
570 668 145
43 605 144
682 150 145
128 729 171
5205 4579 210
9004 8588 247
475 8754 262
7583 5507 262
1675 2679 209
5876 2319 238
9944 8962 260
9519 3983 262
5713 3079 238
7209 1757 262
9804 4829 262
7793 1252 262
7152 1589 262
1856 1077 182
5079 5888 236
9779 7665 260
2970 4958 238
3883 5278 215
2284 2060 183
5846 2848 238
1390 5611 238
9305 2447 262
7611 3576 262
7979 9593 260
3822 5123 215
9983 7895 260
1321 6316 262
1634 9964 262
7608 499 262
8178 1173 262
2957 9981 262
2827 1319 209
4833 3557 238
9406 3127 262
3509 3170 199
2033 2890 209
5666 3430 238
8689 2313 262
8066 4668 262
4411 7371 262
8836 5336 262
6274 8117 257
5879 3791 236
2327 6755 262
6964 5331 262
3278 1941 217
4063 4734 215
973 7370 262
466 771 171
5512 7725 262
